
=== Fri Aug 13 22:13:27 2021

Packages were changed.
Update Mode: mergeDefaultDependencies

The following packages were added:
  com.unity.collab-proxy@1.6.0
  com.unity.ide.rider@1.2.1
  com.unity.ide.visualstudio@2.0.9
  com.unity.ide.vscode@1.2.3
  com.unity.modules.androidjni@1.0.0
  com.unity.modules.cloth@1.0.0
  com.unity.modules.terrainphysics@1.0.0
  com.unity.modules.tilemap@1.0.0
  com.unity.modules.umbra@1.0.0
  com.unity.modules.unityanalytics@1.0.0
  com.unity.modules.vehicles@1.0.0
  com.unity.modules.video@1.0.0
  com.unity.modules.wind@1.0.0
  com.unity.ugui@1.0.0
The following packages were updated:
  com.unity.cinemachine from version 2.6.3 to 2.6.5
  com.unity.test-framework from version 1.1.22 to 1.1.27
  com.unity.textmeshpro from version 2.1.3 to 2.1.6

=== Tue Nov  2 21:45:15 2021

Packages were changed.
Update Mode: updateDependencies

The following packages were updated:
  com.unity.collab-proxy from version 1.6.0 to 1.12.5
  com.unity.ide.vscode from version 1.2.3 to 1.2.4
  com.unity.test-framework from version 1.1.27 to 1.1.29
