Unity Editor version:    2020.3.21f1 (a38c86f6690f)
Branch:                  2020.3/staging
Build type:              Release
Batch mode:              YES
macOS version:           Version 12.0.1 (Build 21A559)
Darwin version:          21.1.0
Architecture:            x86_64
Running under Rosetta:   YES
Available memory:        16384 MB
Using pre-set license
Pro License: NO

COMMAND LINE ARGUMENTS:
/Applications/Unity/Hub/Editor/2020.3.21f1/Unity.app/Contents/MacOS/Unity
-adb2
-batchMode
-noUpm
-name
AssetImportWorker0
-projectPath
/Volumes/External/Users/gumlooter/Dropbox/My Mac (mini.local)/Documents/Developer/UnityEssentials_RealTimeAudio
-logFile
Logs/AssetImportWorker0.log
-srvPort
62859
Successfully changed project path to: /Volumes/External/Users/gumlooter/Dropbox/My Mac (mini.local)/Documents/Developer/UnityEssentials_RealTimeAudio
/Volumes/External/Users/gumlooter/Dropbox/My Mac (mini.local)/Documents/Developer/UnityEssentials_RealTimeAudio
Using Asset Import Pipeline V2.
Refreshing native plugins compatible for Editor in 53.85 ms, found 2 plugins.
Preloading 0 native plugins for Editor in 0.00 ms.
Initialize engine version: 2020.3.21f1 (a38c86f6690f)
[Subsystems] Discovering subsystems at path /Applications/Unity/Hub/Editor/2020.3.21f1/Unity.app/Contents/Resources/UnitySubsystems
[Subsystems] Discovering subsystems at path /Volumes/External/Users/gumlooter/Dropbox/My Mac (mini.local)/Documents/Developer/UnityEssentials_RealTimeAudio/Assets
GfxDevice: creating device client; threaded=0
2021-11-03 12:30:41.859 Unity[9616:136489] (null) preferred device: Apple M1 (high power)
2021-11-03 12:30:41.859 Unity[9616:136489] Metal devices available: 1
2021-11-03 12:30:41.859 Unity[9616:136489] 0: Apple M1 (high power)
2021-11-03 12:30:41.859 Unity[9616:136489] Using device Apple M1 (high power)
Initializing Metal device caps: Apple M1
Initialize mono
Mono path[0] = '/Applications/Unity/Hub/Editor/2020.3.21f1/Unity.app/Contents/Managed'
Mono path[1] = '/Applications/Unity/Hub/Editor/2020.3.21f1/Unity.app/Contents/MonoBleedingEdge/lib/mono/unityjit'
Mono config path = '/Applications/Unity/Hub/Editor/2020.3.21f1/Unity.app/Contents/MonoBleedingEdge/etc'
Using monoOptions --debugger-agent=transport=dt_socket,embedding=1,server=y,suspend=n,address=127.0.0.1:56616
Begin MonoManager ReloadAssembly
Registering precompiled unity dll's ...
Register platform support module: /Applications/Unity/Hub/Editor/2020.3.21f1/PlaybackEngines/WebGLSupport/UnityEditor.WebGL.Extensions.dll
Register platform support module: /Applications/Unity/Hub/Editor/2020.3.21f1/Unity.app/Contents/PlaybackEngines/MacStandaloneSupport/UnityEditor.OSXStandalone.Extensions.dll
Registered in 0.001451 seconds.
Native extension for OSXStandalone target not found
Native extension for WebGL target not found
Refreshing native plugins compatible for Editor in 58.60 ms, found 2 plugins.
Preloading 0 native plugins for Editor in 0.00 ms.
Mono: successfully reloaded assembly
- Completed reload, in  2.228 seconds
Domain Reload Profiling:
	ReloadAssembly (2228ms)
		BeginReloadAssembly (79ms)
			ExecutionOrderSort (0ms)
			DisableScriptedObjects (0ms)
			BackupInstance (0ms)
			ReleaseScriptingObjects (0ms)
			CreateAndSetChildDomain (2ms)
		EndReloadAssembly (982ms)
			LoadAssemblies (78ms)
			RebuildTransferFunctionScriptingTraits (0ms)
			SetupTypeCache (182ms)
			ReleaseScriptCaches (0ms)
			RebuildScriptCaches (40ms)
			SetupLoadedEditorAssemblies (517ms)
				LogAssemblyErrors (0ms)
				InitializePlatformSupportModulesInManaged (13ms)
				SetLoadedEditorAssemblies (0ms)
				RefreshPlugins (59ms)
				BeforeProcessingInitializeOnLoad (76ms)
				ProcessInitializeOnLoadAttributes (276ms)
				ProcessInitializeOnLoadMethodAttributes (93ms)
				AfterProcessingInitializeOnLoad (0ms)
				EditorAssembliesLoaded (1ms)
			ExecutionOrderSort2 (0ms)
			AwakeInstancesAfterBackupRestoration (0ms)
Platform modules already initialized, skipping
Registering precompiled user dll's ...
Registered in 0.006152 seconds.
Begin MonoManager ReloadAssembly
Native extension for OSXStandalone target not found
Native extension for WebGL target not found
Refreshing native plugins compatible for Editor in 55.94 ms, found 2 plugins.
Preloading 0 native plugins for Editor in 0.00 ms.
Mono: successfully reloaded assembly
- Completed reload, in  2.520 seconds
Domain Reload Profiling:
	ReloadAssembly (2522ms)
		BeginReloadAssembly (275ms)
			ExecutionOrderSort (0ms)
			DisableScriptedObjects (30ms)
			BackupInstance (0ms)
			ReleaseScriptingObjects (0ms)
			CreateAndSetChildDomain (39ms)
		EndReloadAssembly (2130ms)
			LoadAssemblies (243ms)
			RebuildTransferFunctionScriptingTraits (0ms)
			SetupTypeCache (405ms)
			ReleaseScriptCaches (1ms)
			RebuildScriptCaches (57ms)
			SetupLoadedEditorAssemblies (1152ms)
				LogAssemblyErrors (0ms)
				InitializePlatformSupportModulesInManaged (13ms)
				SetLoadedEditorAssemblies (0ms)
				RefreshPlugins (56ms)
				BeforeProcessingInitializeOnLoad (178ms)
				ProcessInitializeOnLoadAttributes (873ms)
				ProcessInitializeOnLoadMethodAttributes (29ms)
				AfterProcessingInitializeOnLoad (2ms)
				EditorAssembliesLoaded (1ms)
			ExecutionOrderSort2 (0ms)
			AwakeInstancesAfterBackupRestoration (30ms)
Platform modules already initialized, skipping
Validating Project structure ... 0.003222 seconds.
Shader import version has changed; will reimport all shaders...
Upgrading shader files ...0.003207 seconds.
Application.AssetDatabase Initial Script Refresh Start
RefreshInfo: InitialScriptRefreshV2(NoUpdateAssetOptions) scanfilter:  ... 1 filters
RefreshProfiler: Total: 0.000ms
Application.AssetDatabase Initial Script Refresh End
Application.AssetDatabase.Refresh Start
Application.AssetDatabase.Refresh End
RefreshInfo: StopAssetImportingV2(ForceSynchronousImport) scanfilter: 
RefreshProfiler: Total: 0.000ms
Launching external process: /Applications/Unity/Hub/Editor/2020.3.21f1/Unity.app/Contents/Tools/UnityShaderCompiler
Launched and connected shader compiler UnityShaderCompiler after 0.03 seconds
Initializing Unity extensions:
2021-11-03 12:30:49.058 Unity[9616:136489] NSEventModifierFlagFunction specified to -setKeyEquivalentModifierMask: for item <NSMenuItem: 0x6000006fdab0 Font Asset, ke='Command-F12'>, but is only supported for system-provided menu items; will not be used
2021-11-03 12:30:49.062 Unity[9616:136489] NSEventModifierFlagFunction specified to -setKeyEquivalentModifierMask: for item <NSMenuItem: 0x6000006e51f0 Font Asset, ke='Command-F12'>, but is only supported for system-provided menu items; will not be used
========================================================================
Worker process is ready to serve import requests
Refreshing native plugins compatible for Editor in 0.59 ms, found 2 plugins.
Preloading 0 native plugins for Editor in 0.00 ms.
Unloading 2805 Unused Serialized files (Serialized files now loaded: 0)
System memory in use before: 269.2 MB.
System memory in use after: 269.0 MB.

Unloading 121 unused Assets to reduce memory usage. Loaded Objects now: 3279.
Total: 3.003625 ms (FindLiveObjects: 0.281167 ms CreateObjectMapping: 0.069417 ms MarkObjects: 2.443875 ms  DeleteObjects: 0.207917 ms)

AssetImportParameters requested are different than current active one (requested -> active):
  custom:video-decoder-ogg-theora: a1e56fd34408186e4bbccfd4996cb3dc -> 
  custom:container-muxer-webm: aa71ff27fc2769a1b78a27578f13a17b -> 
  custom:container-demuxer-webm: 4f35f7cbe854078d1ac9338744f61a02 -> 
  custom:container-demuxer-ogg: 62fdf1f143b41e24485cea50d1cbac27 -> 
  custom:video-encoder-webm-vp8: eb34c28f22e8b96e1ab97ce403110664 -> 
  custom:framework-osx-AVFoundation: e770b220cccbd017edd2c1fefb359320 -> 
  custom:video-decoder-webm-vp8: 9c59270c3fd7afecdb556c50c9e8de78 -> 
  custom:audio-decoder-ogg-vorbis: bf7c407c2cedff20999df2af8eb42d56 -> 
  custom:audio-encoder-webm-vorbis: bf7c407c2cedff20999df2af8eb42d56 -> 
========================================================================
Received Import Request.
  path: Assets/Free Pack/Computer explosion 6 - Alarm.wav
  artifactKey: Guid(65b3207f91d67094e87be85dbe54c89d) Importer(815301076,1909f56bfc062723c751e8b465ee728b)
Start importing Assets/Free Pack/Computer explosion 6 - Alarm.wav using Guid(65b3207f91d67094e87be85dbe54c89d) Importer(815301076,1909f56bfc062723c751e8b465ee728b)  -> (artifact id: '3da10fca7e727a0ded5aca587b8c07f1') in 0.769100 seconds 
  Import took 0.773753 seconds .

========================================================================
Received Import Request.
  Time since last request: 0.003174 seconds.
  path: Assets/Free Pack/Explosion 8.wav
  artifactKey: Guid(d47e6ed162da1f740ad807d00f4679f3) Importer(815301076,1909f56bfc062723c751e8b465ee728b)
Start importing Assets/Free Pack/Explosion 8.wav using Guid(d47e6ed162da1f740ad807d00f4679f3) Importer(815301076,1909f56bfc062723c751e8b465ee728b)  -> (artifact id: 'decb17e1d09a31bffc736bb5f0daf050') in 0.012231 seconds 
  Import took 0.016508 seconds .

========================================================================
Received Import Request.
  Time since last request: 0.000315 seconds.
  path: Assets/Free Pack/Flare gun 5-2.wav
  artifactKey: Guid(0bd05763df902854a80475577a26666a) Importer(815301076,1909f56bfc062723c751e8b465ee728b)
Start importing Assets/Free Pack/Flare gun 5-2.wav using Guid(0bd05763df902854a80475577a26666a) Importer(815301076,1909f56bfc062723c751e8b465ee728b)  -> (artifact id: '1ece3a0bd75e4394c89e15248567f996') in 0.009441 seconds 
  Import took 0.013308 seconds .

========================================================================
Received Import Request.
  Time since last request: 0.000137 seconds.
  path: Assets/Free Pack/Metal Impact 7.wav
  artifactKey: Guid(2e071f5b8b8467d45a5e6e24c23c6ad4) Importer(815301076,1909f56bfc062723c751e8b465ee728b)
Start importing Assets/Free Pack/Metal Impact 7.wav using Guid(2e071f5b8b8467d45a5e6e24c23c6ad4) Importer(815301076,1909f56bfc062723c751e8b465ee728b)  -> (artifact id: '726ebb886d72a4a5e798e593d12a9ab7') in 0.007998 seconds 
  Import took 0.011685 seconds .

========================================================================
Received Import Request.
  Time since last request: 0.000253 seconds.
  path: Assets/Free Pack/Easy Going Medieval Tavern - Loop.wav
  artifactKey: Guid(cdfab68e200464842847522ffb19ae13) Importer(815301076,1909f56bfc062723c751e8b465ee728b)
Start importing Assets/Free Pack/Easy Going Medieval Tavern - Loop.wav using Guid(cdfab68e200464842847522ffb19ae13) Importer(815301076,1909f56bfc062723c751e8b465ee728b)  -> (artifact id: 'c5cbe261369d1f0772b78e58396ee941') in 0.008031 seconds 
  Import took 0.011448 seconds .

========================================================================
Received Import Request.
  Time since last request: 0.000143 seconds.
  path: Assets/Free Pack/Ghost Manifestation 2.wav
  artifactKey: Guid(618be86712ffac947997f96463301683) Importer(815301076,1909f56bfc062723c751e8b465ee728b)
Start importing Assets/Free Pack/Ghost Manifestation 2.wav using Guid(618be86712ffac947997f96463301683) Importer(815301076,1909f56bfc062723c751e8b465ee728b)  -> (artifact id: '5ea1894e8d9bd0ddefe720d279d61b79') in 0.007674 seconds 
  Import took 0.010861 seconds .

========================================================================
Received Import Request.
  Time since last request: 0.000162 seconds.
  path: Assets/Free Pack/Magic Spell_Coins_2.wav
  artifactKey: Guid(34f9cbd28a9740349b6cc2f5e280dda3) Importer(815301076,1909f56bfc062723c751e8b465ee728b)
Start importing Assets/Free Pack/Magic Spell_Coins_2.wav using Guid(34f9cbd28a9740349b6cc2f5e280dda3) Importer(815301076,1909f56bfc062723c751e8b465ee728b)  -> (artifact id: 'af1fa4f2f32241e6a121548b41c41e80') in 0.006710 seconds 
  Import took 0.010683 seconds .

========================================================================
Received Import Request.
  Time since last request: 0.000231 seconds.
  path: Assets/Free Pack/Indiana Jones Punch.wav
  artifactKey: Guid(e1a75776f005439469f89a17a986c567) Importer(815301076,1909f56bfc062723c751e8b465ee728b)
Start importing Assets/Free Pack/Indiana Jones Punch.wav using Guid(e1a75776f005439469f89a17a986c567) Importer(815301076,1909f56bfc062723c751e8b465ee728b)  -> (artifact id: '10ae52990c8e04433e0d6a8359c681fa') in 0.009084 seconds 
  Import took 0.013955 seconds .

========================================================================
Received Import Request.
  Time since last request: 0.000258 seconds.
  path: Assets/Free Pack/Magic Spell - Turn to stone.wav
  artifactKey: Guid(5fe4bc0609c03e24097e0cb3666a4fb5) Importer(815301076,1909f56bfc062723c751e8b465ee728b)
Start importing Assets/Free Pack/Magic Spell - Turn to stone.wav using Guid(5fe4bc0609c03e24097e0cb3666a4fb5) Importer(815301076,1909f56bfc062723c751e8b465ee728b)  -> (artifact id: 'c7081852bd31311062b21b2a532130ad') in 0.007862 seconds 
  Import took 0.012336 seconds .

========================================================================
Received Import Request.
  Time since last request: 0.000207 seconds.
  path: Assets/Free Pack/Laser Multiple shots 1.wav
  artifactKey: Guid(c9bb4171cafd3dd47829336ea4c8d988) Importer(815301076,1909f56bfc062723c751e8b465ee728b)
Start importing Assets/Free Pack/Laser Multiple shots 1.wav using Guid(c9bb4171cafd3dd47829336ea4c8d988) Importer(815301076,1909f56bfc062723c751e8b465ee728b)  -> (artifact id: '79c6084275d00143d1e25706d5a0cf4f') in 0.010058 seconds 
  Import took 0.013867 seconds .

========================================================================
Received Import Request.
  Time since last request: 0.000163 seconds.
  path: Assets/Free Pack/Metal impact 5.wav
  artifactKey: Guid(958408b32ccf3714ea02821877b0870c) Importer(815301076,1909f56bfc062723c751e8b465ee728b)
Start importing Assets/Free Pack/Metal impact 5.wav using Guid(958408b32ccf3714ea02821877b0870c) Importer(815301076,1909f56bfc062723c751e8b465ee728b)  -> (artifact id: '9939b650447a5caf55ff27e990b3f2db') in 0.009303 seconds 
  Import took 0.012900 seconds .

========================================================================
Received Import Request.
  Time since last request: 0.000181 seconds.
  path: Assets/Free Pack/Bullet Impacts - Multiple 1.wav
  artifactKey: Guid(0b93f9af63befa2478916a5396131fff) Importer(815301076,1909f56bfc062723c751e8b465ee728b)
Start importing Assets/Free Pack/Bullet Impacts - Multiple 1.wav using Guid(0b93f9af63befa2478916a5396131fff) Importer(815301076,1909f56bfc062723c751e8b465ee728b)  -> (artifact id: 'ef533789cde16ad3e6c7d5e2a487faaa') in 0.007585 seconds 
  Import took 0.011353 seconds .

========================================================================
Received Import Request.
  Time since last request: 0.000437 seconds.
  path: Assets/Free Pack/Monster Bite on Armor.wav
  artifactKey: Guid(8ebcb6234d419344daa712ba65bb3798) Importer(815301076,1909f56bfc062723c751e8b465ee728b)
Start importing Assets/Free Pack/Monster Bite on Armor.wav using Guid(8ebcb6234d419344daa712ba65bb3798) Importer(815301076,1909f56bfc062723c751e8b465ee728b)  -> (artifact id: '2251b70ad9ea06436c4aea7976c1421c') in 0.011057 seconds 
  Import took 0.015806 seconds .

========================================================================
Received Import Request.
  Time since last request: 0.000219 seconds.
  path: Assets/Free Pack/Laser Impact Light_6.wav
  artifactKey: Guid(bb6cdd13aeb95f743847b1cd460889bc) Importer(815301076,1909f56bfc062723c751e8b465ee728b)
Start importing Assets/Free Pack/Laser Impact Light_6.wav using Guid(bb6cdd13aeb95f743847b1cd460889bc) Importer(815301076,1909f56bfc062723c751e8b465ee728b)  -> (artifact id: 'e1f2bed0d2f0d44f99d851e9e21c30c0') in 0.009088 seconds 
  Import took 0.012641 seconds .

========================================================================
Received Import Request.
  Time since last request: 0.000253 seconds.
  path: Assets/Free Pack/Explosion 2.wav
  artifactKey: Guid(986d6b30567e30e428f3f21373fe45ca) Importer(815301076,1909f56bfc062723c751e8b465ee728b)
Start importing Assets/Free Pack/Explosion 2.wav using Guid(986d6b30567e30e428f3f21373fe45ca) Importer(815301076,1909f56bfc062723c751e8b465ee728b)  -> (artifact id: '96a077a8fc3ac7530703adbccaf7be5d') in 0.012956 seconds 
  Import took 0.017396 seconds .

========================================================================
Received Import Request.
  Time since last request: 0.000413 seconds.
  path: Assets/Free Pack/Explosion 1.wav
  artifactKey: Guid(1fd31868d68903d4f9e2c4a3b7ef98f3) Importer(815301076,1909f56bfc062723c751e8b465ee728b)
Start importing Assets/Free Pack/Explosion 1.wav using Guid(1fd31868d68903d4f9e2c4a3b7ef98f3) Importer(815301076,1909f56bfc062723c751e8b465ee728b)  -> (artifact id: 'de3e3576f002ab9e3f8a54b28f204cff') in 0.009135 seconds 
  Import took 0.013939 seconds .

========================================================================
Received Import Request.
  Time since last request: 0.000250 seconds.
  path: Assets/Free Pack/Hand Gun_6.wav
  artifactKey: Guid(6dd7024f00606b44eb5884197a66a893) Importer(815301076,1909f56bfc062723c751e8b465ee728b)
Start importing Assets/Free Pack/Hand Gun_6.wav using Guid(6dd7024f00606b44eb5884197a66a893) Importer(815301076,1909f56bfc062723c751e8b465ee728b)  -> (artifact id: 'd312efa83e83d88d2d47dc3e227cecee') in 0.010222 seconds 
  Import took 0.013812 seconds .

========================================================================
Received Import Request.
  Time since last request: 0.000338 seconds.
  path: Assets/Free Pack/Magic Spell_Simple Swoosh_6.wav
  artifactKey: Guid(cc6699269b4c1d44ea1e860518b9bb73) Importer(815301076,1909f56bfc062723c751e8b465ee728b)
Start importing Assets/Free Pack/Magic Spell_Simple Swoosh_6.wav using Guid(cc6699269b4c1d44ea1e860518b9bb73) Importer(815301076,1909f56bfc062723c751e8b465ee728b)  -> (artifact id: 'e85bac17ebe86f30d54d59a7fcb817b7') in 0.006867 seconds 
  Import took 0.010406 seconds .

========================================================================
Received Import Request.
  Time since last request: 0.000355 seconds.
  path: Assets/Free Pack/Bullet Impact 14.wav
  artifactKey: Guid(75adfe9a619833445a701305b983e548) Importer(815301076,1909f56bfc062723c751e8b465ee728b)
Start importing Assets/Free Pack/Bullet Impact 14.wav using Guid(75adfe9a619833445a701305b983e548) Importer(815301076,1909f56bfc062723c751e8b465ee728b)  -> (artifact id: '5d7db93c85821100ed795d5c323ed5b5') in 0.006760 seconds 
  Import took 0.010070 seconds .

========================================================================
Received Import Request.
  Time since last request: 0.000350 seconds.
  path: Assets/Free Pack/Heavy Object Impact 10.wav
  artifactKey: Guid(7b69beceabbd8f24e8bc62d77ac7ca1c) Importer(815301076,1909f56bfc062723c751e8b465ee728b)
Start importing Assets/Free Pack/Heavy Object Impact 10.wav using Guid(7b69beceabbd8f24e8bc62d77ac7ca1c) Importer(815301076,1909f56bfc062723c751e8b465ee728b)  -> (artifact id: '22cf33754ce071610d375b459a8f306f') in 0.008694 seconds 
  Import took 0.012042 seconds .

========================================================================
Received Import Request.
  Time since last request: 0.000347 seconds.
  path: Assets/Free Pack/Forest 6 - Ice Forest.wav
  artifactKey: Guid(f14e8bfdac498dd4f82766090b48e582) Importer(815301076,1909f56bfc062723c751e8b465ee728b)
Start importing Assets/Free Pack/Forest 6 - Ice Forest.wav using Guid(f14e8bfdac498dd4f82766090b48e582) Importer(815301076,1909f56bfc062723c751e8b465ee728b)  -> (artifact id: 'be14472f0b2d982d4adf4f254207eb18') in 0.008555 seconds 
  Import took 0.011832 seconds .

========================================================================
Received Import Request.
  Time since last request: 0.000322 seconds.
  path: Assets/Free Pack/Bloody punch.wav
  artifactKey: Guid(a37f44cbf8c2a7443a3c361efa2f233a) Importer(815301076,1909f56bfc062723c751e8b465ee728b)
Start importing Assets/Free Pack/Bloody punch.wav using Guid(a37f44cbf8c2a7443a3c361efa2f233a) Importer(815301076,1909f56bfc062723c751e8b465ee728b)  -> (artifact id: '65511361c72dfb12e8c10da04d515f5e') in 0.008730 seconds 
  Import took 0.012002 seconds .

========================================================================
Received Import Request.
  Time since last request: 0.000319 seconds.
  path: Assets/Free Pack/Railgun - Shot 6.wav
  artifactKey: Guid(f9eb44b85c96be5429737d4dcadbfa3b) Importer(815301076,1909f56bfc062723c751e8b465ee728b)
Start importing Assets/Free Pack/Railgun - Shot 6.wav using Guid(f9eb44b85c96be5429737d4dcadbfa3b) Importer(815301076,1909f56bfc062723c751e8b465ee728b)  -> (artifact id: '71a4aed8e160d561bf7d6b1eb6c0dd73') in 0.007086 seconds 
  Import took 0.010403 seconds .

========================================================================
Received Import Request.
  Time since last request: 0.000257 seconds.
  path: Assets/Free Pack/Laser Gun Salve.wav
  artifactKey: Guid(e88084c6f293c324db2b4dcf575d60dc) Importer(815301076,1909f56bfc062723c751e8b465ee728b)
Start importing Assets/Free Pack/Laser Gun Salve.wav using Guid(e88084c6f293c324db2b4dcf575d60dc) Importer(815301076,1909f56bfc062723c751e8b465ee728b)  -> (artifact id: 'e9bb4e7618d2ffa70bab29c96e3ac744') in 0.006860 seconds 
  Import took 0.010174 seconds .

========================================================================
Received Import Request.
  Time since last request: 0.000297 seconds.
  path: Assets/Free Pack/Thunder strikes 30 second- Loop.wav
  artifactKey: Guid(7dc48ac47b618424f8d032a339525809) Importer(815301076,1909f56bfc062723c751e8b465ee728b)
Start importing Assets/Free Pack/Thunder strikes 30 second- Loop.wav using Guid(7dc48ac47b618424f8d032a339525809) Importer(815301076,1909f56bfc062723c751e8b465ee728b)  -> (artifact id: '202a7680085344ab7128cd36cf8bb818') in 0.007174 seconds 
  Import took 0.010491 seconds .

========================================================================
Received Import Request.
  Time since last request: 0.000472 seconds.
  path: Assets/Free Pack/Cavern Atmosphere - Loop.wav
  artifactKey: Guid(6d2e2db0b97a8c84e9b7aba22496d5fe) Importer(815301076,1909f56bfc062723c751e8b465ee728b)
Start importing Assets/Free Pack/Cavern Atmosphere - Loop.wav using Guid(6d2e2db0b97a8c84e9b7aba22496d5fe) Importer(815301076,1909f56bfc062723c751e8b465ee728b)  -> (artifact id: '5075e68a5b43cdf7d49e7c4ec9707935') in 0.011273 seconds 
  Import took 0.015686 seconds .

========================================================================
Received Import Request.
  Time since last request: 0.000252 seconds.
  path: Assets/Free Pack/Magic Spell - Sleeping spell 1.wav
  artifactKey: Guid(adcac75087a17704ca6c0c3b15bc3aa5) Importer(815301076,1909f56bfc062723c751e8b465ee728b)
Start importing Assets/Free Pack/Magic Spell - Sleeping spell 1.wav using Guid(adcac75087a17704ca6c0c3b15bc3aa5) Importer(815301076,1909f56bfc062723c751e8b465ee728b)  -> (artifact id: '9a9c2b965e216b1a277a0c6961a0823e') in 0.007767 seconds 
  Import took 0.010997 seconds .

========================================================================
Received Import Request.
  Time since last request: 0.000319 seconds.
  path: Assets/Free Pack/Monster Bite.wav
  artifactKey: Guid(ac6034ade498bb94b87620cdf6eac48b) Importer(815301076,1909f56bfc062723c751e8b465ee728b)
Start importing Assets/Free Pack/Monster Bite.wav using Guid(ac6034ade498bb94b87620cdf6eac48b) Importer(815301076,1909f56bfc062723c751e8b465ee728b)  -> (artifact id: '883426517f78ca0af08ca75d01fcadae') in 0.016156 seconds 
  Import took 0.019435 seconds .

========================================================================
Received Import Request.
  Time since last request: 0.000247 seconds.
  path: Assets/Free Pack/Walking in ChainMail - Loop.wav
  artifactKey: Guid(9b713c76b05f8b04882a23a60605b0d2) Importer(815301076,1909f56bfc062723c751e8b465ee728b)
Start importing Assets/Free Pack/Walking in ChainMail - Loop.wav using Guid(9b713c76b05f8b04882a23a60605b0d2) Importer(815301076,1909f56bfc062723c751e8b465ee728b)  -> (artifact id: 'a4fbb5c2158298f12868c6e834f24f98') in 0.009415 seconds 
  Import took 0.012687 seconds .

========================================================================
Received Import Request.
  Time since last request: 0.001328 seconds.
  path: Assets/Free Pack/Machine Gun 1.wav
  artifactKey: Guid(d40330822ccea6140b664c0560d5022f) Importer(815301076,1909f56bfc062723c751e8b465ee728b)
Start importing Assets/Free Pack/Machine Gun 1.wav using Guid(d40330822ccea6140b664c0560d5022f) Importer(815301076,1909f56bfc062723c751e8b465ee728b)  -> (artifact id: '1328e0c5da53619df420e129a6db0c41') in 0.009224 seconds 
  Import took 0.013886 seconds .

========================================================================
Received Import Request.
  Time since last request: 0.000687 seconds.
  path: Assets/Free Pack/Dragon Spit Fire 1.wav
  artifactKey: Guid(7d156b8a5b340cd46bcf0a76557dd2dd) Importer(815301076,1909f56bfc062723c751e8b465ee728b)
Start importing Assets/Free Pack/Dragon Spit Fire 1.wav using Guid(7d156b8a5b340cd46bcf0a76557dd2dd) Importer(815301076,1909f56bfc062723c751e8b465ee728b)  -> (artifact id: '9be0cea07227f06d32ef1ed408e041ad') in 0.011655 seconds 
  Import took 0.016131 seconds .

========================================================================
Received Import Request.
  Time since last request: 0.000394 seconds.
  path: Assets/Free Pack/Hand Gun 1.wav
  artifactKey: Guid(6739c01659ad96d47987f4ddee226b36) Importer(815301076,1909f56bfc062723c751e8b465ee728b)
Start importing Assets/Free Pack/Hand Gun 1.wav using Guid(6739c01659ad96d47987f4ddee226b36) Importer(815301076,1909f56bfc062723c751e8b465ee728b)  -> (artifact id: '8b009e5caf4966e1e7ec0fd17a94d925') in 0.008155 seconds 
  Import took 0.012959 seconds .

========================================================================
Received Import Request.
  Time since last request: 0.000354 seconds.
  path: Assets/Free Pack/Bullet Impact 21.wav
  artifactKey: Guid(e11a5a019377fbd4c81caa0adcb4c236) Importer(815301076,1909f56bfc062723c751e8b465ee728b)
Start importing Assets/Free Pack/Bullet Impact 21.wav using Guid(e11a5a019377fbd4c81caa0adcb4c236) Importer(815301076,1909f56bfc062723c751e8b465ee728b)  -> (artifact id: '905c2f23915a30d22fdc9d0aa8f45f19') in 0.010771 seconds 
  Import took 0.014831 seconds .

========================================================================
Received Import Request.
  Time since last request: 0.000514 seconds.
  path: Assets/Free Pack/Earthquake 3 - Big.wav
  artifactKey: Guid(5ae4d298ed547ba4c88587effb75d7e1) Importer(815301076,1909f56bfc062723c751e8b465ee728b)
Start importing Assets/Free Pack/Earthquake 3 - Big.wav using Guid(5ae4d298ed547ba4c88587effb75d7e1) Importer(815301076,1909f56bfc062723c751e8b465ee728b)  -> (artifact id: '70938db39dd7ceab9b50f4804fc90281') in 0.009868 seconds 
  Import took 0.014637 seconds .

========================================================================
Received Import Request.
  Time since last request: 0.000288 seconds.
  path: Assets/Free Pack/Chemistry reaction 3 - Big.wav
  artifactKey: Guid(4144ed0d6abcc42479fe873c54bbe0fa) Importer(815301076,1909f56bfc062723c751e8b465ee728b)
Start importing Assets/Free Pack/Chemistry reaction 3 - Big.wav using Guid(4144ed0d6abcc42479fe873c54bbe0fa) Importer(815301076,1909f56bfc062723c751e8b465ee728b)  -> (artifact id: 'ec2b405384b43ab8238027ea3828eaf8') in 0.009365 seconds 
  Import took 0.014165 seconds .

========================================================================
Received Import Request.
  Time since last request: 0.000366 seconds.
  path: Assets/Free Pack/Hand Gun 2.wav
  artifactKey: Guid(34b439bf70b80a6409eadecc6be92d68) Importer(815301076,1909f56bfc062723c751e8b465ee728b)
Start importing Assets/Free Pack/Hand Gun 2.wav using Guid(34b439bf70b80a6409eadecc6be92d68) Importer(815301076,1909f56bfc062723c751e8b465ee728b)  -> (artifact id: '3a4bdbdb5f5ef4f90e02e4117b7163b7') in 0.014958 seconds 
  Import took 0.019065 seconds .

========================================================================
Received Import Request.
  Time since last request: 0.000312 seconds.
  path: Assets/Free Pack/Magic Spell_Short Reverse_1.wav
  artifactKey: Guid(7f4aa26d5b55226409cda231ffaf869b) Importer(815301076,1909f56bfc062723c751e8b465ee728b)
Start importing Assets/Free Pack/Magic Spell_Short Reverse_1.wav using Guid(7f4aa26d5b55226409cda231ffaf869b) Importer(815301076,1909f56bfc062723c751e8b465ee728b)  -> (artifact id: 'de653306b5cf85e416be165bc4044fc1') in 0.009427 seconds 
  Import took 0.014337 seconds .

========================================================================
Received Import Request.
  Time since last request: 0.000335 seconds.
  path: Assets/Free Pack/Tsunami hitting a Large City.wav
  artifactKey: Guid(40ab3a7e4e36423488e589303d63346f) Importer(815301076,1909f56bfc062723c751e8b465ee728b)
Start importing Assets/Free Pack/Tsunami hitting a Large City.wav using Guid(40ab3a7e4e36423488e589303d63346f) Importer(815301076,1909f56bfc062723c751e8b465ee728b)  -> (artifact id: 'd144f1ce6f6381a671a842306b575fe5') in 0.016125 seconds 
  Import took 0.020666 seconds .

========================================================================
Received Import Request.
  Time since last request: 0.000315 seconds.
  path: Assets/Free Pack/Cannon impact 9.wav
  artifactKey: Guid(5ff823f546b52574a931e1d9b44290a6) Importer(815301076,1909f56bfc062723c751e8b465ee728b)
Start importing Assets/Free Pack/Cannon impact 9.wav using Guid(5ff823f546b52574a931e1d9b44290a6) Importer(815301076,1909f56bfc062723c751e8b465ee728b)  -> (artifact id: 'd3db253a989bd14f5118729593bcb9e1') in 0.009551 seconds 
  Import took 0.013997 seconds .

========================================================================
Received Import Request.
  Time since last request: 0.001218 seconds.
  path: Assets/Free Pack/Heavy Object Impact 4.wav
  artifactKey: Guid(9930d5b4be15bb04c9d0a6fa0d7e6b2e) Importer(815301076,1909f56bfc062723c751e8b465ee728b)
Start importing Assets/Free Pack/Heavy Object Impact 4.wav using Guid(9930d5b4be15bb04c9d0a6fa0d7e6b2e) Importer(815301076,1909f56bfc062723c751e8b465ee728b)  -> (artifact id: 'f8956fd200c33e999333282ff82b5e0b') in 0.009530 seconds 
  Import took 0.014239 seconds .

========================================================================
Received Import Request.
  Time since last request: 0.000409 seconds.
  path: Assets/Free Pack/Secret door.wav
  artifactKey: Guid(070779cdcfbe3ff4688691fb33bc3e4e) Importer(815301076,1909f56bfc062723c751e8b465ee728b)
Start importing Assets/Free Pack/Secret door.wav using Guid(070779cdcfbe3ff4688691fb33bc3e4e) Importer(815301076,1909f56bfc062723c751e8b465ee728b)  -> (artifact id: '6e1dc047bc0b3eabf4d8205d356bc56a') in 0.009217 seconds 
  Import took 0.013374 seconds .

========================================================================
Received Import Request.
  Time since last request: 0.000491 seconds.
  path: Assets/Free Pack/Autocannon - Shot 1.wav
  artifactKey: Guid(bb2e2714f962491428dcb0b38598b251) Importer(815301076,1909f56bfc062723c751e8b465ee728b)
Start importing Assets/Free Pack/Autocannon - Shot 1.wav using Guid(bb2e2714f962491428dcb0b38598b251) Importer(815301076,1909f56bfc062723c751e8b465ee728b)  -> (artifact id: '75fc015914ba51e03ff0a9805f3c1534') in 0.011511 seconds 
  Import took 0.015427 seconds .

========================================================================
Received Import Request.
  Time since last request: 0.000361 seconds.
  path: Assets/Free Pack/Spaceship passing by.wav
  artifactKey: Guid(7784e7ab59ab376458c07be56b1a8d6f) Importer(815301076,1909f56bfc062723c751e8b465ee728b)
Start importing Assets/Free Pack/Spaceship passing by.wav using Guid(7784e7ab59ab376458c07be56b1a8d6f) Importer(815301076,1909f56bfc062723c751e8b465ee728b)  -> (artifact id: 'fea8647aae2ccf7811c6b1600b0e0c3f') in 0.013278 seconds 
  Import took 0.018346 seconds .

========================================================================
Received Import Request.
  Time since last request: 0.000422 seconds.
  path: Assets/Free Pack/Row Boat - Loop.wav
  artifactKey: Guid(78542e76d4c24a745bc1bb599adb55df) Importer(815301076,1909f56bfc062723c751e8b465ee728b)
Start importing Assets/Free Pack/Row Boat - Loop.wav using Guid(78542e76d4c24a745bc1bb599adb55df) Importer(815301076,1909f56bfc062723c751e8b465ee728b)  -> (artifact id: '6d8280b765879bb2b1fc3ff1d168fc0f') in 0.009616 seconds 
  Import took 0.013953 seconds .

========================================================================
Received Import Request.
  Time since last request: 0.000552 seconds.
  path: Assets/Free Pack/Hand Gun 3.wav
  artifactKey: Guid(a764377339b869e459f5e53fb9258f73) Importer(815301076,1909f56bfc062723c751e8b465ee728b)
Start importing Assets/Free Pack/Hand Gun 3.wav using Guid(a764377339b869e459f5e53fb9258f73) Importer(815301076,1909f56bfc062723c751e8b465ee728b)  -> (artifact id: '6f7a4331b97c894b905e755e76355265') in 0.010014 seconds 
  Import took 0.014341 seconds .

========================================================================
Received Import Request.
  Time since last request: 0.000289 seconds.
  path: Assets/Free Pack
  artifactKey: Guid(9426b22a558a44a8d9e26ed7a059e010) Importer(815301076,1909f56bfc062723c751e8b465ee728b)
Start importing Assets/Free Pack using Guid(9426b22a558a44a8d9e26ed7a059e010) Importer(815301076,1909f56bfc062723c751e8b465ee728b)  -> (artifact id: '649013f8eb1c12b919ac0b8d2527abd0') in 0.001268 seconds 
  Import took 0.004897 seconds .

========================================================================
Received Import Request.
  Time since last request: 0.000299 seconds.
  path: Assets/Free Pack/Ice Cavern-Loop.wav
  artifactKey: Guid(517dbd5357d36724c9ff71219172b9f6) Importer(815301076,1909f56bfc062723c751e8b465ee728b)
Start importing Assets/Free Pack/Ice Cavern-Loop.wav using Guid(517dbd5357d36724c9ff71219172b9f6) Importer(815301076,1909f56bfc062723c751e8b465ee728b)  -> (artifact id: '09f5ca8f0f7d104b6a0981b8e03e4a2a') in 0.010222 seconds 
  Import took 0.014895 seconds .

========================================================================
Received Import Request.
  Time since last request: 0.000591 seconds.
  path: Assets/Free Pack/Ghost Manifestation 1.wav
  artifactKey: Guid(26fbf6bb6963666478f6992bc53b9145) Importer(815301076,1909f56bfc062723c751e8b465ee728b)
Start importing Assets/Free Pack/Ghost Manifestation 1.wav using Guid(26fbf6bb6963666478f6992bc53b9145) Importer(815301076,1909f56bfc062723c751e8b465ee728b)  -> (artifact id: '5c6fde9260173aee03c6b786713aa95e') in 0.007604 seconds 
  Import took 0.011325 seconds .

========================================================================
Received Import Request.
  Time since last request: 0.000414 seconds.
  path: Assets/Free Pack/Carriage on Stone Road - Loop.wav
  artifactKey: Guid(1b46c101cacd70a4fa09545bf0d68820) Importer(815301076,1909f56bfc062723c751e8b465ee728b)
Start importing Assets/Free Pack/Carriage on Stone Road - Loop.wav using Guid(1b46c101cacd70a4fa09545bf0d68820) Importer(815301076,1909f56bfc062723c751e8b465ee728b)  -> (artifact id: '971c8ede90a8d8ee6d278ecdf05814ca') in 0.011543 seconds 
  Import took 0.016587 seconds .

========================================================================
Received Import Request.
  Time since last request: 0.000464 seconds.
  path: Assets/Free Pack/Magic Spell_Electricity Spell_1.wav
  artifactKey: Guid(eec3bf121b316d64ca1c8aac7573a2f4) Importer(815301076,1909f56bfc062723c751e8b465ee728b)
Start importing Assets/Free Pack/Magic Spell_Electricity Spell_1.wav using Guid(eec3bf121b316d64ca1c8aac7573a2f4) Importer(815301076,1909f56bfc062723c751e8b465ee728b)  -> (artifact id: '5a94d42834bdfef2e9d1c372619e70ab') in 0.015558 seconds 
  Import took 0.020492 seconds .

========================================================================
Received Import Request.
  Time since last request: 0.000301 seconds.
  path: Assets/Free Pack/Medieval City.wav
  artifactKey: Guid(c53d52b6903e77342963b7b627f126fb) Importer(815301076,1909f56bfc062723c751e8b465ee728b)
Start importing Assets/Free Pack/Medieval City.wav using Guid(c53d52b6903e77342963b7b627f126fb) Importer(815301076,1909f56bfc062723c751e8b465ee728b)  -> (artifact id: '28bdbc3b9d9a18e4a6a44046ea3d9365') in 0.013254 seconds 
  Import took 0.016983 seconds .

========================================================================
Received Import Request.
  Time since last request: 0.000357 seconds.
  path: Assets/Free Pack/Missile - Shot 4.wav
  artifactKey: Guid(281e15cc92254794eaf05caf4d044b76) Importer(815301076,1909f56bfc062723c751e8b465ee728b)
Start importing Assets/Free Pack/Missile - Shot 4.wav using Guid(281e15cc92254794eaf05caf4d044b76) Importer(815301076,1909f56bfc062723c751e8b465ee728b)  -> (artifact id: '9bb4a1b51e3e0af37980fcfbc9de1b4a') in 0.011838 seconds 
  Import took 0.016577 seconds .

========================================================================
Received Import Request.
  Time since last request: 65.367936 seconds.
  path: Assets/Materials
  artifactKey: Guid(d0234ba368eeec9418390da711bfdad0) Importer(815301076,1909f56bfc062723c751e8b465ee728b)
Start importing Assets/Materials using Guid(d0234ba368eeec9418390da711bfdad0) Importer(815301076,1909f56bfc062723c751e8b465ee728b)  -> (artifact id: 'dd1fccef896d48891410691dfde716e5') in 0.002712 seconds 
  Import took 0.007059 seconds .

========================================================================
Received Import Request.
  Time since last request: 0.082486 seconds.
  path: Assets/Materials/Skybox_Mat.mat
  artifactKey: Guid(0ffaa0b7117ba8c47a9d05ae701d4b4d) Importer(815301076,1909f56bfc062723c751e8b465ee728b)
Start importing Assets/Materials/Skybox_Mat.mat using Guid(0ffaa0b7117ba8c47a9d05ae701d4b4d) Importer(815301076,1909f56bfc062723c751e8b465ee728b)  -> (artifact id: '4d54ab3375f41efad00566dcae11def2') in 0.546336 seconds 
  Import took 0.550728 seconds .

========================================================================
Received Import Request.
  Time since last request: 1.916117 seconds.
  path: Assets/Settings
  artifactKey: Guid(0735c275001a2c84dafdb30deced5d8d) Importer(815301076,1909f56bfc062723c751e8b465ee728b)
Start importing Assets/Settings using Guid(0735c275001a2c84dafdb30deced5d8d) Importer(815301076,1909f56bfc062723c751e8b465ee728b)  -> (artifact id: 'cadd7ca10b5bf32e886eec457cf073a7') in 0.001792 seconds 
  Import took 0.006155 seconds .

========================================================================
Received Import Request.
  Time since last request: 0.834764 seconds.
  path: Assets/TutorialInfo
  artifactKey: Guid(49110bb8dcada46328ad741970bce702) Importer(815301076,1909f56bfc062723c751e8b465ee728b)
Start importing Assets/TutorialInfo using Guid(49110bb8dcada46328ad741970bce702) Importer(815301076,1909f56bfc062723c751e8b465ee728b)  -> (artifact id: 'de5a30219286eb2a872f2f84d66d9616') in 0.003192 seconds 
  Import took 0.007283 seconds .

========================================================================
Received Import Request.
  Time since last request: 0.664366 seconds.
  path: Assets/Unity - Foundations of Audio
  artifactKey: Guid(eeba2f0be190d4b4fb010b2d6b0f0902) Importer(815301076,1909f56bfc062723c751e8b465ee728b)
Start importing Assets/Unity - Foundations of Audio using Guid(eeba2f0be190d4b4fb010b2d6b0f0902) Importer(815301076,1909f56bfc062723c751e8b465ee728b)  -> (artifact id: '7f6eec65b9ee1dfb0a79b1fc4dbf1bbc') in 0.002777 seconds 
  Import took 0.006594 seconds .

========================================================================
Received Import Request.
  Time since last request: 1.309816 seconds.
  path: Assets/YughuesFreeMetalMaterials
  artifactKey: Guid(c262215813a0c495c80c054cb55619ba) Importer(815301076,1909f56bfc062723c751e8b465ee728b)
Start importing Assets/YughuesFreeMetalMaterials using Guid(c262215813a0c495c80c054cb55619ba) Importer(815301076,1909f56bfc062723c751e8b465ee728b)  -> (artifact id: '203920e9f584d5db8554f3681771e0a2') in 0.002297 seconds 
  Import took 0.006107 seconds .

========================================================================
Received Import Request.
  Time since last request: 2.658704 seconds.
  path: Assets/YughuesFreeMetalMaterials/Materials
  artifactKey: Guid(de0b1e1055a5fcd4d9f7d435bf9d531a) Importer(815301076,1909f56bfc062723c751e8b465ee728b)
Start importing Assets/YughuesFreeMetalMaterials/Materials using Guid(de0b1e1055a5fcd4d9f7d435bf9d531a) Importer(815301076,1909f56bfc062723c751e8b465ee728b)  -> (artifact id: '46838108faa2bbe9d0e56767c17a314b') in 0.001044 seconds 
  Import took 0.005094 seconds .

========================================================================
Received Import Request.
  Time since last request: 0.062468 seconds.
  path: Assets/YughuesFreeMetalMaterials/Materials/M_YFMM_01.mat
  artifactKey: Guid(0799c0fca43b43549b92dbbb57355b63) Importer(815301076,1909f56bfc062723c751e8b465ee728b)
Start importing Assets/YughuesFreeMetalMaterials/Materials/M_YFMM_01.mat using Guid(0799c0fca43b43549b92dbbb57355b63) Importer(815301076,1909f56bfc062723c751e8b465ee728b)  -> (artifact id: '7601c346a0a99c34b3ca0168bf5b70c1') in 0.171074 seconds 
  Import took 0.174750 seconds .

========================================================================
Received Import Request.
  Time since last request: 0.000159 seconds.
  path: Assets/YughuesFreeMetalMaterials/Materials/M_YFMM_22.mat
  artifactKey: Guid(ad7d3ed0319816940bbf70e52f46866d) Importer(815301076,1909f56bfc062723c751e8b465ee728b)
Start importing Assets/YughuesFreeMetalMaterials/Materials/M_YFMM_22.mat using Guid(ad7d3ed0319816940bbf70e52f46866d) Importer(815301076,1909f56bfc062723c751e8b465ee728b)  -> (artifact id: '05a5158c6290388eafc77302e500c9c6') in 0.052791 seconds 
  Import took 0.055916 seconds .

========================================================================
Received Import Request.
  Time since last request: 0.000171 seconds.
  path: Assets/YughuesFreeMetalMaterials/Materials/M_YFMM_33.mat
  artifactKey: Guid(2d4eb4632ff89504084de124ceedf2e4) Importer(815301076,1909f56bfc062723c751e8b465ee728b)
Start importing Assets/YughuesFreeMetalMaterials/Materials/M_YFMM_33.mat using Guid(2d4eb4632ff89504084de124ceedf2e4) Importer(815301076,1909f56bfc062723c751e8b465ee728b)  -> (artifact id: '35ff68651ad685f58762a49918a3e4f9') in 0.011132 seconds 
  Import took 0.014791 seconds .

========================================================================
Received Import Request.
  Time since last request: 0.000226 seconds.
  path: Assets/YughuesFreeMetalMaterials/Materials/M_YFMM_49.mat
  artifactKey: Guid(2e501b641f5503e4d9442eb5c3f96f74) Importer(815301076,1909f56bfc062723c751e8b465ee728b)
Start importing Assets/YughuesFreeMetalMaterials/Materials/M_YFMM_49.mat using Guid(2e501b641f5503e4d9442eb5c3f96f74) Importer(815301076,1909f56bfc062723c751e8b465ee728b)  -> (artifact id: '4a043d155db633dec747c2756229e78b') in 0.013021 seconds 
  Import took 0.017935 seconds .

========================================================================
Received Import Request.
  Time since last request: 0.000365 seconds.
  path: Assets/YughuesFreeMetalMaterials/Materials/M_YFMM_09.mat
  artifactKey: Guid(815726b91e0e2d34a84b7ddc790e5b86) Importer(815301076,1909f56bfc062723c751e8b465ee728b)
Start importing Assets/YughuesFreeMetalMaterials/Materials/M_YFMM_09.mat using Guid(815726b91e0e2d34a84b7ddc790e5b86) Importer(815301076,1909f56bfc062723c751e8b465ee728b)  -> (artifact id: 'e36cc4bbdc3078786eabb17e19738aef') in 0.017029 seconds 
  Import took 0.021452 seconds .

========================================================================
Received Import Request.
  Time since last request: 0.000402 seconds.
  path: Assets/YughuesFreeMetalMaterials/Materials/M_YFMM_02.mat
  artifactKey: Guid(f99c2f606e487bd4ba7c619b09a10f39) Importer(815301076,1909f56bfc062723c751e8b465ee728b)
Start importing Assets/YughuesFreeMetalMaterials/Materials/M_YFMM_02.mat using Guid(f99c2f606e487bd4ba7c619b09a10f39) Importer(815301076,1909f56bfc062723c751e8b465ee728b)  -> (artifact id: '5495f0100730ded4da9e01a893cc98f5') in 0.014135 seconds 
  Import took 0.019025 seconds .

========================================================================
Received Import Request.
  Time since last request: 0.000529 seconds.
  path: Assets/YughuesFreeMetalMaterials/Materials/M_YFMM_11.mat
  artifactKey: Guid(bacc7ee8fd0869d45be470f049e53d8b) Importer(815301076,1909f56bfc062723c751e8b465ee728b)
Start importing Assets/YughuesFreeMetalMaterials/Materials/M_YFMM_11.mat using Guid(bacc7ee8fd0869d45be470f049e53d8b) Importer(815301076,1909f56bfc062723c751e8b465ee728b)  -> (artifact id: 'cf78dc2ca2980f72dc9bab0c6422af6a') in 0.016026 seconds 
  Import took 0.020114 seconds .

========================================================================
Received Import Request.
  Time since last request: 0.000295 seconds.
  path: Assets/YughuesFreeMetalMaterials/Materials/M_YFMM_20.mat
  artifactKey: Guid(b1ec81eca85a9d84ea5f62901c99f89d) Importer(815301076,1909f56bfc062723c751e8b465ee728b)
Start importing Assets/YughuesFreeMetalMaterials/Materials/M_YFMM_20.mat using Guid(b1ec81eca85a9d84ea5f62901c99f89d) Importer(815301076,1909f56bfc062723c751e8b465ee728b)  -> (artifact id: '96affb4b28260c1e3d30dfb4c2c9a7fe') in 0.012653 seconds 
  Import took 0.017009 seconds .

========================================================================
Received Import Request.
  Time since last request: 0.000746 seconds.
  path: Assets/YughuesFreeMetalMaterials/Materials/M_YFMM_36.mat
  artifactKey: Guid(9b8a78dbb8e688e468daf2da07cf93b6) Importer(815301076,1909f56bfc062723c751e8b465ee728b)
Start importing Assets/YughuesFreeMetalMaterials/Materials/M_YFMM_36.mat using Guid(9b8a78dbb8e688e468daf2da07cf93b6) Importer(815301076,1909f56bfc062723c751e8b465ee728b)  -> (artifact id: 'e879f6969444641685513a2805704346') in 0.013459 seconds 
  Import took 0.019056 seconds .

========================================================================
Received Import Request.
  Time since last request: 0.000293 seconds.
  path: Assets/YughuesFreeMetalMaterials/Materials/M_YFMM_31.mat
  artifactKey: Guid(08d90a021f5ea464d8839057832cbb6c) Importer(815301076,1909f56bfc062723c751e8b465ee728b)
Start importing Assets/YughuesFreeMetalMaterials/Materials/M_YFMM_31.mat using Guid(08d90a021f5ea464d8839057832cbb6c) Importer(815301076,1909f56bfc062723c751e8b465ee728b)  -> (artifact id: 'd7e178963f9828ddafd8ad5a2bea9605') in 0.012501 seconds 
  Import took 0.016511 seconds .

========================================================================
Received Import Request.
  Time since last request: 0.000373 seconds.
  path: Assets/YughuesFreeMetalMaterials/Materials/M_YFMM_25.mat
  artifactKey: Guid(66bb025986bd66c479f0fe7e007798b0) Importer(815301076,1909f56bfc062723c751e8b465ee728b)
Start importing Assets/YughuesFreeMetalMaterials/Materials/M_YFMM_25.mat using Guid(66bb025986bd66c479f0fe7e007798b0) Importer(815301076,1909f56bfc062723c751e8b465ee728b)  -> (artifact id: '3cf6b3a80e332c8bacd9848f31afb6ae') in 0.011771 seconds 
  Import took 0.016473 seconds .

========================================================================
Received Import Request.
  Time since last request: 0.000226 seconds.
  path: Assets/YughuesFreeMetalMaterials/Materials/M_YFMM_35.mat
  artifactKey: Guid(9607862bf90553342b6c7a1e3d273805) Importer(815301076,1909f56bfc062723c751e8b465ee728b)
Start importing Assets/YughuesFreeMetalMaterials/Materials/M_YFMM_35.mat using Guid(9607862bf90553342b6c7a1e3d273805) Importer(815301076,1909f56bfc062723c751e8b465ee728b)  -> (artifact id: '3144b954c8c25749f9969d62bc1efedc') in 0.010820 seconds 
  Import took 0.014866 seconds .

========================================================================
Received Import Request.
  Time since last request: 0.000283 seconds.
  path: Assets/YughuesFreeMetalMaterials/Materials/M_YFMM_46.mat
  artifactKey: Guid(4284e0aad15d6b64d86768e51640a3aa) Importer(815301076,1909f56bfc062723c751e8b465ee728b)
Start importing Assets/YughuesFreeMetalMaterials/Materials/M_YFMM_46.mat using Guid(4284e0aad15d6b64d86768e51640a3aa) Importer(815301076,1909f56bfc062723c751e8b465ee728b)  -> (artifact id: 'fba91b4a198949902fa837bd7867af03') in 0.011057 seconds 
  Import took 0.014488 seconds .

========================================================================
Received Import Request.
  Time since last request: 0.000255 seconds.
  path: Assets/YughuesFreeMetalMaterials/Materials/M_YFMM_37.mat
  artifactKey: Guid(b944d3c9a69fd6142b438414bbddcd4a) Importer(815301076,1909f56bfc062723c751e8b465ee728b)
Start importing Assets/YughuesFreeMetalMaterials/Materials/M_YFMM_37.mat using Guid(b944d3c9a69fd6142b438414bbddcd4a) Importer(815301076,1909f56bfc062723c751e8b465ee728b)  -> (artifact id: '373c36ecb0cfe5369d68446584b58e5a') in 0.010450 seconds 
  Import took 0.013919 seconds .

========================================================================
Received Import Request.
  Time since last request: 0.000423 seconds.
  path: Assets/YughuesFreeMetalMaterials/Materials/M_YFMM_39.mat
  artifactKey: Guid(89b53b6902b0ec14baa1599e1c68d643) Importer(815301076,1909f56bfc062723c751e8b465ee728b)
Start importing Assets/YughuesFreeMetalMaterials/Materials/M_YFMM_39.mat using Guid(89b53b6902b0ec14baa1599e1c68d643) Importer(815301076,1909f56bfc062723c751e8b465ee728b)  -> (artifact id: '896b82bd704a53206d2dad7418be16a3') in 0.017024 seconds 
  Import took 0.021523 seconds .

========================================================================
Received Import Request.
  Time since last request: 0.000341 seconds.
  path: Assets/YughuesFreeMetalMaterials/Materials/M_YFMM_10.mat
  artifactKey: Guid(ab4269e12763c2845868256b389e5b9b) Importer(815301076,1909f56bfc062723c751e8b465ee728b)
Start importing Assets/YughuesFreeMetalMaterials/Materials/M_YFMM_10.mat using Guid(ab4269e12763c2845868256b389e5b9b) Importer(815301076,1909f56bfc062723c751e8b465ee728b)  -> (artifact id: '87fd3c07b8f9f4dbc52f39bb0d50fb62') in 0.016880 seconds 
  Import took 0.020787 seconds .

========================================================================
Received Import Request.
  Time since last request: 0.000396 seconds.
  path: Assets/YughuesFreeMetalMaterials/Materials/M_YFMM_34.mat
  artifactKey: Guid(4a2abd4f67aefc24b9c6cca2d197adc7) Importer(815301076,1909f56bfc062723c751e8b465ee728b)
Start importing Assets/YughuesFreeMetalMaterials/Materials/M_YFMM_34.mat using Guid(4a2abd4f67aefc24b9c6cca2d197adc7) Importer(815301076,1909f56bfc062723c751e8b465ee728b)  -> (artifact id: 'e3ba4168d107636f418b808b0dc8e405') in 0.015604 seconds 
  Import took 0.020402 seconds .

========================================================================
Received Import Request.
  Time since last request: 0.000544 seconds.
  path: Assets/YughuesFreeMetalMaterials/Materials/M_YFMM_13.mat
  artifactKey: Guid(0e3ad63f883b06b458c1ef2d59167313) Importer(815301076,1909f56bfc062723c751e8b465ee728b)
Start importing Assets/YughuesFreeMetalMaterials/Materials/M_YFMM_13.mat using Guid(0e3ad63f883b06b458c1ef2d59167313) Importer(815301076,1909f56bfc062723c751e8b465ee728b)  -> (artifact id: 'e2b9c5f925f88b2502d05d72007e72dc') in 0.014828 seconds 
  Import took 0.018836 seconds .

========================================================================
Received Import Request.
  Time since last request: 0.000259 seconds.
  path: Assets/YughuesFreeMetalMaterials/Materials/M_YFMM_42.mat
  artifactKey: Guid(9ee5736c74580c341822a916611ab4f8) Importer(815301076,1909f56bfc062723c751e8b465ee728b)
Start importing Assets/YughuesFreeMetalMaterials/Materials/M_YFMM_42.mat using Guid(9ee5736c74580c341822a916611ab4f8) Importer(815301076,1909f56bfc062723c751e8b465ee728b)  -> (artifact id: '1fe710696ba889998476706116fb4fdf') in 0.013004 seconds 
  Import took 0.017165 seconds .

========================================================================
Received Import Request.
  Time since last request: 0.000278 seconds.
  path: Assets/YughuesFreeMetalMaterials/Materials/M_YFMM_05.mat
  artifactKey: Guid(d5c2611926b334e488e131369218f292) Importer(815301076,1909f56bfc062723c751e8b465ee728b)
Start importing Assets/YughuesFreeMetalMaterials/Materials/M_YFMM_05.mat using Guid(d5c2611926b334e488e131369218f292) Importer(815301076,1909f56bfc062723c751e8b465ee728b)  -> (artifact id: 'ae2577ae9f7faf4443f54474a393d2da') in 0.012880 seconds 
  Import took 0.018150 seconds .

========================================================================
Received Import Request.
  Time since last request: 0.000306 seconds.
  path: Assets/YughuesFreeMetalMaterials/Materials/M_YFMM_47.mat
  artifactKey: Guid(7a453bae213a8b04b9e9f8adb81cc8be) Importer(815301076,1909f56bfc062723c751e8b465ee728b)
Start importing Assets/YughuesFreeMetalMaterials/Materials/M_YFMM_47.mat using Guid(7a453bae213a8b04b9e9f8adb81cc8be) Importer(815301076,1909f56bfc062723c751e8b465ee728b)  -> (artifact id: '8a3254b4c5f3ede4a494f735283e0b6c') in 0.014383 seconds 
  Import took 0.019438 seconds .

========================================================================
Received Import Request.
  Time since last request: 0.000190 seconds.
  path: Assets/YughuesFreeMetalMaterials/Materials/M_YFMM_41.mat
  artifactKey: Guid(c50e2eb70fabc794d9dde9a41e831644) Importer(815301076,1909f56bfc062723c751e8b465ee728b)
Start importing Assets/YughuesFreeMetalMaterials/Materials/M_YFMM_41.mat using Guid(c50e2eb70fabc794d9dde9a41e831644) Importer(815301076,1909f56bfc062723c751e8b465ee728b)  -> (artifact id: 'a782d9e8688cd2031a64b53430ec6a1e') in 0.013718 seconds 
  Import took 0.018515 seconds .

========================================================================
Received Import Request.
  Time since last request: 0.000301 seconds.
  path: Assets/YughuesFreeMetalMaterials/Materials/M_YFMM_03.mat
  artifactKey: Guid(d483b4637a2e1b84999ed6e843dd932a) Importer(815301076,1909f56bfc062723c751e8b465ee728b)
Start importing Assets/YughuesFreeMetalMaterials/Materials/M_YFMM_03.mat using Guid(d483b4637a2e1b84999ed6e843dd932a) Importer(815301076,1909f56bfc062723c751e8b465ee728b)  -> (artifact id: '16829aca0f02c5440078f3f4eaf41fa7') in 0.016314 seconds 
  Import took 0.021582 seconds .

========================================================================
Received Import Request.
  Time since last request: 0.000344 seconds.
  path: Assets/YughuesFreeMetalMaterials/Materials/M_YFMM_26.mat
  artifactKey: Guid(d114cde0600508c4f9eed72b935654e6) Importer(815301076,1909f56bfc062723c751e8b465ee728b)
Start importing Assets/YughuesFreeMetalMaterials/Materials/M_YFMM_26.mat using Guid(d114cde0600508c4f9eed72b935654e6) Importer(815301076,1909f56bfc062723c751e8b465ee728b)  -> (artifact id: '20ed6670c706ff913d8528f3d0c66a8c') in 0.015656 seconds 
  Import took 0.020200 seconds .

========================================================================
Received Import Request.
  Time since last request: 0.000383 seconds.
  path: Assets/YughuesFreeMetalMaterials/Materials/M_YFMM_43.mat
  artifactKey: Guid(0a31d93ccb7c2e04a8fae09bd5858d53) Importer(815301076,1909f56bfc062723c751e8b465ee728b)
Start importing Assets/YughuesFreeMetalMaterials/Materials/M_YFMM_43.mat using Guid(0a31d93ccb7c2e04a8fae09bd5858d53) Importer(815301076,1909f56bfc062723c751e8b465ee728b)  -> (artifact id: '409a2a09cf735698f1bd87d36f870224') in 0.016987 seconds 
  Import took 0.022170 seconds .

========================================================================
Received Import Request.
  Time since last request: 0.000217 seconds.
  path: Assets/YughuesFreeMetalMaterials/Materials/M_YFMM_45.mat
  artifactKey: Guid(b371f36f272eff140b69e5a5410cd2bd) Importer(815301076,1909f56bfc062723c751e8b465ee728b)
Start importing Assets/YughuesFreeMetalMaterials/Materials/M_YFMM_45.mat using Guid(b371f36f272eff140b69e5a5410cd2bd) Importer(815301076,1909f56bfc062723c751e8b465ee728b)  -> (artifact id: '700bc7e2d60dd4184af8fe848b727c85') in 0.018058 seconds 
  Import took 0.022910 seconds .

========================================================================
Received Import Request.
  Time since last request: 0.000361 seconds.
  path: Assets/YughuesFreeMetalMaterials/Materials/M_YFMM_19.mat
  artifactKey: Guid(c1039856c953f6143b366284c53ece75) Importer(815301076,1909f56bfc062723c751e8b465ee728b)
Start importing Assets/YughuesFreeMetalMaterials/Materials/M_YFMM_19.mat using Guid(c1039856c953f6143b366284c53ece75) Importer(815301076,1909f56bfc062723c751e8b465ee728b)  -> (artifact id: '72bcdab9bafb50b6ec9efacb9ad5f6c0') in 0.017071 seconds 
  Import took 0.021080 seconds .

========================================================================
Received Import Request.
  Time since last request: 0.000272 seconds.
  path: Assets/YughuesFreeMetalMaterials/Materials/M_YFMM_14.mat
  artifactKey: Guid(6bded294da3a9cf47bdb6b9259f86b49) Importer(815301076,1909f56bfc062723c751e8b465ee728b)
Start importing Assets/YughuesFreeMetalMaterials/Materials/M_YFMM_14.mat using Guid(6bded294da3a9cf47bdb6b9259f86b49) Importer(815301076,1909f56bfc062723c751e8b465ee728b)  -> (artifact id: '502ff1a19d1991c77825876301b7471a') in 0.019105 seconds 
  Import took 0.023524 seconds .

========================================================================
Received Import Request.
  Time since last request: 0.000340 seconds.
  path: Assets/YughuesFreeMetalMaterials/Materials/M_YFMM_28.mat
  artifactKey: Guid(b80b25c8f396f7a41bcb9d182502dbf3) Importer(815301076,1909f56bfc062723c751e8b465ee728b)
Start importing Assets/YughuesFreeMetalMaterials/Materials/M_YFMM_28.mat using Guid(b80b25c8f396f7a41bcb9d182502dbf3) Importer(815301076,1909f56bfc062723c751e8b465ee728b)  -> (artifact id: '60118bcd0fe30cb4c9d0953428876220') in 0.018041 seconds 
  Import took 0.022375 seconds .

========================================================================
Received Import Request.
  Time since last request: 0.000279 seconds.
  path: Assets/YughuesFreeMetalMaterials/Materials/M_YFMM_38.mat
  artifactKey: Guid(4609707953676524ca8dbe489a6ced95) Importer(815301076,1909f56bfc062723c751e8b465ee728b)
Start importing Assets/YughuesFreeMetalMaterials/Materials/M_YFMM_38.mat using Guid(4609707953676524ca8dbe489a6ced95) Importer(815301076,1909f56bfc062723c751e8b465ee728b)  -> (artifact id: '1274df8e8ba6a9bb8aade0345cc088a2') in 0.010999 seconds 
  Import took 0.015092 seconds .

========================================================================
Received Import Request.
  Time since last request: 0.000305 seconds.
  path: Assets/YughuesFreeMetalMaterials/Materials/M_YFMM_04.mat
  artifactKey: Guid(cb339679d860eb649a63a72e8aaa0ee0) Importer(815301076,1909f56bfc062723c751e8b465ee728b)
Start importing Assets/YughuesFreeMetalMaterials/Materials/M_YFMM_04.mat using Guid(cb339679d860eb649a63a72e8aaa0ee0) Importer(815301076,1909f56bfc062723c751e8b465ee728b)  -> (artifact id: '101961b211d93dff1391c33bc32277f3') in 0.011036 seconds 
  Import took 0.015318 seconds .

========================================================================
Received Import Request.
  Time since last request: 0.000263 seconds.
  path: Assets/YughuesFreeMetalMaterials/Materials/M_YFMM_12.mat
  artifactKey: Guid(d6e7475a477721949a7fa2353ffb7e32) Importer(815301076,1909f56bfc062723c751e8b465ee728b)
Start importing Assets/YughuesFreeMetalMaterials/Materials/M_YFMM_12.mat using Guid(d6e7475a477721949a7fa2353ffb7e32) Importer(815301076,1909f56bfc062723c751e8b465ee728b)  -> (artifact id: '2b488276538bf60e361f5bced3648047') in 0.013017 seconds 
  Import took 0.017133 seconds .

========================================================================
Received Import Request.
  Time since last request: 0.000301 seconds.
  path: Assets/YughuesFreeMetalMaterials/Materials/M_YFMM_48.mat
  artifactKey: Guid(a7a35a310f4bf234099e346d4c063b79) Importer(815301076,1909f56bfc062723c751e8b465ee728b)
Start importing Assets/YughuesFreeMetalMaterials/Materials/M_YFMM_48.mat using Guid(a7a35a310f4bf234099e346d4c063b79) Importer(815301076,1909f56bfc062723c751e8b465ee728b)  -> (artifact id: '4b4e007fc93a17d218169b7b8a1e501b') in 0.012408 seconds 
  Import took 0.016922 seconds .

========================================================================
Received Import Request.
  Time since last request: 0.000347 seconds.
  path: Assets/YughuesFreeMetalMaterials/Materials/M_YFMM_23.mat
  artifactKey: Guid(294b00804ed584d4ab6b6ea04153afdb) Importer(815301076,1909f56bfc062723c751e8b465ee728b)
Start importing Assets/YughuesFreeMetalMaterials/Materials/M_YFMM_23.mat using Guid(294b00804ed584d4ab6b6ea04153afdb) Importer(815301076,1909f56bfc062723c751e8b465ee728b)  -> (artifact id: 'd32ff8f898a76784234785531af72fee') in 0.015248 seconds 
  Import took 0.019535 seconds .

========================================================================
Received Import Request.
  Time since last request: 0.000234 seconds.
  path: Assets/YughuesFreeMetalMaterials/Materials/M_YFMM_18.mat
  artifactKey: Guid(f9d3d0adb0578be45993c6728d3cc2dc) Importer(815301076,1909f56bfc062723c751e8b465ee728b)
Start importing Assets/YughuesFreeMetalMaterials/Materials/M_YFMM_18.mat using Guid(f9d3d0adb0578be45993c6728d3cc2dc) Importer(815301076,1909f56bfc062723c751e8b465ee728b)  -> (artifact id: '69f451e956d6a53e7dc363bfd1a34283') in 0.013399 seconds 
  Import took 0.018335 seconds .

========================================================================
Received Import Request.
  Time since last request: 0.000535 seconds.
  path: Assets/YughuesFreeMetalMaterials/Materials/M_YFMM_40.mat
  artifactKey: Guid(4aac98aef254ecf429643db51adb8f72) Importer(815301076,1909f56bfc062723c751e8b465ee728b)
Start importing Assets/YughuesFreeMetalMaterials/Materials/M_YFMM_40.mat using Guid(4aac98aef254ecf429643db51adb8f72) Importer(815301076,1909f56bfc062723c751e8b465ee728b)  -> (artifact id: '0b44b842d570d4c98cb3234849bf92b4') in 0.013440 seconds 
  Import took 0.018739 seconds .

========================================================================
Received Import Request.
  Time since last request: 0.000329 seconds.
  path: Assets/YughuesFreeMetalMaterials/Materials/M_YFMM_32.mat
  artifactKey: Guid(808e5bc0f76962c459361fe60e2d29ec) Importer(815301076,1909f56bfc062723c751e8b465ee728b)
Start importing Assets/YughuesFreeMetalMaterials/Materials/M_YFMM_32.mat using Guid(808e5bc0f76962c459361fe60e2d29ec) Importer(815301076,1909f56bfc062723c751e8b465ee728b)  -> (artifact id: '885c5450a41a6befd2bba0a7340270ad') in 0.016463 seconds 
  Import took 0.020884 seconds .

========================================================================
Received Import Request.
  Time since last request: 0.000322 seconds.
  path: Assets/YughuesFreeMetalMaterials/Materials/M_YFMM_30.mat
  artifactKey: Guid(a6d73f9e47bd28d438e0eaa89328614f) Importer(815301076,1909f56bfc062723c751e8b465ee728b)
Start importing Assets/YughuesFreeMetalMaterials/Materials/M_YFMM_30.mat using Guid(a6d73f9e47bd28d438e0eaa89328614f) Importer(815301076,1909f56bfc062723c751e8b465ee728b)  -> (artifact id: '44ea1b30d4e6209b57038ce08f1563c5') in 0.014650 seconds 
  Import took 0.018981 seconds .

========================================================================
Received Import Request.
  Time since last request: 0.000332 seconds.
  path: Assets/YughuesFreeMetalMaterials/Materials/M_YFMM_50.mat
  artifactKey: Guid(7dc874c331998244eaa078e5d615a6dd) Importer(815301076,1909f56bfc062723c751e8b465ee728b)
Start importing Assets/YughuesFreeMetalMaterials/Materials/M_YFMM_50.mat using Guid(7dc874c331998244eaa078e5d615a6dd) Importer(815301076,1909f56bfc062723c751e8b465ee728b)  -> (artifact id: 'ea5a8b177f909e04eb812573e67cea31') in 0.015401 seconds 
  Import took 0.019770 seconds .

========================================================================
Received Import Request.
  Time since last request: 0.000226 seconds.
  path: Assets/YughuesFreeMetalMaterials/Materials/M_YFMM_08.mat
  artifactKey: Guid(ee47644675828514c8b999edaa99ee59) Importer(815301076,1909f56bfc062723c751e8b465ee728b)
Start importing Assets/YughuesFreeMetalMaterials/Materials/M_YFMM_08.mat using Guid(ee47644675828514c8b999edaa99ee59) Importer(815301076,1909f56bfc062723c751e8b465ee728b)  -> (artifact id: '3512a49c72d609e081a7b8afc468ce9f') in 0.015267 seconds 
  Import took 0.019829 seconds .

========================================================================
Received Import Request.
  Time since last request: 0.000236 seconds.
  path: Assets/YughuesFreeMetalMaterials/Materials/M_YFMM_06.mat
  artifactKey: Guid(404f9faecac1f6d43b5fcefa89522ab1) Importer(815301076,1909f56bfc062723c751e8b465ee728b)
Start importing Assets/YughuesFreeMetalMaterials/Materials/M_YFMM_06.mat using Guid(404f9faecac1f6d43b5fcefa89522ab1) Importer(815301076,1909f56bfc062723c751e8b465ee728b)  -> (artifact id: 'baaaecd931a25deebd8a1088fe4b6bab') in 0.014328 seconds 
  Import took 0.019285 seconds .

========================================================================
Received Import Request.
  Time since last request: 0.000287 seconds.
  path: Assets/YughuesFreeMetalMaterials/Materials/M_YFMM_44.mat
  artifactKey: Guid(6c196c7188cb7314cb4fc62a41ccad77) Importer(815301076,1909f56bfc062723c751e8b465ee728b)
Start importing Assets/YughuesFreeMetalMaterials/Materials/M_YFMM_44.mat using Guid(6c196c7188cb7314cb4fc62a41ccad77) Importer(815301076,1909f56bfc062723c751e8b465ee728b)  -> (artifact id: '85fae6ab4608ed17ae6c6faa50b0f2e1') in 0.014572 seconds 
  Import took 0.018974 seconds .

========================================================================
Received Import Request.
  Time since last request: 0.000329 seconds.
  path: Assets/YughuesFreeMetalMaterials/Materials/M_YFMM_15.mat
  artifactKey: Guid(dd9f6c05ac7b21e4abd45bc51f3ce0af) Importer(815301076,1909f56bfc062723c751e8b465ee728b)
Start importing Assets/YughuesFreeMetalMaterials/Materials/M_YFMM_15.mat using Guid(dd9f6c05ac7b21e4abd45bc51f3ce0af) Importer(815301076,1909f56bfc062723c751e8b465ee728b)  -> (artifact id: '713ba431fa48a1cb9ebd5317d92cea5a') in 0.016035 seconds 
  Import took 0.020356 seconds .

========================================================================
Received Import Request.
  Time since last request: 0.000436 seconds.
  path: Assets/YughuesFreeMetalMaterials/Materials/M_YFMM_24.mat
  artifactKey: Guid(af089ba3f236b004fb2bb64119f294d8) Importer(815301076,1909f56bfc062723c751e8b465ee728b)
Start importing Assets/YughuesFreeMetalMaterials/Materials/M_YFMM_24.mat using Guid(af089ba3f236b004fb2bb64119f294d8) Importer(815301076,1909f56bfc062723c751e8b465ee728b)  -> (artifact id: 'de641fa7946c258158ac26d026085dee') in 0.014141 seconds 
  Import took 0.018620 seconds .

========================================================================
Received Import Request.
  Time since last request: 0.000301 seconds.
  path: Assets/YughuesFreeMetalMaterials/Materials/M_YFMM_16.mat
  artifactKey: Guid(54eb0a880c35ecd4fa56b3b6c33e8aaa) Importer(815301076,1909f56bfc062723c751e8b465ee728b)
Start importing Assets/YughuesFreeMetalMaterials/Materials/M_YFMM_16.mat using Guid(54eb0a880c35ecd4fa56b3b6c33e8aaa) Importer(815301076,1909f56bfc062723c751e8b465ee728b)  -> (artifact id: '3324d32420c86dfc4cea6cbe5eb9a2b3') in 0.017863 seconds 
  Import took 0.022483 seconds .

========================================================================
Received Import Request.
  Time since last request: 0.000375 seconds.
  path: Assets/YughuesFreeMetalMaterials/Materials/M_YFMM_07.mat
  artifactKey: Guid(579d167621596b0419dc2ebf58efe561) Importer(815301076,1909f56bfc062723c751e8b465ee728b)
Start importing Assets/YughuesFreeMetalMaterials/Materials/M_YFMM_07.mat using Guid(579d167621596b0419dc2ebf58efe561) Importer(815301076,1909f56bfc062723c751e8b465ee728b)  -> (artifact id: 'a75d4b282f12598381424a97cc5eaae6') in 0.016311 seconds 
  Import took 0.020811 seconds .

========================================================================
Received Import Request.
  Time since last request: 0.000325 seconds.
  path: Assets/YughuesFreeMetalMaterials/Materials/M_YFMM_27.mat
  artifactKey: Guid(3cd173ae4543f8745ac463237321e8db) Importer(815301076,1909f56bfc062723c751e8b465ee728b)
Start importing Assets/YughuesFreeMetalMaterials/Materials/M_YFMM_27.mat using Guid(3cd173ae4543f8745ac463237321e8db) Importer(815301076,1909f56bfc062723c751e8b465ee728b)  -> (artifact id: '1995fab23e022ba120bb8ebb8035faec') in 0.015791 seconds 
  Import took 0.020205 seconds .

========================================================================
Received Import Request.
  Time since last request: 0.000328 seconds.
  path: Assets/YughuesFreeMetalMaterials/Materials/M_YFMM_29.mat
  artifactKey: Guid(c3f545871e6ad0b429875fb73852a671) Importer(815301076,1909f56bfc062723c751e8b465ee728b)
Start importing Assets/YughuesFreeMetalMaterials/Materials/M_YFMM_29.mat using Guid(c3f545871e6ad0b429875fb73852a671) Importer(815301076,1909f56bfc062723c751e8b465ee728b)  -> (artifact id: 'd88bd1a573f822c01b9a4f185191c228') in 0.014662 seconds 
  Import took 0.018837 seconds .

========================================================================
Received Import Request.
  Time since last request: 0.000268 seconds.
  path: Assets/YughuesFreeMetalMaterials/Materials/M_YFMM_17.mat
  artifactKey: Guid(719a1a58587c8784d86b0eec4539ef05) Importer(815301076,1909f56bfc062723c751e8b465ee728b)
Start importing Assets/YughuesFreeMetalMaterials/Materials/M_YFMM_17.mat using Guid(719a1a58587c8784d86b0eec4539ef05) Importer(815301076,1909f56bfc062723c751e8b465ee728b)  -> (artifact id: '0dfceef6f049965758d388d497e81956') in 0.015307 seconds 
  Import took 0.019608 seconds .

========================================================================
Received Import Request.
  Time since last request: 0.000179 seconds.
  path: Assets/YughuesFreeMetalMaterials/Materials/M_YFMM_21.mat
  artifactKey: Guid(d690ce46b58f6704caed1ffbff694459) Importer(815301076,1909f56bfc062723c751e8b465ee728b)
Start importing Assets/YughuesFreeMetalMaterials/Materials/M_YFMM_21.mat using Guid(d690ce46b58f6704caed1ffbff694459) Importer(815301076,1909f56bfc062723c751e8b465ee728b)  -> (artifact id: '05eca8dc1bf25ce68ca4fee819086611') in 0.012303 seconds 
  Import took 0.016847 seconds .

========================================================================
Received Import Request.
  Time since last request: 6.687226 seconds.
  path: Assets/YughuesFreeMetalMaterials/Demo
  artifactKey: Guid(d6c4ce7a3eb1c604ebf452d7055de8ce) Importer(815301076,1909f56bfc062723c751e8b465ee728b)
Start importing Assets/YughuesFreeMetalMaterials/Demo using Guid(d6c4ce7a3eb1c604ebf452d7055de8ce) Importer(815301076,1909f56bfc062723c751e8b465ee728b)  -> (artifact id: 'cd27c25f95aa11673c1fd20395353580') in 0.001119 seconds 
  Import took 0.004871 seconds .

========================================================================
Received Import Request.
  Time since last request: 0.059985 seconds.
  path: Assets/YughuesFreeMetalMaterials/Demo/DEMO_YFMM_SphereMesh.FBX
  artifactKey: Guid(4f949ae83a043c64d9ee5d95fc9db193) Importer(815301076,1909f56bfc062723c751e8b465ee728b)
Start importing Assets/YughuesFreeMetalMaterials/Demo/DEMO_YFMM_SphereMesh.FBX using Guid(4f949ae83a043c64d9ee5d95fc9db193) Importer(815301076,1909f56bfc062723c751e8b465ee728b)  -> (artifact id: '03a3fd4c257301d1a88df9ca1083386c') in 0.982210 seconds 
  Import took 0.986069 seconds .

========================================================================
Received Import Request.
  Time since last request: 0.002501 seconds.
  path: Assets/YughuesFreeMetalMaterials/Demo/M_DEMO_YFMM_Ground.mat
  artifactKey: Guid(7aff8cf784c3c21428b4887833479217) Importer(815301076,1909f56bfc062723c751e8b465ee728b)
Start importing Assets/YughuesFreeMetalMaterials/Demo/M_DEMO_YFMM_Ground.mat using Guid(7aff8cf784c3c21428b4887833479217) Importer(815301076,1909f56bfc062723c751e8b465ee728b)  -> (artifact id: 'd63f4dda378a497a35e55447d75a8043') in 0.009877 seconds 
  Import took 0.014071 seconds .

========================================================================
Received Import Request.
  Time since last request: 0.000474 seconds.
  path: Assets/YughuesFreeMetalMaterials/Demo/P_DEMO_YFMM_Spheres.prefab
  artifactKey: Guid(e3750ed9101e1b641a1c62d48ef3dac0) Importer(815301076,1909f56bfc062723c751e8b465ee728b)
Start importing Assets/YughuesFreeMetalMaterials/Demo/P_DEMO_YFMM_Spheres.prefab using Guid(e3750ed9101e1b641a1c62d48ef3dac0) Importer(815301076,1909f56bfc062723c751e8b465ee728b)  -> (artifact id: '98ff7c324b602d895eb170ded772e4e2') in 0.204492 seconds 
  Import took 0.216950 seconds .

========================================================================
Received Import Request.
  Time since last request: 1.321620 seconds.
  path: Assets/YughuesFreeMetalMaterials/Demo/Sc_DEMO_YFMM_Preview.unity
  artifactKey: Guid(7a0feaf00236a6a478aa15df6800e5ed) Importer(815301076,1909f56bfc062723c751e8b465ee728b)
Start importing Assets/YughuesFreeMetalMaterials/Demo/Sc_DEMO_YFMM_Preview.unity using Guid(7a0feaf00236a6a478aa15df6800e5ed) Importer(815301076,1909f56bfc062723c751e8b465ee728b)  -> (artifact id: 'ed53d6326002272d2db0db30395d0c46') in 0.017266 seconds 
  Import took 0.024771 seconds .

========================================================================
Received Import Request.
  Time since last request: 0.352096 seconds.
  path: Assets/YughuesFreeMetalMaterials/Demo/Sc_DEMO_YFMM_PreviewSettings.lighting
  artifactKey: Guid(cf8030de8fc1741f4b837f9926c87a92) Importer(815301076,1909f56bfc062723c751e8b465ee728b)
Start importing Assets/YughuesFreeMetalMaterials/Demo/Sc_DEMO_YFMM_PreviewSettings.lighting using Guid(cf8030de8fc1741f4b837f9926c87a92) Importer(815301076,1909f56bfc062723c751e8b465ee728b) LightingSettings: switching bake backend from 1 to 0.
 -> (artifact id: '571cf262d1664f49588982f218cf9645') in 0.057099 seconds 
  Import took 0.060828 seconds .

