Unity Editor version:    2020.3.21f1 (a38c86f6690f)
Branch:                  2020.3/staging
Build type:              Release
Batch mode:              YES
macOS version:           Version 12.0.1 (Build 21A559)
Darwin version:          21.1.0
Architecture:            x86_64
Running under Rosetta:   YES
Available memory:        16384 MB
Using pre-set license
Pro License: NO

COMMAND LINE ARGUMENTS:
/Applications/Unity/Hub/Editor/2020.3.21f1/Unity.app/Contents/MacOS/Unity
-adb2
-batchMode
-noUpm
-name
AssetImportWorker0
-projectPath
/Volumes/External/Users/gumlooter/Dropbox/My Mac (mini.local)/Documents/Developer/UnityEssentials_RealTimeAudio
-logFile
Logs/AssetImportWorker0.log
-srvPort
63515
Successfully changed project path to: /Volumes/External/Users/gumlooter/Dropbox/My Mac (mini.local)/Documents/Developer/UnityEssentials_RealTimeAudio
/Volumes/External/Users/gumlooter/Dropbox/My Mac (mini.local)/Documents/Developer/UnityEssentials_RealTimeAudio
Using Asset Import Pipeline V2.
Refreshing native plugins compatible for Editor in 50.23 ms, found 2 plugins.
Preloading 0 native plugins for Editor in 0.00 ms.
Initialize engine version: 2020.3.21f1 (a38c86f6690f)
[Subsystems] Discovering subsystems at path /Applications/Unity/Hub/Editor/2020.3.21f1/Unity.app/Contents/Resources/UnitySubsystems
[Subsystems] Discovering subsystems at path /Volumes/External/Users/gumlooter/Dropbox/My Mac (mini.local)/Documents/Developer/UnityEssentials_RealTimeAudio/Assets
GfxDevice: creating device client; threaded=0
2021-11-03 12:32:55.150 Unity[9776:138814] (null) preferred device: Apple M1 (high power)
2021-11-03 12:32:55.150 Unity[9776:138814] Metal devices available: 1
2021-11-03 12:32:55.150 Unity[9776:138814] 0: Apple M1 (high power)
2021-11-03 12:32:55.150 Unity[9776:138814] Using device Apple M1 (high power)
Initializing Metal device caps: Apple M1
Initialize mono
Mono path[0] = '/Applications/Unity/Hub/Editor/2020.3.21f1/Unity.app/Contents/Managed'
Mono path[1] = '/Applications/Unity/Hub/Editor/2020.3.21f1/Unity.app/Contents/MonoBleedingEdge/lib/mono/unityjit'
Mono config path = '/Applications/Unity/Hub/Editor/2020.3.21f1/Unity.app/Contents/MonoBleedingEdge/etc'
Using monoOptions --debugger-agent=transport=dt_socket,embedding=1,server=y,suspend=n,address=127.0.0.1:56776
Begin MonoManager ReloadAssembly
Registering precompiled unity dll's ...
Register platform support module: /Applications/Unity/Hub/Editor/2020.3.21f1/PlaybackEngines/WebGLSupport/UnityEditor.WebGL.Extensions.dll
Register platform support module: /Applications/Unity/Hub/Editor/2020.3.21f1/Unity.app/Contents/PlaybackEngines/MacStandaloneSupport/UnityEditor.OSXStandalone.Extensions.dll
Registered in 0.000573 seconds.
Native extension for OSXStandalone target not found
Native extension for WebGL target not found
Refreshing native plugins compatible for Editor in 50.90 ms, found 2 plugins.
Preloading 0 native plugins for Editor in 0.00 ms.
Mono: successfully reloaded assembly
- Completed reload, in  2.094 seconds
Domain Reload Profiling:
	ReloadAssembly (2094ms)
		BeginReloadAssembly (78ms)
			ExecutionOrderSort (0ms)
			DisableScriptedObjects (0ms)
			BackupInstance (0ms)
			ReleaseScriptingObjects (0ms)
			CreateAndSetChildDomain (2ms)
		EndReloadAssembly (922ms)
			LoadAssemblies (76ms)
			RebuildTransferFunctionScriptingTraits (0ms)
			SetupTypeCache (180ms)
			ReleaseScriptCaches (0ms)
			RebuildScriptCaches (36ms)
			SetupLoadedEditorAssemblies (479ms)
				LogAssemblyErrors (0ms)
				InitializePlatformSupportModulesInManaged (10ms)
				SetLoadedEditorAssemblies (0ms)
				RefreshPlugins (51ms)
				BeforeProcessingInitializeOnLoad (71ms)
				ProcessInitializeOnLoadAttributes (267ms)
				ProcessInitializeOnLoadMethodAttributes (78ms)
				AfterProcessingInitializeOnLoad (0ms)
				EditorAssembliesLoaded (1ms)
			ExecutionOrderSort2 (0ms)
			AwakeInstancesAfterBackupRestoration (0ms)
Platform modules already initialized, skipping
Registering precompiled user dll's ...
Registered in 0.001652 seconds.
Begin MonoManager ReloadAssembly
Native extension for OSXStandalone target not found
Native extension for WebGL target not found
Refreshing native plugins compatible for Editor in 56.08 ms, found 2 plugins.
Preloading 0 native plugins for Editor in 0.00 ms.
Mono: successfully reloaded assembly
- Completed reload, in  2.125 seconds
Domain Reload Profiling:
	ReloadAssembly (2126ms)
		BeginReloadAssembly (231ms)
			ExecutionOrderSort (0ms)
			DisableScriptedObjects (28ms)
			BackupInstance (0ms)
			ReleaseScriptingObjects (0ms)
			CreateAndSetChildDomain (33ms)
		EndReloadAssembly (1809ms)
			LoadAssemblies (152ms)
			RebuildTransferFunctionScriptingTraits (0ms)
			SetupTypeCache (365ms)
			ReleaseScriptCaches (1ms)
			RebuildScriptCaches (53ms)
			SetupLoadedEditorAssemblies (972ms)
				LogAssemblyErrors (0ms)
				InitializePlatformSupportModulesInManaged (12ms)
				SetLoadedEditorAssemblies (0ms)
				RefreshPlugins (56ms)
				BeforeProcessingInitializeOnLoad (158ms)
				ProcessInitializeOnLoadAttributes (718ms)
				ProcessInitializeOnLoadMethodAttributes (26ms)
				AfterProcessingInitializeOnLoad (1ms)
				EditorAssembliesLoaded (1ms)
			ExecutionOrderSort2 (0ms)
			AwakeInstancesAfterBackupRestoration (27ms)
Platform modules already initialized, skipping
Validating Project structure ... 0.003665 seconds.
Shader import version has changed; will reimport all shaders...
Upgrading shader files ...0.003559 seconds.
Application.AssetDatabase Initial Script Refresh Start
RefreshInfo: InitialScriptRefreshV2(NoUpdateAssetOptions) scanfilter:  ... 1 filters
RefreshProfiler: Total: 0.000ms
Application.AssetDatabase Initial Script Refresh End
Application.AssetDatabase.Refresh Start
Application.AssetDatabase.Refresh End
RefreshInfo: StopAssetImportingV2(ForceSynchronousImport) scanfilter: 
RefreshProfiler: Total: 0.000ms
Launching external process: /Applications/Unity/Hub/Editor/2020.3.21f1/Unity.app/Contents/Tools/UnityShaderCompiler
Launched and connected shader compiler UnityShaderCompiler after 0.02 seconds
Initializing Unity extensions:
2021-11-03 12:33:00.235 Unity[9776:138814] NSEventModifierFlagFunction specified to -setKeyEquivalentModifierMask: for item <NSMenuItem: 0x600002c143f0 Font Asset, ke='Command-F12'>, but is only supported for system-provided menu items; will not be used
2021-11-03 12:33:00.238 Unity[9776:138814] NSEventModifierFlagFunction specified to -setKeyEquivalentModifierMask: for item <NSMenuItem: 0x600002c06e60 Font Asset, ke='Command-F12'>, but is only supported for system-provided menu items; will not be used
========================================================================
Worker process is ready to serve import requests
Refreshing native plugins compatible for Editor in 0.46 ms, found 2 plugins.
Preloading 0 native plugins for Editor in 0.00 ms.
Unloading 2805 Unused Serialized files (Serialized files now loaded: 0)
System memory in use before: 269.8 MB.
System memory in use after: 269.7 MB.

Unloading 121 unused Assets to reduce memory usage. Loaded Objects now: 3280.
Total: 2.563167 ms (FindLiveObjects: 0.181083 ms CreateObjectMapping: 0.056042 ms MarkObjects: 2.134125 ms  DeleteObjects: 0.191000 ms)

AssetImportParameters requested are different than current active one (requested -> active):
  custom:video-decoder-ogg-theora: a1e56fd34408186e4bbccfd4996cb3dc -> 
  custom:container-muxer-webm: aa71ff27fc2769a1b78a27578f13a17b -> 
  custom:container-demuxer-webm: 4f35f7cbe854078d1ac9338744f61a02 -> 
  custom:container-demuxer-ogg: 62fdf1f143b41e24485cea50d1cbac27 -> 
  custom:video-encoder-webm-vp8: eb34c28f22e8b96e1ab97ce403110664 -> 
  custom:framework-osx-AVFoundation: e770b220cccbd017edd2c1fefb359320 -> 
  custom:video-decoder-webm-vp8: 9c59270c3fd7afecdb556c50c9e8de78 -> 
  custom:audio-decoder-ogg-vorbis: bf7c407c2cedff20999df2af8eb42d56 -> 
  custom:audio-encoder-webm-vorbis: bf7c407c2cedff20999df2af8eb42d56 -> 
========================================================================
Received Import Request.
  path: Assets/YughuesFreeMetalMaterials/Materials/Textures/T_16_Specular.tga
  artifactKey: Guid(b4745deb35e7f4a42a3a9da87633930e) Importer(815301076,1909f56bfc062723c751e8b465ee728b)
Start importing Assets/YughuesFreeMetalMaterials/Materials/Textures/T_16_Specular.tga using Guid(b4745deb35e7f4a42a3a9da87633930e) Importer(815301076,1909f56bfc062723c751e8b465ee728b)  -> (artifact id: '336f9460017c2e0d6760a23eb40d4140') in 0.453881 seconds 
  Import took 0.457215 seconds .

========================================================================
Received Import Request.
  Time since last request: 0.002396 seconds.
  path: Assets/YughuesFreeMetalMaterials/Materials/Textures/T_26_Specular.tga
  artifactKey: Guid(7a69b4259fea3f04fae8f266184826fa) Importer(815301076,1909f56bfc062723c751e8b465ee728b)
Start importing Assets/YughuesFreeMetalMaterials/Materials/Textures/T_26_Specular.tga using Guid(7a69b4259fea3f04fae8f266184826fa) Importer(815301076,1909f56bfc062723c751e8b465ee728b)  -> (artifact id: '56cc9db95bb5643903d3d7cef015fbba') in 0.009003 seconds 
  Import took 0.011874 seconds .

========================================================================
Received Import Request.
  Time since last request: 0.000258 seconds.
  path: Assets/YughuesFreeMetalMaterials/Materials/Textures/T_15_Specular.tga
  artifactKey: Guid(ac2f27c4fb9eb8640bf13f478c6b89ee) Importer(815301076,1909f56bfc062723c751e8b465ee728b)
Start importing Assets/YughuesFreeMetalMaterials/Materials/Textures/T_15_Specular.tga using Guid(ac2f27c4fb9eb8640bf13f478c6b89ee) Importer(815301076,1909f56bfc062723c751e8b465ee728b)  -> (artifact id: '3281431c4dfb74db585560c1c2a8ea08') in 0.005965 seconds 
  Import took 0.008750 seconds .

========================================================================
Received Import Request.
  Time since last request: 0.000258 seconds.
  path: Assets/YughuesFreeMetalMaterials/Materials/Textures/T_28_Diffuse.tga
  artifactKey: Guid(9b6cbf8847f1b8643a4e8b05122ce9aa) Importer(815301076,1909f56bfc062723c751e8b465ee728b)
Start importing Assets/YughuesFreeMetalMaterials/Materials/Textures/T_28_Diffuse.tga using Guid(9b6cbf8847f1b8643a4e8b05122ce9aa) Importer(815301076,1909f56bfc062723c751e8b465ee728b)  -> (artifact id: 'd1ab805c3b5a25920858e445cd9b5d0f') in 0.004810 seconds 
  Import took 0.007690 seconds .

========================================================================
Received Import Request.
  Time since last request: 0.000208 seconds.
  path: Assets/YughuesFreeMetalMaterials/Materials/Textures/T_11_Specular.tga
  artifactKey: Guid(26a5a819f3afd984ea4658c19842fc91) Importer(815301076,1909f56bfc062723c751e8b465ee728b)
Start importing Assets/YughuesFreeMetalMaterials/Materials/Textures/T_11_Specular.tga using Guid(26a5a819f3afd984ea4658c19842fc91) Importer(815301076,1909f56bfc062723c751e8b465ee728b)  -> (artifact id: '82d7bc5c3d21e54342d7a57edeec33e0') in 0.005562 seconds 
  Import took 0.008353 seconds .

========================================================================
Received Import Request.
  Time since last request: 0.000261 seconds.
  path: Assets/YughuesFreeMetalMaterials/Materials/Textures/T_10_Specular.tga
  artifactKey: Guid(03dd414d6373d4e458121278ae3a91e5) Importer(815301076,1909f56bfc062723c751e8b465ee728b)
Start importing Assets/YughuesFreeMetalMaterials/Materials/Textures/T_10_Specular.tga using Guid(03dd414d6373d4e458121278ae3a91e5) Importer(815301076,1909f56bfc062723c751e8b465ee728b)  -> (artifact id: '48d4bfc6880d05bd53efe3baf7a4ccd4') in 0.005628 seconds 
  Import took 0.008437 seconds .

========================================================================
Received Import Request.
  Time since last request: 0.000228 seconds.
  path: Assets/YughuesFreeMetalMaterials/Materials/Textures/T_15_Diffuse.tga
  artifactKey: Guid(47f997fbf9cb3a840a27fef8a495a398) Importer(815301076,1909f56bfc062723c751e8b465ee728b)
Start importing Assets/YughuesFreeMetalMaterials/Materials/Textures/T_15_Diffuse.tga using Guid(47f997fbf9cb3a840a27fef8a495a398) Importer(815301076,1909f56bfc062723c751e8b465ee728b)  -> (artifact id: '6fdb350e10395dd6426e03d7ab917ef9') in 0.005763 seconds 
  Import took 0.008539 seconds .

========================================================================
Received Import Request.
  Time since last request: 0.000273 seconds.
  path: Assets/YughuesFreeMetalMaterials/Materials/Textures/T_09_Specular.tga
  artifactKey: Guid(23cbb8ee7779285419c0b154e731c40e) Importer(815301076,1909f56bfc062723c751e8b465ee728b)
Start importing Assets/YughuesFreeMetalMaterials/Materials/Textures/T_09_Specular.tga using Guid(23cbb8ee7779285419c0b154e731c40e) Importer(815301076,1909f56bfc062723c751e8b465ee728b)  -> (artifact id: 'd9f58df0c8dacbf68b931730e27df591') in 0.005554 seconds 
  Import took 0.008499 seconds .

========================================================================
Received Import Request.
  Time since last request: 0.000176 seconds.
  path: Assets/YughuesFreeMetalMaterials/Materials/Textures/T_03_Specular.tga
  artifactKey: Guid(d12195ae4fdaf7a4bbf1c1cc203a8dd9) Importer(815301076,1909f56bfc062723c751e8b465ee728b)
Start importing Assets/YughuesFreeMetalMaterials/Materials/Textures/T_03_Specular.tga using Guid(d12195ae4fdaf7a4bbf1c1cc203a8dd9) Importer(815301076,1909f56bfc062723c751e8b465ee728b)  -> (artifact id: 'fe05983c624690d690af6a6854129490') in 0.012024 seconds 
  Import took 0.014947 seconds .

========================================================================
Received Import Request.
  Time since last request: 0.000245 seconds.
  path: Assets/YughuesFreeMetalMaterials/Materials/Textures/T_05_Normal.tga
  artifactKey: Guid(f6e6e6daff08ce04f8e7af85582635bb) Importer(815301076,1909f56bfc062723c751e8b465ee728b)
Start importing Assets/YughuesFreeMetalMaterials/Materials/Textures/T_05_Normal.tga using Guid(f6e6e6daff08ce04f8e7af85582635bb) Importer(815301076,1909f56bfc062723c751e8b465ee728b)  -> (artifact id: '60942dd3414e5384cc4941c0efb37d17') in 0.039809 seconds 
  Import took 0.043435 seconds .

========================================================================
Received Import Request.
  Time since last request: 0.000314 seconds.
  path: Assets/YughuesFreeMetalMaterials/Materials/Textures/T_14_Specular.tga
  artifactKey: Guid(035c1683361e0bd48b03f41544efc189) Importer(815301076,1909f56bfc062723c751e8b465ee728b)
Start importing Assets/YughuesFreeMetalMaterials/Materials/Textures/T_14_Specular.tga using Guid(035c1683361e0bd48b03f41544efc189) Importer(815301076,1909f56bfc062723c751e8b465ee728b)  -> (artifact id: '2c394e2b8fdf2e65dbca8d991e588c11') in 0.007360 seconds 
  Import took 0.010656 seconds .

========================================================================
Received Import Request.
  Time since last request: 0.000264 seconds.
  path: Assets/YughuesFreeMetalMaterials/Materials/Textures/T_31_Diffuse.tga
  artifactKey: Guid(45327f0d326c97f4f884bf345d710f7e) Importer(815301076,1909f56bfc062723c751e8b465ee728b)
Start importing Assets/YughuesFreeMetalMaterials/Materials/Textures/T_31_Diffuse.tga using Guid(45327f0d326c97f4f884bf345d710f7e) Importer(815301076,1909f56bfc062723c751e8b465ee728b)  -> (artifact id: 'abb05e14f3d3f3c82efb6742b6585860') in 0.006956 seconds 
  Import took 0.010537 seconds .

========================================================================
Received Import Request.
  Time since last request: 0.000280 seconds.
  path: Assets/YughuesFreeMetalMaterials/Materials/Textures/T_17_Normal.tga
  artifactKey: Guid(2fdef62fbe345cc4daad91030f54a2d9) Importer(815301076,1909f56bfc062723c751e8b465ee728b)
Start importing Assets/YughuesFreeMetalMaterials/Materials/Textures/T_17_Normal.tga using Guid(2fdef62fbe345cc4daad91030f54a2d9) Importer(815301076,1909f56bfc062723c751e8b465ee728b)  -> (artifact id: '6d1a9c31f04840d690f4a3db68ef008a') in 0.007888 seconds 
  Import took 0.011854 seconds .

========================================================================
Received Import Request.
  Time since last request: 0.000400 seconds.
  path: Assets/YughuesFreeMetalMaterials/Materials/Textures/T_33_Diffuse.tga
  artifactKey: Guid(3616af53dd0659648b71cb468bf03d44) Importer(815301076,1909f56bfc062723c751e8b465ee728b)
Start importing Assets/YughuesFreeMetalMaterials/Materials/Textures/T_33_Diffuse.tga using Guid(3616af53dd0659648b71cb468bf03d44) Importer(815301076,1909f56bfc062723c751e8b465ee728b)  -> (artifact id: 'eaa187b6d5f3df9c7f0d263267a518eb') in 0.024729 seconds 
  Import took 0.028332 seconds .

========================================================================
Received Import Request.
  Time since last request: 0.000195 seconds.
  path: Assets/YughuesFreeMetalMaterials/Materials/Textures/T_02_Diffuse.tga
  artifactKey: Guid(b83cd04fd3669764388c0ad4cc89e7e2) Importer(815301076,1909f56bfc062723c751e8b465ee728b)
Start importing Assets/YughuesFreeMetalMaterials/Materials/Textures/T_02_Diffuse.tga using Guid(b83cd04fd3669764388c0ad4cc89e7e2) Importer(815301076,1909f56bfc062723c751e8b465ee728b)  -> (artifact id: 'dd966fe3e452e290fb3cc418a3419156') in 0.009389 seconds 
  Import took 0.012512 seconds .

========================================================================
Received Import Request.
  Time since last request: 0.000351 seconds.
  path: Assets/YughuesFreeMetalMaterials/Materials/Textures/T_08_Diffuse.tga
  artifactKey: Guid(640ee290d9cbc4b4685c85ef0d50ea60) Importer(815301076,1909f56bfc062723c751e8b465ee728b)
Start importing Assets/YughuesFreeMetalMaterials/Materials/Textures/T_08_Diffuse.tga using Guid(640ee290d9cbc4b4685c85ef0d50ea60) Importer(815301076,1909f56bfc062723c751e8b465ee728b)  -> (artifact id: 'e3dd9956015ff4392e938e4dd79a1017') in 0.006417 seconds 
  Import took 0.009761 seconds .

========================================================================
Received Import Request.
  Time since last request: 0.000309 seconds.
  path: Assets/YughuesFreeMetalMaterials/Materials/Textures/T_27_Diffuse.tga
  artifactKey: Guid(455a6bfeed4785648b13816f37f358e4) Importer(815301076,1909f56bfc062723c751e8b465ee728b)
Start importing Assets/YughuesFreeMetalMaterials/Materials/Textures/T_27_Diffuse.tga using Guid(455a6bfeed4785648b13816f37f358e4) Importer(815301076,1909f56bfc062723c751e8b465ee728b)  -> (artifact id: '417b79f0a6d306f9988e1d4c96ac2121') in 0.005686 seconds 
  Import took 0.009013 seconds .

========================================================================
Received Import Request.
  Time since last request: 0.000274 seconds.
  path: Assets/YughuesFreeMetalMaterials/Materials/Textures/T_17_Diffuse.tga
  artifactKey: Guid(f6061b0c042df0b40978226fa22c5697) Importer(815301076,1909f56bfc062723c751e8b465ee728b)
Start importing Assets/YughuesFreeMetalMaterials/Materials/Textures/T_17_Diffuse.tga using Guid(f6061b0c042df0b40978226fa22c5697) Importer(815301076,1909f56bfc062723c751e8b465ee728b)  -> (artifact id: '51e12dacd86c64523d0158b14a653d16') in 0.006385 seconds 
  Import took 0.009808 seconds .

========================================================================
Received Import Request.
  Time since last request: 0.000246 seconds.
  path: Assets/YughuesFreeMetalMaterials/Materials/Textures/T_06_Specular.tga
  artifactKey: Guid(be9e7e8e339ba1e4799d2618611d7661) Importer(815301076,1909f56bfc062723c751e8b465ee728b)
Start importing Assets/YughuesFreeMetalMaterials/Materials/Textures/T_06_Specular.tga using Guid(be9e7e8e339ba1e4799d2618611d7661) Importer(815301076,1909f56bfc062723c751e8b465ee728b)  -> (artifact id: '1fc8726202e1f57f82e22482d2ad5274') in 0.006366 seconds 
  Import took 0.009583 seconds .

========================================================================
Received Import Request.
  Time since last request: 0.000270 seconds.
  path: Assets/YughuesFreeMetalMaterials/Materials/Textures/T_03_Normal.tga
  artifactKey: Guid(1f8c6ec62be014641995334990ab7993) Importer(815301076,1909f56bfc062723c751e8b465ee728b)
Start importing Assets/YughuesFreeMetalMaterials/Materials/Textures/T_03_Normal.tga using Guid(1f8c6ec62be014641995334990ab7993) Importer(815301076,1909f56bfc062723c751e8b465ee728b)  -> (artifact id: '33e5fecef4c1bdcee460a1abef50331d') in 0.007134 seconds 
  Import took 0.010428 seconds .

========================================================================
Received Import Request.
  Time since last request: 0.000290 seconds.
  path: Assets/YughuesFreeMetalMaterials/Materials/Textures/T_11_Normal.tga
  artifactKey: Guid(f75108035af3d8a4390bfe96a3342a2f) Importer(815301076,1909f56bfc062723c751e8b465ee728b)
Start importing Assets/YughuesFreeMetalMaterials/Materials/Textures/T_11_Normal.tga using Guid(f75108035af3d8a4390bfe96a3342a2f) Importer(815301076,1909f56bfc062723c751e8b465ee728b)  -> (artifact id: 'd7dac4dd68d38d03cba3c67518f4972d') in 0.006868 seconds 
  Import took 0.010267 seconds .

========================================================================
Received Import Request.
  Time since last request: 0.000236 seconds.
  path: Assets/YughuesFreeMetalMaterials/Materials/Textures/T_01_Diffuse.tga
  artifactKey: Guid(329307f94867b154e8e49be96de7caad) Importer(815301076,1909f56bfc062723c751e8b465ee728b)
Start importing Assets/YughuesFreeMetalMaterials/Materials/Textures/T_01_Diffuse.tga using Guid(329307f94867b154e8e49be96de7caad) Importer(815301076,1909f56bfc062723c751e8b465ee728b)  -> (artifact id: '4b49e7058be7de7e8b53fe2fe71148d4') in 0.006608 seconds 
  Import took 0.009876 seconds .

========================================================================
Received Import Request.
  Time since last request: 0.000248 seconds.
  path: Assets/YughuesFreeMetalMaterials/Materials/Textures/T_07_Diffuse.tga
  artifactKey: Guid(d0e1b4cdfbad6b348a3f788a993a77d4) Importer(815301076,1909f56bfc062723c751e8b465ee728b)
Start importing Assets/YughuesFreeMetalMaterials/Materials/Textures/T_07_Diffuse.tga using Guid(d0e1b4cdfbad6b348a3f788a993a77d4) Importer(815301076,1909f56bfc062723c751e8b465ee728b)  -> (artifact id: '7ba61f080c6b4af9e0f818fe59417a3d') in 0.005975 seconds 
  Import took 0.009127 seconds .

========================================================================
Received Import Request.
  Time since last request: 0.000320 seconds.
  path: Assets/YughuesFreeMetalMaterials/Materials/Textures/T_10_Glow.tga
  artifactKey: Guid(0145160747ee37d48b70a86ba8103d7a) Importer(815301076,1909f56bfc062723c751e8b465ee728b)
Start importing Assets/YughuesFreeMetalMaterials/Materials/Textures/T_10_Glow.tga using Guid(0145160747ee37d48b70a86ba8103d7a) Importer(815301076,1909f56bfc062723c751e8b465ee728b)  -> (artifact id: '6da774606e4994494b6c75df608a06ba') in 0.005216 seconds 
  Import took 0.008376 seconds .

========================================================================
Received Import Request.
  Time since last request: 0.000304 seconds.
  path: Assets/YughuesFreeMetalMaterials/Materials/Textures/T_22_Normal.tga
  artifactKey: Guid(7bf14af4662458044a096632566cf50a) Importer(815301076,1909f56bfc062723c751e8b465ee728b)
Start importing Assets/YughuesFreeMetalMaterials/Materials/Textures/T_22_Normal.tga using Guid(7bf14af4662458044a096632566cf50a) Importer(815301076,1909f56bfc062723c751e8b465ee728b)  -> (artifact id: '2841f83e413ed746c293f745c1f404e9') in 0.005863 seconds 
  Import took 0.008999 seconds .

========================================================================
Received Import Request.
  Time since last request: 0.000244 seconds.
  path: Assets/YughuesFreeMetalMaterials/Materials/Textures/T_16_Diffuse.tga
  artifactKey: Guid(1730b9de01b2d4542b503f797a18edc1) Importer(815301076,1909f56bfc062723c751e8b465ee728b)
Start importing Assets/YughuesFreeMetalMaterials/Materials/Textures/T_16_Diffuse.tga using Guid(1730b9de01b2d4542b503f797a18edc1) Importer(815301076,1909f56bfc062723c751e8b465ee728b)  -> (artifact id: '150a23626ffcb6cae2e8aaa66e6fc532') in 0.008118 seconds 
  Import took 0.011284 seconds .

========================================================================
Received Import Request.
  Time since last request: 0.000263 seconds.
  path: Assets/YughuesFreeMetalMaterials/Materials/Textures/T_21_Normal.tga
  artifactKey: Guid(e467b527fd3204a4292b9afadb018f4a) Importer(815301076,1909f56bfc062723c751e8b465ee728b)
Start importing Assets/YughuesFreeMetalMaterials/Materials/Textures/T_21_Normal.tga using Guid(e467b527fd3204a4292b9afadb018f4a) Importer(815301076,1909f56bfc062723c751e8b465ee728b)  -> (artifact id: '64a0f5877f2554966867e6be1579f609') in 0.011352 seconds 
  Import took 0.014478 seconds .

========================================================================
Received Import Request.
  Time since last request: 0.000276 seconds.
  path: Assets/YughuesFreeMetalMaterials/Materials/Textures/T_31_Specular.tga
  artifactKey: Guid(384e3a81535804f4b8ba6a0c1a288812) Importer(815301076,1909f56bfc062723c751e8b465ee728b)
Start importing Assets/YughuesFreeMetalMaterials/Materials/Textures/T_31_Specular.tga using Guid(384e3a81535804f4b8ba6a0c1a288812) Importer(815301076,1909f56bfc062723c751e8b465ee728b)  -> (artifact id: '7f7fadcea58df41f9456ac6a3501d079') in 0.006112 seconds 
  Import took 0.009244 seconds .

========================================================================
Received Import Request.
  Time since last request: 0.000234 seconds.
  path: Assets/YughuesFreeMetalMaterials/Materials/Textures/T_11_Diffuse.tga
  artifactKey: Guid(02b2e6db5c6cbc74796f44888a7f1197) Importer(815301076,1909f56bfc062723c751e8b465ee728b)
Start importing Assets/YughuesFreeMetalMaterials/Materials/Textures/T_11_Diffuse.tga using Guid(02b2e6db5c6cbc74796f44888a7f1197) Importer(815301076,1909f56bfc062723c751e8b465ee728b)  -> (artifact id: 'b59ea66e012ed2bfc018ce256e72650f') in 0.014709 seconds 
  Import took 0.017793 seconds .

========================================================================
Received Import Request.
  Time since last request: 0.000262 seconds.
  path: Assets/YughuesFreeMetalMaterials/Materials/Textures/T_30_Diffuse.tga
  artifactKey: Guid(6612a81492f80c143801fcb059874cea) Importer(815301076,1909f56bfc062723c751e8b465ee728b)
Start importing Assets/YughuesFreeMetalMaterials/Materials/Textures/T_30_Diffuse.tga using Guid(6612a81492f80c143801fcb059874cea) Importer(815301076,1909f56bfc062723c751e8b465ee728b)  -> (artifact id: '9eb1bdd49f40cb75fa18f8ad95012456') in 0.005816 seconds 
  Import took 0.008952 seconds .

========================================================================
Received Import Request.
  Time since last request: 0.000277 seconds.
  path: Assets/YughuesFreeMetalMaterials/Materials/Textures/T_22_Specular.tga
  artifactKey: Guid(15e885e03e6987540a13c5f25e1e7f4b) Importer(815301076,1909f56bfc062723c751e8b465ee728b)
Start importing Assets/YughuesFreeMetalMaterials/Materials/Textures/T_22_Specular.tga using Guid(15e885e03e6987540a13c5f25e1e7f4b) Importer(815301076,1909f56bfc062723c751e8b465ee728b)  -> (artifact id: '19ec686bbf59d16966be93ce02d63b83') in 0.006106 seconds 
  Import took 0.009431 seconds .

========================================================================
Received Import Request.
  Time since last request: 0.000443 seconds.
  path: Assets/YughuesFreeMetalMaterials/Materials/Textures/T_02_Specular.tga
  artifactKey: Guid(d8b7271fec101a84abbc668382536813) Importer(815301076,1909f56bfc062723c751e8b465ee728b)
Start importing Assets/YughuesFreeMetalMaterials/Materials/Textures/T_02_Specular.tga using Guid(d8b7271fec101a84abbc668382536813) Importer(815301076,1909f56bfc062723c751e8b465ee728b)  -> (artifact id: 'f73eb251b8bcb3a448b96467ef931349') in 0.006525 seconds 
  Import took 0.009893 seconds .

========================================================================
Received Import Request.
  Time since last request: 0.000238 seconds.
  path: Assets/YughuesFreeMetalMaterials/Materials/Textures/T_20_Specular.tga
  artifactKey: Guid(bb501974d576ad945a07b28c3af045a9) Importer(815301076,1909f56bfc062723c751e8b465ee728b)
Start importing Assets/YughuesFreeMetalMaterials/Materials/Textures/T_20_Specular.tga using Guid(bb501974d576ad945a07b28c3af045a9) Importer(815301076,1909f56bfc062723c751e8b465ee728b)  -> (artifact id: '3395dcecfdbbea07a313f6e0c8dc42fa') in 0.006438 seconds 
  Import took 0.009541 seconds .

========================================================================
Received Import Request.
  Time since last request: 0.000261 seconds.
  path: Assets/YughuesFreeMetalMaterials/Materials/Textures/T_32_Normal.tga
  artifactKey: Guid(2c1a4f21c19d4044eb1a16365b2ee5c2) Importer(815301076,1909f56bfc062723c751e8b465ee728b)
Start importing Assets/YughuesFreeMetalMaterials/Materials/Textures/T_32_Normal.tga using Guid(2c1a4f21c19d4044eb1a16365b2ee5c2) Importer(815301076,1909f56bfc062723c751e8b465ee728b)  -> (artifact id: 'dce07c714e7dcf571b5db2f64b18ed09') in 0.018778 seconds 
  Import took 0.021967 seconds .

========================================================================
Received Import Request.
  Time since last request: 0.000247 seconds.
  path: Assets/YughuesFreeMetalMaterials/Materials/Textures/T_34_Diffuse.tga
  artifactKey: Guid(48767341f44caab40ac1a920878bb23c) Importer(815301076,1909f56bfc062723c751e8b465ee728b)
Start importing Assets/YughuesFreeMetalMaterials/Materials/Textures/T_34_Diffuse.tga using Guid(48767341f44caab40ac1a920878bb23c) Importer(815301076,1909f56bfc062723c751e8b465ee728b)  -> (artifact id: '37263aaefd972b0e19b7e6d66749d02c') in 0.006493 seconds 
  Import took 0.009541 seconds .

========================================================================
Received Import Request.
  Time since last request: 0.000267 seconds.
  path: Assets/YughuesFreeMetalMaterials/Materials/Textures/T_18_Diffuse.tga
  artifactKey: Guid(593ec409626273b4fafae09440a512d5) Importer(815301076,1909f56bfc062723c751e8b465ee728b)
Start importing Assets/YughuesFreeMetalMaterials/Materials/Textures/T_18_Diffuse.tga using Guid(593ec409626273b4fafae09440a512d5) Importer(815301076,1909f56bfc062723c751e8b465ee728b)  -> (artifact id: 'a9a100c80bbcb4cc061e602d0505e9b9') in 0.005948 seconds 
  Import took 0.009254 seconds .

========================================================================
Received Import Request.
  Time since last request: 0.000279 seconds.
  path: Assets/YughuesFreeMetalMaterials/Materials/Textures/T_13_Diffuse.tga
  artifactKey: Guid(33dc51d475a7a4146b3b5d4c45273177) Importer(815301076,1909f56bfc062723c751e8b465ee728b)
Start importing Assets/YughuesFreeMetalMaterials/Materials/Textures/T_13_Diffuse.tga using Guid(33dc51d475a7a4146b3b5d4c45273177) Importer(815301076,1909f56bfc062723c751e8b465ee728b)  -> (artifact id: 'f5eebe6e903e5b224d380eef6edd9b23') in 0.006042 seconds 
  Import took 0.009304 seconds .

========================================================================
Received Import Request.
  Time since last request: 0.000267 seconds.
  path: Assets/YughuesFreeMetalMaterials/Materials/Textures
  artifactKey: Guid(1e920fb1b107c1d4d9e5864c1a3e5055) Importer(815301076,1909f56bfc062723c751e8b465ee728b)
Start importing Assets/YughuesFreeMetalMaterials/Materials/Textures using Guid(1e920fb1b107c1d4d9e5864c1a3e5055) Importer(815301076,1909f56bfc062723c751e8b465ee728b)  -> (artifact id: 'cd49e26fca81d8432937d86ee221f540') in 0.000735 seconds 
  Import took 0.003485 seconds .

========================================================================
Received Import Request.
  Time since last request: 0.000645 seconds.
  path: Assets/YughuesFreeMetalMaterials/Materials/Textures/T_28_Specular.tga
  artifactKey: Guid(d86c80ae03435124fbf96fd0e9882016) Importer(815301076,1909f56bfc062723c751e8b465ee728b)
Start importing Assets/YughuesFreeMetalMaterials/Materials/Textures/T_28_Specular.tga using Guid(d86c80ae03435124fbf96fd0e9882016) Importer(815301076,1909f56bfc062723c751e8b465ee728b)  -> (artifact id: '28e985609af53037f76ab772ce140566') in 0.012294 seconds 
  Import took 0.015356 seconds .

========================================================================
Received Import Request.
  Time since last request: 0.000297 seconds.
  path: Assets/YughuesFreeMetalMaterials/Materials/Textures/T_31_Normal.tga
  artifactKey: Guid(79a144edbc721134e96d8c6b78287024) Importer(815301076,1909f56bfc062723c751e8b465ee728b)
Start importing Assets/YughuesFreeMetalMaterials/Materials/Textures/T_31_Normal.tga using Guid(79a144edbc721134e96d8c6b78287024) Importer(815301076,1909f56bfc062723c751e8b465ee728b)  -> (artifact id: '37a0f2c6514ddbeadeae3cc387efade0') in 0.006181 seconds 
  Import took 0.009306 seconds .

========================================================================
Received Import Request.
  Time since last request: 0.000261 seconds.
  path: Assets/YughuesFreeMetalMaterials/Materials/Textures/T_32_Diffuse.tga
  artifactKey: Guid(ca4ea6523c57b804492b6ea25083411b) Importer(815301076,1909f56bfc062723c751e8b465ee728b)
Start importing Assets/YughuesFreeMetalMaterials/Materials/Textures/T_32_Diffuse.tga using Guid(ca4ea6523c57b804492b6ea25083411b) Importer(815301076,1909f56bfc062723c751e8b465ee728b)  -> (artifact id: '5df20ab6ff2986f9b0225828087592b8') in 0.006341 seconds 
  Import took 0.009482 seconds .

========================================================================
Received Import Request.
  Time since last request: 0.000323 seconds.
  path: Assets/YughuesFreeMetalMaterials/Materials/Textures/T_18_Specular.tga
  artifactKey: Guid(7ff2b9825ec83cf4e9225113a0b09455) Importer(815301076,1909f56bfc062723c751e8b465ee728b)
Start importing Assets/YughuesFreeMetalMaterials/Materials/Textures/T_18_Specular.tga using Guid(7ff2b9825ec83cf4e9225113a0b09455) Importer(815301076,1909f56bfc062723c751e8b465ee728b)  -> (artifact id: '5fb73f2bad7b2e1cf6149f104ccb5ec7') in 0.005963 seconds 
  Import took 0.009203 seconds .

========================================================================
Received Import Request.
  Time since last request: 0.000294 seconds.
  path: Assets/YughuesFreeMetalMaterials/Materials/Textures/T_19_Normal.tga
  artifactKey: Guid(22687ef8e4927174589eb342f9d40cd0) Importer(815301076,1909f56bfc062723c751e8b465ee728b)
Start importing Assets/YughuesFreeMetalMaterials/Materials/Textures/T_19_Normal.tga using Guid(22687ef8e4927174589eb342f9d40cd0) Importer(815301076,1909f56bfc062723c751e8b465ee728b)  -> (artifact id: '44b42ad7ea279b1b205cb54e6d74a8fa') in 0.006453 seconds 
  Import took 0.009595 seconds .

========================================================================
Received Import Request.
  Time since last request: 0.000251 seconds.
  path: Assets/YughuesFreeMetalMaterials/Materials/Textures/T_21_Diffuse.tga
  artifactKey: Guid(65c44c9418dce2e4e966f8fb196d64db) Importer(815301076,1909f56bfc062723c751e8b465ee728b)
Start importing Assets/YughuesFreeMetalMaterials/Materials/Textures/T_21_Diffuse.tga using Guid(65c44c9418dce2e4e966f8fb196d64db) Importer(815301076,1909f56bfc062723c751e8b465ee728b)  -> (artifact id: 'c5760293d75708dad566cd335afa30f4') in 0.006120 seconds 
  Import took 0.009264 seconds .

========================================================================
Received Import Request.
  Time since last request: 0.000255 seconds.
  path: Assets/YughuesFreeMetalMaterials/Materials/Textures/T_27_Normal.tga
  artifactKey: Guid(32f6012cc48ae0b4899021bb4a03a8da) Importer(815301076,1909f56bfc062723c751e8b465ee728b)
Start importing Assets/YughuesFreeMetalMaterials/Materials/Textures/T_27_Normal.tga using Guid(32f6012cc48ae0b4899021bb4a03a8da) Importer(815301076,1909f56bfc062723c751e8b465ee728b)  -> (artifact id: 'be7d57c1d039464e3ea06c9026b2407f') in 0.005490 seconds 
  Import took 0.008606 seconds .

========================================================================
Received Import Request.
  Time since last request: 0.000242 seconds.
  path: Assets/YughuesFreeMetalMaterials/Materials/Textures/T_25_Normal.tga
  artifactKey: Guid(18fcf7bf1b94dd3459a6ea26b304428e) Importer(815301076,1909f56bfc062723c751e8b465ee728b)
Start importing Assets/YughuesFreeMetalMaterials/Materials/Textures/T_25_Normal.tga using Guid(18fcf7bf1b94dd3459a6ea26b304428e) Importer(815301076,1909f56bfc062723c751e8b465ee728b)  -> (artifact id: 'e5d2a00bfc33f54827dc2ce1dd3f94b6') in 0.006442 seconds 
  Import took 0.009599 seconds .

========================================================================
Received Import Request.
  Time since last request: 0.000240 seconds.
  path: Assets/YughuesFreeMetalMaterials/Materials/Textures/T_05_Diffuse.tga
  artifactKey: Guid(51b05ea1455c0f64dbd5387d62de22e1) Importer(815301076,1909f56bfc062723c751e8b465ee728b)
Start importing Assets/YughuesFreeMetalMaterials/Materials/Textures/T_05_Diffuse.tga using Guid(51b05ea1455c0f64dbd5387d62de22e1) Importer(815301076,1909f56bfc062723c751e8b465ee728b)  -> (artifact id: '9d624b259fd8e7338847aefeff5ec427') in 0.016807 seconds 
  Import took 0.020120 seconds .

========================================================================
Received Import Request.
  Time since last request: 0.000334 seconds.
  path: Assets/YughuesFreeMetalMaterials/Materials/Textures/T_29_Specular.tga
  artifactKey: Guid(e4302bec91d4bb647bc25b8b81f9a9fc) Importer(815301076,1909f56bfc062723c751e8b465ee728b)
Start importing Assets/YughuesFreeMetalMaterials/Materials/Textures/T_29_Specular.tga using Guid(e4302bec91d4bb647bc25b8b81f9a9fc) Importer(815301076,1909f56bfc062723c751e8b465ee728b)  -> (artifact id: '5d3db631955f79d0604a1225e7f80d8d') in 0.016592 seconds 
  Import took 0.020060 seconds .

========================================================================
Received Import Request.
  Time since last request: 0.000415 seconds.
  path: Assets/YughuesFreeMetalMaterials/Materials/Textures/T_26_Normal.tga
  artifactKey: Guid(a5a6e3521459fc94e9bd621c71bd96af) Importer(815301076,1909f56bfc062723c751e8b465ee728b)
Start importing Assets/YughuesFreeMetalMaterials/Materials/Textures/T_26_Normal.tga using Guid(a5a6e3521459fc94e9bd621c71bd96af) Importer(815301076,1909f56bfc062723c751e8b465ee728b)  -> (artifact id: '58cf895040aa3cb103add0bd517e20e9') in 0.006592 seconds 
  Import took 0.010210 seconds .

========================================================================
Received Import Request.
  Time since last request: 0.000374 seconds.
  path: Assets/YughuesFreeMetalMaterials/Materials/Textures/T_13_Normal.tga
  artifactKey: Guid(85f9003fe1dd73a42a65527724405180) Importer(815301076,1909f56bfc062723c751e8b465ee728b)
Start importing Assets/YughuesFreeMetalMaterials/Materials/Textures/T_13_Normal.tga using Guid(85f9003fe1dd73a42a65527724405180) Importer(815301076,1909f56bfc062723c751e8b465ee728b)  -> (artifact id: '4773d991035fa0b78a598269c70b953b') in 0.007148 seconds 
  Import took 0.010666 seconds .

========================================================================
Received Import Request.
  Time since last request: 0.000340 seconds.
  path: Assets/YughuesFreeMetalMaterials/Materials/Textures/T_02_Normal.tga
  artifactKey: Guid(d4590337a78a04448a1e23b2d41cd1c4) Importer(815301076,1909f56bfc062723c751e8b465ee728b)
Start importing Assets/YughuesFreeMetalMaterials/Materials/Textures/T_02_Normal.tga using Guid(d4590337a78a04448a1e23b2d41cd1c4) Importer(815301076,1909f56bfc062723c751e8b465ee728b)  -> (artifact id: '4964fbc0702d859def13db7dd9b93421') in 0.006631 seconds 
  Import took 0.010030 seconds .

========================================================================
Received Import Request.
  Time since last request: 0.000264 seconds.
  path: Assets/YughuesFreeMetalMaterials/Materials/Textures/T_33_Specular.tga
  artifactKey: Guid(2f8736d3b14d57248aa4deb116b93d32) Importer(815301076,1909f56bfc062723c751e8b465ee728b)
Start importing Assets/YughuesFreeMetalMaterials/Materials/Textures/T_33_Specular.tga using Guid(2f8736d3b14d57248aa4deb116b93d32) Importer(815301076,1909f56bfc062723c751e8b465ee728b)  -> (artifact id: '1744983ffab0cf90a5cc63db7720fc14') in 0.006768 seconds 
  Import took 0.010356 seconds .

========================================================================
Received Import Request.
  Time since last request: 0.000289 seconds.
  path: Assets/YughuesFreeMetalMaterials/Materials/Textures/T_30_Specular.tga
  artifactKey: Guid(a9d5254462ec08c49bfbc9da579a1f13) Importer(815301076,1909f56bfc062723c751e8b465ee728b)
Start importing Assets/YughuesFreeMetalMaterials/Materials/Textures/T_30_Specular.tga using Guid(a9d5254462ec08c49bfbc9da579a1f13) Importer(815301076,1909f56bfc062723c751e8b465ee728b)  -> (artifact id: '9e186468e2f4d081a763b2a2d0ec0d5c') in 0.005951 seconds 
  Import took 0.009277 seconds .

========================================================================
Received Import Request.
  Time since last request: 0.000264 seconds.
  path: Assets/YughuesFreeMetalMaterials/Materials/Textures/T_12_Specular.tga
  artifactKey: Guid(d72611aa5c8088f4eb634a6f1178acd5) Importer(815301076,1909f56bfc062723c751e8b465ee728b)
Start importing Assets/YughuesFreeMetalMaterials/Materials/Textures/T_12_Specular.tga using Guid(d72611aa5c8088f4eb634a6f1178acd5) Importer(815301076,1909f56bfc062723c751e8b465ee728b)  -> (artifact id: 'add25b3bb4eeb06eda1b05258d161e38') in 0.006524 seconds 
  Import took 0.009778 seconds .

========================================================================
Received Import Request.
  Time since last request: 0.000289 seconds.
  path: Assets/YughuesFreeMetalMaterials/Materials/Textures/T_19_Diffuse.tga
  artifactKey: Guid(ef882f7a63423bf4896b9f58e236acf9) Importer(815301076,1909f56bfc062723c751e8b465ee728b)
Start importing Assets/YughuesFreeMetalMaterials/Materials/Textures/T_19_Diffuse.tga using Guid(ef882f7a63423bf4896b9f58e236acf9) Importer(815301076,1909f56bfc062723c751e8b465ee728b)  -> (artifact id: 'a4774b4ccb9c7b75bd91fc9571c0f430') in 0.006372 seconds 
  Import took 0.009602 seconds .

========================================================================
Received Import Request.
  Time since last request: 0.000254 seconds.
  path: Assets/YughuesFreeMetalMaterials/Materials/Textures/T_24_Diffuse.tga
  artifactKey: Guid(4bdf8705c42ae7540afc582420d73843) Importer(815301076,1909f56bfc062723c751e8b465ee728b)
Start importing Assets/YughuesFreeMetalMaterials/Materials/Textures/T_24_Diffuse.tga using Guid(4bdf8705c42ae7540afc582420d73843) Importer(815301076,1909f56bfc062723c751e8b465ee728b)  -> (artifact id: 'd758da888095a1b3e5c7d5a6b2f7e560') in 0.022173 seconds 
  Import took 0.025367 seconds .

========================================================================
Received Import Request.
  Time since last request: 0.000249 seconds.
  path: Assets/YughuesFreeMetalMaterials/Materials/Textures/T_28_Normal.tga
  artifactKey: Guid(295f3d524574d1c46b83457cc0c64f78) Importer(815301076,1909f56bfc062723c751e8b465ee728b)
Start importing Assets/YughuesFreeMetalMaterials/Materials/Textures/T_28_Normal.tga using Guid(295f3d524574d1c46b83457cc0c64f78) Importer(815301076,1909f56bfc062723c751e8b465ee728b)  -> (artifact id: '39a727d9540bdb68f0512e510d72965e') in 0.006478 seconds 
  Import took 0.009709 seconds .

========================================================================
Received Import Request.
  Time since last request: 0.000319 seconds.
  path: Assets/YughuesFreeMetalMaterials/Materials/Textures/T_29_Diffuse.tga
  artifactKey: Guid(e8642de7dca4ee042b91319e75d59ce2) Importer(815301076,1909f56bfc062723c751e8b465ee728b)
Start importing Assets/YughuesFreeMetalMaterials/Materials/Textures/T_29_Diffuse.tga using Guid(e8642de7dca4ee042b91319e75d59ce2) Importer(815301076,1909f56bfc062723c751e8b465ee728b)  -> (artifact id: 'f12df3cfbe046ce07826b98a7ec20505') in 0.020283 seconds 
  Import took 0.023761 seconds .

========================================================================
Received Import Request.
  Time since last request: 0.000294 seconds.
  path: Assets/YughuesFreeMetalMaterials/Materials/Textures/T_18_Normal.tga
  artifactKey: Guid(c902dc60be5856949909aacd8d22ccea) Importer(815301076,1909f56bfc062723c751e8b465ee728b)
Start importing Assets/YughuesFreeMetalMaterials/Materials/Textures/T_18_Normal.tga using Guid(c902dc60be5856949909aacd8d22ccea) Importer(815301076,1909f56bfc062723c751e8b465ee728b)  -> (artifact id: '0932283bc75ede2cff50219f98777929') in 0.006746 seconds 
  Import took 0.010018 seconds .

========================================================================
Received Import Request.
  Time since last request: 0.000265 seconds.
  path: Assets/YughuesFreeMetalMaterials/Materials/Textures/T_21_Specular.tga
  artifactKey: Guid(c979550daad02764d983ba90e592ad9d) Importer(815301076,1909f56bfc062723c751e8b465ee728b)
Start importing Assets/YughuesFreeMetalMaterials/Materials/Textures/T_21_Specular.tga using Guid(c979550daad02764d983ba90e592ad9d) Importer(815301076,1909f56bfc062723c751e8b465ee728b)  -> (artifact id: 'c0d172bafa7c36ef5203d241a2de6119') in 0.006613 seconds 
  Import took 0.009861 seconds .

========================================================================
Received Import Request.
  Time since last request: 0.000249 seconds.
  path: Assets/YughuesFreeMetalMaterials/Materials/Textures/T_33_Normal.tga
  artifactKey: Guid(6efa5bd4c9b0d8a4c98eb99feafec635) Importer(815301076,1909f56bfc062723c751e8b465ee728b)
Start importing Assets/YughuesFreeMetalMaterials/Materials/Textures/T_33_Normal.tga using Guid(6efa5bd4c9b0d8a4c98eb99feafec635) Importer(815301076,1909f56bfc062723c751e8b465ee728b)  -> (artifact id: '431eeacd6c80f3b8f834f752df3c606a') in 0.006566 seconds 
  Import took 0.009763 seconds .

========================================================================
Received Import Request.
  Time since last request: 0.000242 seconds.
  path: Assets/YughuesFreeMetalMaterials/Materials/Textures/T_07_Specular.tga
  artifactKey: Guid(b07df3cddf993c54a8a17e64f457b549) Importer(815301076,1909f56bfc062723c751e8b465ee728b)
Start importing Assets/YughuesFreeMetalMaterials/Materials/Textures/T_07_Specular.tga using Guid(b07df3cddf993c54a8a17e64f457b549) Importer(815301076,1909f56bfc062723c751e8b465ee728b)  -> (artifact id: '1ffad14778c5f58662fb27884176a665') in 0.006308 seconds 
  Import took 0.009622 seconds .

========================================================================
Received Import Request.
  Time since last request: 0.000294 seconds.
  path: Assets/YughuesFreeMetalMaterials/Materials/Textures/T_32_Specular.tga
  artifactKey: Guid(a56680fa333c9894ba111daea6d1c386) Importer(815301076,1909f56bfc062723c751e8b465ee728b)
Start importing Assets/YughuesFreeMetalMaterials/Materials/Textures/T_32_Specular.tga using Guid(a56680fa333c9894ba111daea6d1c386) Importer(815301076,1909f56bfc062723c751e8b465ee728b)  -> (artifact id: '2e4814dea3f8c6890ad38f1a5a92c994') in 0.006530 seconds 
  Import took 0.010051 seconds .

========================================================================
Received Import Request.
  Time since last request: 0.000246 seconds.
  path: Assets/YughuesFreeMetalMaterials/Materials/Textures/T_23_Diffuse.tga
  artifactKey: Guid(8413ed1331ead2d45ade40523232bc0f) Importer(815301076,1909f56bfc062723c751e8b465ee728b)
Start importing Assets/YughuesFreeMetalMaterials/Materials/Textures/T_23_Diffuse.tga using Guid(8413ed1331ead2d45ade40523232bc0f) Importer(815301076,1909f56bfc062723c751e8b465ee728b)  -> (artifact id: 'ed5ef0a44bf29571be8eb5f97cb82847') in 0.006562 seconds 
  Import took 0.010045 seconds .

========================================================================
Received Import Request.
  Time since last request: 0.000280 seconds.
  path: Assets/YughuesFreeMetalMaterials/Materials/Textures/T_08_Specular.tga
  artifactKey: Guid(9e54b7e0308fe894fac37951533a179e) Importer(815301076,1909f56bfc062723c751e8b465ee728b)
Start importing Assets/YughuesFreeMetalMaterials/Materials/Textures/T_08_Specular.tga using Guid(9e54b7e0308fe894fac37951533a179e) Importer(815301076,1909f56bfc062723c751e8b465ee728b)  -> (artifact id: '514f19f20f4ebff0d9afe0d604758276') in 0.006435 seconds 
  Import took 0.009881 seconds .

========================================================================
Received Import Request.
  Time since last request: 0.000338 seconds.
  path: Assets/YughuesFreeMetalMaterials/Materials/Textures/T_20_Diffuse.tga
  artifactKey: Guid(87c733e12f51e524d919526b301155bd) Importer(815301076,1909f56bfc062723c751e8b465ee728b)
Start importing Assets/YughuesFreeMetalMaterials/Materials/Textures/T_20_Diffuse.tga using Guid(87c733e12f51e524d919526b301155bd) Importer(815301076,1909f56bfc062723c751e8b465ee728b)  -> (artifact id: '766081d0a99ac9e038dc0d7ba20b9b83') in 0.006515 seconds 
  Import took 0.009991 seconds .

========================================================================
Received Import Request.
  Time since last request: 0.000241 seconds.
  path: Assets/YughuesFreeMetalMaterials/Materials/Textures/T_01_Specular.tga
  artifactKey: Guid(09d6c9908f6e3ee4b939119f63b0ee4d) Importer(815301076,1909f56bfc062723c751e8b465ee728b)
Start importing Assets/YughuesFreeMetalMaterials/Materials/Textures/T_01_Specular.tga using Guid(09d6c9908f6e3ee4b939119f63b0ee4d) Importer(815301076,1909f56bfc062723c751e8b465ee728b)  -> (artifact id: 'fbe0b3377724e609de0a622f7c0cd4d9') in 0.006459 seconds 
  Import took 0.009783 seconds .

========================================================================
Received Import Request.
  Time since last request: 0.000273 seconds.
  path: Assets/YughuesFreeMetalMaterials/Materials/Textures/T_16_Normal.tga
  artifactKey: Guid(ecfcad7bf65ab804786622b7d74a2f95) Importer(815301076,1909f56bfc062723c751e8b465ee728b)
Start importing Assets/YughuesFreeMetalMaterials/Materials/Textures/T_16_Normal.tga using Guid(ecfcad7bf65ab804786622b7d74a2f95) Importer(815301076,1909f56bfc062723c751e8b465ee728b)  -> (artifact id: '793cda188e988192cc86cc4496aec47e') in 0.006431 seconds 
  Import took 0.009873 seconds .

========================================================================
Received Import Request.
  Time since last request: 0.000240 seconds.
  path: Assets/YughuesFreeMetalMaterials/Materials/Textures/T_19_Specular.tga
  artifactKey: Guid(edad444768045b242afcceaa7d352ffb) Importer(815301076,1909f56bfc062723c751e8b465ee728b)
Start importing Assets/YughuesFreeMetalMaterials/Materials/Textures/T_19_Specular.tga using Guid(edad444768045b242afcceaa7d352ffb) Importer(815301076,1909f56bfc062723c751e8b465ee728b)  -> (artifact id: 'bd4bf22246c30370e6b2553b6ab3642a') in 0.006779 seconds 
  Import took 0.010177 seconds .

========================================================================
Received Import Request.
  Time since last request: 0.000287 seconds.
  path: Assets/YughuesFreeMetalMaterials/Materials/Textures/T_14_Normal.tga
  artifactKey: Guid(d89e0d9211450ba46a26692c471bc88b) Importer(815301076,1909f56bfc062723c751e8b465ee728b)
Start importing Assets/YughuesFreeMetalMaterials/Materials/Textures/T_14_Normal.tga using Guid(d89e0d9211450ba46a26692c471bc88b) Importer(815301076,1909f56bfc062723c751e8b465ee728b)  -> (artifact id: 'c668dfe1445d7bfeee993a6079a00d30') in 0.006897 seconds 
  Import took 0.010210 seconds .

========================================================================
Received Import Request.
  Time since last request: 0.000287 seconds.
  path: Assets/YughuesFreeMetalMaterials/Materials/Textures/T_16_Emissive.tga
  artifactKey: Guid(8f9391bcf3b56b4429b45da4c326e808) Importer(815301076,1909f56bfc062723c751e8b465ee728b)
Start importing Assets/YughuesFreeMetalMaterials/Materials/Textures/T_16_Emissive.tga using Guid(8f9391bcf3b56b4429b45da4c326e808) Importer(815301076,1909f56bfc062723c751e8b465ee728b)  -> (artifact id: 'd4602516dbe73592dcf53aaaea0619ba') in 0.011658 seconds 
  Import took 0.015072 seconds .

========================================================================
Received Import Request.
  Time since last request: 0.000265 seconds.
  path: Assets/YughuesFreeMetalMaterials/Materials/Textures/T_22_Diffuse.tga
  artifactKey: Guid(445cb47871abfa0459e87e16500c10c7) Importer(815301076,1909f56bfc062723c751e8b465ee728b)
Start importing Assets/YughuesFreeMetalMaterials/Materials/Textures/T_22_Diffuse.tga using Guid(445cb47871abfa0459e87e16500c10c7) Importer(815301076,1909f56bfc062723c751e8b465ee728b)  -> (artifact id: '90ecf6d260a37c1ce97645aad1db997f') in 0.005680 seconds 
  Import took 0.008862 seconds .

========================================================================
Received Import Request.
  Time since last request: 0.000288 seconds.
  path: Assets/YughuesFreeMetalMaterials/Materials/Textures/T_04_Normal.tga
  artifactKey: Guid(c8032c4dd699e8d4d8aa56e703af1483) Importer(815301076,1909f56bfc062723c751e8b465ee728b)
Start importing Assets/YughuesFreeMetalMaterials/Materials/Textures/T_04_Normal.tga using Guid(c8032c4dd699e8d4d8aa56e703af1483) Importer(815301076,1909f56bfc062723c751e8b465ee728b)  -> (artifact id: '99e6e9d687b570ce2af516544657fddd') in 0.006385 seconds 
  Import took 0.009465 seconds .

========================================================================
Received Import Request.
  Time since last request: 0.000303 seconds.
  path: Assets/YughuesFreeMetalMaterials/Materials/Textures/T_10_Normal.tga
  artifactKey: Guid(e0ceb8567a0394b4f85cb11fdac74d36) Importer(815301076,1909f56bfc062723c751e8b465ee728b)
Start importing Assets/YughuesFreeMetalMaterials/Materials/Textures/T_10_Normal.tga using Guid(e0ceb8567a0394b4f85cb11fdac74d36) Importer(815301076,1909f56bfc062723c751e8b465ee728b)  -> (artifact id: '4cc7e9cebbb2933119211731add404d3') in 0.006105 seconds 
  Import took 0.009207 seconds .

========================================================================
Received Import Request.
  Time since last request: 0.000280 seconds.
  path: Assets/YughuesFreeMetalMaterials/Materials/Textures/T_03_Diffuse.tga
  artifactKey: Guid(3f7bdb1db46318a488851d1a48046566) Importer(815301076,1909f56bfc062723c751e8b465ee728b)
Start importing Assets/YughuesFreeMetalMaterials/Materials/Textures/T_03_Diffuse.tga using Guid(3f7bdb1db46318a488851d1a48046566) Importer(815301076,1909f56bfc062723c751e8b465ee728b)  -> (artifact id: '744bb12b10a51d3b6078a679a51b4b1f') in 0.006283 seconds 
  Import took 0.009439 seconds .

========================================================================
Received Import Request.
  Time since last request: 0.000301 seconds.
  path: Assets/YughuesFreeMetalMaterials/Materials/Textures/T_12_Diffuse.tga
  artifactKey: Guid(5d41fed6b38712241854c1e34c96d3ce) Importer(815301076,1909f56bfc062723c751e8b465ee728b)
Start importing Assets/YughuesFreeMetalMaterials/Materials/Textures/T_12_Diffuse.tga using Guid(5d41fed6b38712241854c1e34c96d3ce) Importer(815301076,1909f56bfc062723c751e8b465ee728b)  -> (artifact id: 'c6737ef7da81343d7af98cf9064ee4c6') in 0.005826 seconds 
  Import took 0.008876 seconds .

========================================================================
Received Import Request.
  Time since last request: 0.000275 seconds.
  path: Assets/YughuesFreeMetalMaterials/Materials/Textures/T_20_Normal.tga
  artifactKey: Guid(0bbf8e810623a7147b33e57b1b821b00) Importer(815301076,1909f56bfc062723c751e8b465ee728b)
Start importing Assets/YughuesFreeMetalMaterials/Materials/Textures/T_20_Normal.tga using Guid(0bbf8e810623a7147b33e57b1b821b00) Importer(815301076,1909f56bfc062723c751e8b465ee728b)  -> (artifact id: '7befbc893acafb83e6be20c8d823e47a') in 0.005800 seconds 
  Import took 0.008836 seconds .

========================================================================
Received Import Request.
  Time since last request: 0.000224 seconds.
  path: Assets/YughuesFreeMetalMaterials/Materials/Textures/T_06_Diffuse.tga
  artifactKey: Guid(d94fc41018e782d4baf1afad1b9e60d7) Importer(815301076,1909f56bfc062723c751e8b465ee728b)
Start importing Assets/YughuesFreeMetalMaterials/Materials/Textures/T_06_Diffuse.tga using Guid(d94fc41018e782d4baf1afad1b9e60d7) Importer(815301076,1909f56bfc062723c751e8b465ee728b)  -> (artifact id: '5d752bec40da5b9782be3a61f1b30c32') in 0.006417 seconds 
  Import took 0.009495 seconds .

========================================================================
Received Import Request.
  Time since last request: 0.000241 seconds.
  path: Assets/YughuesFreeMetalMaterials/Materials/Textures/T_17_Specular.tga
  artifactKey: Guid(d1b497fcc74016c4fa7a75ade1959045) Importer(815301076,1909f56bfc062723c751e8b465ee728b)
Start importing Assets/YughuesFreeMetalMaterials/Materials/Textures/T_17_Specular.tga using Guid(d1b497fcc74016c4fa7a75ade1959045) Importer(815301076,1909f56bfc062723c751e8b465ee728b)  -> (artifact id: '9d2092e7858371520c79244698435dad') in 0.006112 seconds 
  Import took 0.009207 seconds .

========================================================================
Received Import Request.
  Time since last request: 0.000238 seconds.
  path: Assets/YughuesFreeMetalMaterials/Materials/Textures/T_24_Normal.tga
  artifactKey: Guid(33416e1c35bc9b148a8bf942e484c86e) Importer(815301076,1909f56bfc062723c751e8b465ee728b)
Start importing Assets/YughuesFreeMetalMaterials/Materials/Textures/T_24_Normal.tga using Guid(33416e1c35bc9b148a8bf942e484c86e) Importer(815301076,1909f56bfc062723c751e8b465ee728b)  -> (artifact id: 'f3b4b84be90c06b863889515e9518bb8') in 0.007485 seconds 
  Import took 0.010630 seconds .

========================================================================
Received Import Request.
  Time since last request: 0.000229 seconds.
  path: Assets/YughuesFreeMetalMaterials/Materials/Textures/T_12_Emissive.tga
  artifactKey: Guid(2d0a4c78ea142244cbf9957397b75d7a) Importer(815301076,1909f56bfc062723c751e8b465ee728b)
Start importing Assets/YughuesFreeMetalMaterials/Materials/Textures/T_12_Emissive.tga using Guid(2d0a4c78ea142244cbf9957397b75d7a) Importer(815301076,1909f56bfc062723c751e8b465ee728b)  -> (artifact id: '850b482aeeb548a45d77021384689279') in 0.014037 seconds 
  Import took 0.017082 seconds .

========================================================================
Received Import Request.
  Time since last request: 0.000279 seconds.
  path: Assets/YughuesFreeMetalMaterials/Materials/Textures/T_24_Specular.tga
  artifactKey: Guid(48be6ed832adba94999829854028da95) Importer(815301076,1909f56bfc062723c751e8b465ee728b)
Start importing Assets/YughuesFreeMetalMaterials/Materials/Textures/T_24_Specular.tga using Guid(48be6ed832adba94999829854028da95) Importer(815301076,1909f56bfc062723c751e8b465ee728b)  -> (artifact id: 'df3a07d9e133fba9fa8f12ac610fedb8') in 0.011856 seconds 
  Import took 0.015000 seconds .

========================================================================
Received Import Request.
  Time since last request: 0.000298 seconds.
  path: Assets/YughuesFreeMetalMaterials/Materials/Textures/T_23_Specular.tga
  artifactKey: Guid(ca94c84d71c5f1444a24b94522d26e9e) Importer(815301076,1909f56bfc062723c751e8b465ee728b)
Start importing Assets/YughuesFreeMetalMaterials/Materials/Textures/T_23_Specular.tga using Guid(ca94c84d71c5f1444a24b94522d26e9e) Importer(815301076,1909f56bfc062723c751e8b465ee728b)  -> (artifact id: 'ab7ab0fb5b0b3a1e46fcdc51076ec136') in 0.011340 seconds 
  Import took 0.014462 seconds .

========================================================================
Received Import Request.
  Time since last request: 0.000270 seconds.
  path: Assets/YughuesFreeMetalMaterials/Materials/Textures/T_25_Diffuse.tga
  artifactKey: Guid(cff6b5a878a08e34f9669b5d411e994d) Importer(815301076,1909f56bfc062723c751e8b465ee728b)
Start importing Assets/YughuesFreeMetalMaterials/Materials/Textures/T_25_Diffuse.tga using Guid(cff6b5a878a08e34f9669b5d411e994d) Importer(815301076,1909f56bfc062723c751e8b465ee728b)  -> (artifact id: '09f7a321fd389910afdffedc8fa33030') in 0.006474 seconds 
  Import took 0.009599 seconds .

========================================================================
Received Import Request.
  Time since last request: 0.000273 seconds.
  path: Assets/YughuesFreeMetalMaterials/Materials/Textures/T_30_Normal.tga
  artifactKey: Guid(4d8c6a56a528ca742b355ee5b85e7514) Importer(815301076,1909f56bfc062723c751e8b465ee728b)
Start importing Assets/YughuesFreeMetalMaterials/Materials/Textures/T_30_Normal.tga using Guid(4d8c6a56a528ca742b355ee5b85e7514) Importer(815301076,1909f56bfc062723c751e8b465ee728b)  -> (artifact id: '89f83d6864cd2c545d1f7ff0a4e8ab09') in 0.006290 seconds 
  Import took 0.009452 seconds .

========================================================================
Received Import Request.
  Time since last request: 0.000320 seconds.
  path: Assets/YughuesFreeMetalMaterials/Materials/Textures/T_25_Specular.tga
  artifactKey: Guid(bd234f8d2756b7848b2423a3f99231cd) Importer(815301076,1909f56bfc062723c751e8b465ee728b)
Start importing Assets/YughuesFreeMetalMaterials/Materials/Textures/T_25_Specular.tga using Guid(bd234f8d2756b7848b2423a3f99231cd) Importer(815301076,1909f56bfc062723c751e8b465ee728b)  -> (artifact id: '0237d0a80a3bd43d772157b49ca262a1') in 0.006374 seconds 
  Import took 0.009536 seconds .

========================================================================
Received Import Request.
  Time since last request: 0.000247 seconds.
  path: Assets/YughuesFreeMetalMaterials/Materials/Textures/T_06_Normal.tga
  artifactKey: Guid(b7767f0d201ba334dacf548f5238daeb) Importer(815301076,1909f56bfc062723c751e8b465ee728b)
Start importing Assets/YughuesFreeMetalMaterials/Materials/Textures/T_06_Normal.tga using Guid(b7767f0d201ba334dacf548f5238daeb) Importer(815301076,1909f56bfc062723c751e8b465ee728b)  -> (artifact id: 'd06e65858de4350ba9d5cb2fd38858cc') in 0.006216 seconds 
  Import took 0.009457 seconds .

========================================================================
Received Import Request.
  Time since last request: 0.000245 seconds.
  path: Assets/YughuesFreeMetalMaterials/Materials/Textures/T_15_Normal.tga
  artifactKey: Guid(b22c6961048b78945bc62e97743a5f70) Importer(815301076,1909f56bfc062723c751e8b465ee728b)
Start importing Assets/YughuesFreeMetalMaterials/Materials/Textures/T_15_Normal.tga using Guid(b22c6961048b78945bc62e97743a5f70) Importer(815301076,1909f56bfc062723c751e8b465ee728b)  -> (artifact id: '598304434d6c2af602117df57ee74169') in 0.006217 seconds 
  Import took 0.009455 seconds .

========================================================================
Received Import Request.
  Time since last request: 0.000282 seconds.
  path: Assets/YughuesFreeMetalMaterials/Materials/Textures/T_27_Specular.tga
  artifactKey: Guid(a9003f14ef2a8bd47abbe5c8d364d562) Importer(815301076,1909f56bfc062723c751e8b465ee728b)
Start importing Assets/YughuesFreeMetalMaterials/Materials/Textures/T_27_Specular.tga using Guid(a9003f14ef2a8bd47abbe5c8d364d562) Importer(815301076,1909f56bfc062723c751e8b465ee728b)  -> (artifact id: '486289f555815ab66ad3fcdacb8ae791') in 0.006142 seconds 
  Import took 0.009335 seconds .

========================================================================
Received Import Request.
  Time since last request: 0.000244 seconds.
  path: Assets/YughuesFreeMetalMaterials/Materials/Textures/T_09_Normal.tga
  artifactKey: Guid(c56ea16fda03e4a429ea043548e66a62) Importer(815301076,1909f56bfc062723c751e8b465ee728b)
Start importing Assets/YughuesFreeMetalMaterials/Materials/Textures/T_09_Normal.tga using Guid(c56ea16fda03e4a429ea043548e66a62) Importer(815301076,1909f56bfc062723c751e8b465ee728b)  -> (artifact id: '4a5f320cddda1a2bdd06c1ed32782910') in 0.006491 seconds 
  Import took 0.009694 seconds .

========================================================================
Received Import Request.
  Time since last request: 0.000269 seconds.
  path: Assets/YughuesFreeMetalMaterials/Materials/Textures/T_04_Diffuse.tga
  artifactKey: Guid(34642f23da78a9f43b87e30f0b38a796) Importer(815301076,1909f56bfc062723c751e8b465ee728b)
Start importing Assets/YughuesFreeMetalMaterials/Materials/Textures/T_04_Diffuse.tga using Guid(34642f23da78a9f43b87e30f0b38a796) Importer(815301076,1909f56bfc062723c751e8b465ee728b)  -> (artifact id: '681993f82823056c404aeceaa19b7163') in 0.006354 seconds 
  Import took 0.009502 seconds .

========================================================================
Received Import Request.
  Time since last request: 0.000240 seconds.
  path: Assets/YughuesFreeMetalMaterials/Materials/Textures/T_10_Diffuse.tga
  artifactKey: Guid(9235f02dfc48e41448cbd353c0a00a8d) Importer(815301076,1909f56bfc062723c751e8b465ee728b)
Start importing Assets/YughuesFreeMetalMaterials/Materials/Textures/T_10_Diffuse.tga using Guid(9235f02dfc48e41448cbd353c0a00a8d) Importer(815301076,1909f56bfc062723c751e8b465ee728b)  -> (artifact id: 'b584acdd5f59580a0c7148b7e3ebdd0d') in 0.006423 seconds 
  Import took 0.009612 seconds .

========================================================================
Received Import Request.
  Time since last request: 0.000289 seconds.
  path: Assets/YughuesFreeMetalMaterials/Materials/Textures/T_09_Diffuse.tga
  artifactKey: Guid(9b7130db76e1f4547a5ef5a01d08d96f) Importer(815301076,1909f56bfc062723c751e8b465ee728b)
Start importing Assets/YughuesFreeMetalMaterials/Materials/Textures/T_09_Diffuse.tga using Guid(9b7130db76e1f4547a5ef5a01d08d96f) Importer(815301076,1909f56bfc062723c751e8b465ee728b)  -> (artifact id: '4cf2d8fa41763aab33a792cb4c630669') in 0.006118 seconds 
  Import took 0.009370 seconds .

========================================================================
Received Import Request.
  Time since last request: 0.000301 seconds.
  path: Assets/YughuesFreeMetalMaterials/Materials/Textures/T_05_Specular.tga
  artifactKey: Guid(b4ed233c9409f8a4e83a267a7d60f523) Importer(815301076,1909f56bfc062723c751e8b465ee728b)
Start importing Assets/YughuesFreeMetalMaterials/Materials/Textures/T_05_Specular.tga using Guid(b4ed233c9409f8a4e83a267a7d60f523) Importer(815301076,1909f56bfc062723c751e8b465ee728b)  -> (artifact id: 'eb38461682f0e77d322593ac0549d9bd') in 0.006537 seconds 
  Import took 0.009947 seconds .

========================================================================
Received Import Request.
  Time since last request: 0.000245 seconds.
  path: Assets/YughuesFreeMetalMaterials/Materials/Textures/T_29_Normal.tga
  artifactKey: Guid(b0a7501717f3514478fad8bb7bae311c) Importer(815301076,1909f56bfc062723c751e8b465ee728b)
Start importing Assets/YughuesFreeMetalMaterials/Materials/Textures/T_29_Normal.tga using Guid(b0a7501717f3514478fad8bb7bae311c) Importer(815301076,1909f56bfc062723c751e8b465ee728b)  -> (artifact id: '76a4686938f7312d6e5ad884aff95715') in 0.006460 seconds 
  Import took 0.009834 seconds .

========================================================================
Received Import Request.
  Time since last request: 0.000242 seconds.
  path: Assets/YughuesFreeMetalMaterials/Materials/Textures/T_01_Normal.tga
  artifactKey: Guid(e63efd1ff58b45b4ca71d2571ebe8ea2) Importer(815301076,1909f56bfc062723c751e8b465ee728b)
Start importing Assets/YughuesFreeMetalMaterials/Materials/Textures/T_01_Normal.tga using Guid(e63efd1ff58b45b4ca71d2571ebe8ea2) Importer(815301076,1909f56bfc062723c751e8b465ee728b)  -> (artifact id: '6a1f234840adc42f27998373212d7f35') in 0.006425 seconds 
  Import took 0.009643 seconds .

========================================================================
Received Import Request.
  Time since last request: 0.000257 seconds.
  path: Assets/YughuesFreeMetalMaterials/Materials/Textures/T_26_Diffuse.tga
  artifactKey: Guid(f82867d065cf7d141b29809854fc3e1d) Importer(815301076,1909f56bfc062723c751e8b465ee728b)
Start importing Assets/YughuesFreeMetalMaterials/Materials/Textures/T_26_Diffuse.tga using Guid(f82867d065cf7d141b29809854fc3e1d) Importer(815301076,1909f56bfc062723c751e8b465ee728b)  -> (artifact id: '77745abe391da3aff6a1b21a43e028f6') in 0.005240 seconds 
  Import took 0.008359 seconds .

========================================================================
Received Import Request.
  Time since last request: 0.000224 seconds.
  path: Assets/YughuesFreeMetalMaterials/Materials/Textures/T_07_Normal.tga
  artifactKey: Guid(d0a8d5be35949f546bfabeef66d86b82) Importer(815301076,1909f56bfc062723c751e8b465ee728b)
Start importing Assets/YughuesFreeMetalMaterials/Materials/Textures/T_07_Normal.tga using Guid(d0a8d5be35949f546bfabeef66d86b82) Importer(815301076,1909f56bfc062723c751e8b465ee728b)  -> (artifact id: '491d5d2c11e9794a44356a440c55fcd0') in 0.006266 seconds 
  Import took 0.009391 seconds .

========================================================================
Received Import Request.
  Time since last request: 0.000294 seconds.
  path: Assets/YughuesFreeMetalMaterials/Materials/Textures/T_13_Specular.tga
  artifactKey: Guid(88ea2467daa61a54baba97ff1f4b2625) Importer(815301076,1909f56bfc062723c751e8b465ee728b)
Start importing Assets/YughuesFreeMetalMaterials/Materials/Textures/T_13_Specular.tga using Guid(88ea2467daa61a54baba97ff1f4b2625) Importer(815301076,1909f56bfc062723c751e8b465ee728b)  -> (artifact id: 'c9db27b4ae2b50038301636527781945') in 0.009465 seconds 
  Import took 0.012529 seconds .

========================================================================
Received Import Request.
  Time since last request: 0.000240 seconds.
  path: Assets/YughuesFreeMetalMaterials/Materials/Textures/T_04_Specular.tga
  artifactKey: Guid(5ac21282e11c3a6439d85e1da57f5989) Importer(815301076,1909f56bfc062723c751e8b465ee728b)
Start importing Assets/YughuesFreeMetalMaterials/Materials/Textures/T_04_Specular.tga using Guid(5ac21282e11c3a6439d85e1da57f5989) Importer(815301076,1909f56bfc062723c751e8b465ee728b)  -> (artifact id: 'c2e25cc4d58e376987ffbbd77de746eb') in 0.006330 seconds 
  Import took 0.009392 seconds .

========================================================================
Received Import Request.
  Time since last request: 0.000288 seconds.
  path: Assets/YughuesFreeMetalMaterials/Materials/Textures/T_08_Normal.tga
  artifactKey: Guid(2ee180c070da9554385c5a088aae062e) Importer(815301076,1909f56bfc062723c751e8b465ee728b)
Start importing Assets/YughuesFreeMetalMaterials/Materials/Textures/T_08_Normal.tga using Guid(2ee180c070da9554385c5a088aae062e) Importer(815301076,1909f56bfc062723c751e8b465ee728b)  -> (artifact id: '347bdbdfda4b982a7b7dda08d862e613') in 0.006439 seconds 
  Import took 0.009558 seconds .

========================================================================
Received Import Request.
  Time since last request: 0.000232 seconds.
  path: Assets/YughuesFreeMetalMaterials/Materials/Textures/T_23_Normal.tga
  artifactKey: Guid(1fb10c5603038a24abb2ccad745574c6) Importer(815301076,1909f56bfc062723c751e8b465ee728b)
Start importing Assets/YughuesFreeMetalMaterials/Materials/Textures/T_23_Normal.tga using Guid(1fb10c5603038a24abb2ccad745574c6) Importer(815301076,1909f56bfc062723c751e8b465ee728b)  -> (artifact id: 'a75078f95243fc171fbed2e634104981') in 0.006316 seconds 
  Import took 0.009424 seconds .

========================================================================
Received Import Request.
  Time since last request: 0.000248 seconds.
  path: Assets/YughuesFreeMetalMaterials/Materials/Textures/T_14_Diffuse.tga
  artifactKey: Guid(02a6951378ca77e4fbd84055b67af8ca) Importer(815301076,1909f56bfc062723c751e8b465ee728b)
Start importing Assets/YughuesFreeMetalMaterials/Materials/Textures/T_14_Diffuse.tga using Guid(02a6951378ca77e4fbd84055b67af8ca) Importer(815301076,1909f56bfc062723c751e8b465ee728b)  -> (artifact id: 'af0f61709f0ecbb280605d4434d799f8') in 0.006119 seconds 
  Import took 0.009248 seconds .

========================================================================
Received Import Request.
  Time since last request: 0.000259 seconds.
  path: Assets/YughuesFreeMetalMaterials/Materials/Textures/T_12_Normal.tga
  artifactKey: Guid(12dee78e6b4fc644fb75f9d19b8b9ba8) Importer(815301076,1909f56bfc062723c751e8b465ee728b)
Start importing Assets/YughuesFreeMetalMaterials/Materials/Textures/T_12_Normal.tga using Guid(12dee78e6b4fc644fb75f9d19b8b9ba8) Importer(815301076,1909f56bfc062723c751e8b465ee728b)  -> (artifact id: 'cf31588b2bf3c60629f6e7b6f3e41c53') in 0.027560 seconds 
  Import took 0.030524 seconds .

========================================================================
Received Prepare
Registering precompiled user dll's ...
Registered in 0.007980 seconds.
Begin MonoManager ReloadAssembly
Native extension for OSXStandalone target not found
Native extension for WebGL target not found
Refreshing native plugins compatible for Editor in 0.54 ms, found 2 plugins.
Preloading 0 native plugins for Editor in 0.00 ms.
2021-11-03 12:35:22.731 Unity[9776:138814] NSEventModifierFlagFunction specified to -setKeyEquivalentModifierMask: for item <NSMenuItem: 0x600002c27250 Font Asset, ke='Command-F12'>, but is only supported for system-provided menu items; will not be used
Mono: successfully reloaded assembly
- Completed reload, in  2.485 seconds
Domain Reload Profiling:
	ReloadAssembly (2486ms)
		BeginReloadAssembly (220ms)
			ExecutionOrderSort (0ms)
			DisableScriptedObjects (31ms)
			BackupInstance (0ms)
			ReleaseScriptingObjects (0ms)
			CreateAndSetChildDomain (78ms)
		EndReloadAssembly (2164ms)
			LoadAssemblies (230ms)
			RebuildTransferFunctionScriptingTraits (0ms)
			SetupTypeCache (413ms)
			ReleaseScriptCaches (2ms)
			RebuildScriptCaches (57ms)
			SetupLoadedEditorAssemblies (1052ms)
				LogAssemblyErrors (0ms)
				InitializePlatformSupportModulesInManaged (14ms)
				SetLoadedEditorAssemblies (1ms)
				RefreshPlugins (1ms)
				BeforeProcessingInitializeOnLoad (240ms)
				ProcessInitializeOnLoadAttributes (769ms)
				ProcessInitializeOnLoadMethodAttributes (26ms)
				AfterProcessingInitializeOnLoad (1ms)
				EditorAssembliesLoaded (1ms)
			ExecutionOrderSort2 (0ms)
			AwakeInstancesAfterBackupRestoration (46ms)
Platform modules already initialized, skipping
Refreshing native plugins compatible for Editor in 0.52 ms, found 2 plugins.
Preloading 0 native plugins for Editor in 0.00 ms.
Unloading 2689 Unused Serialized files (Serialized files now loaded: 0)
System memory in use before: 266.6 MB.
System memory in use after: 266.8 MB.

Unloading 16 unused Assets to reduce memory usage. Loaded Objects now: 3288.
Total: 3.084333 ms (FindLiveObjects: 0.245750 ms CreateObjectMapping: 0.075583 ms MarkObjects: 2.719083 ms  DeleteObjects: 0.042708 ms)

AssetImportParameters requested are different than current active one (requested -> active):
  custom:video-decoder-ogg-theora: a1e56fd34408186e4bbccfd4996cb3dc -> 
  custom:container-muxer-webm: aa71ff27fc2769a1b78a27578f13a17b -> 
  custom:container-demuxer-webm: 4f35f7cbe854078d1ac9338744f61a02 -> 
  custom:container-demuxer-ogg: 62fdf1f143b41e24485cea50d1cbac27 -> 
  custom:video-encoder-webm-vp8: eb34c28f22e8b96e1ab97ce403110664 -> 
  custom:framework-osx-AVFoundation: e770b220cccbd017edd2c1fefb359320 -> 
  custom:video-decoder-webm-vp8: 9c59270c3fd7afecdb556c50c9e8de78 -> 
  custom:audio-decoder-ogg-vorbis: bf7c407c2cedff20999df2af8eb42d56 -> 
  custom:audio-encoder-webm-vorbis: bf7c407c2cedff20999df2af8eb42d56 -> 
========================================================================
Received Prepare
Registering precompiled user dll's ...
Registered in 0.004227 seconds.
Begin MonoManager ReloadAssembly
Native extension for OSXStandalone target not found
Native extension for WebGL target not found
Refreshing native plugins compatible for Editor in 0.51 ms, found 2 plugins.
Preloading 0 native plugins for Editor in 0.00 ms.
2021-11-03 12:35:32.050 Unity[9776:138814] NSEventModifierFlagFunction specified to -setKeyEquivalentModifierMask: for item <NSMenuItem: 0x600002c17b80 Font Asset, ke='Command-F12'>, but is only supported for system-provided menu items; will not be used
Mono: successfully reloaded assembly
- Completed reload, in  2.312 seconds
Domain Reload Profiling:
	ReloadAssembly (2313ms)
		BeginReloadAssembly (214ms)
			ExecutionOrderSort (0ms)
			DisableScriptedObjects (24ms)
			BackupInstance (0ms)
			ReleaseScriptingObjects (0ms)
			CreateAndSetChildDomain (68ms)
		EndReloadAssembly (2008ms)
			LoadAssemblies (156ms)
			RebuildTransferFunctionScriptingTraits (0ms)
			SetupTypeCache (364ms)
			ReleaseScriptCaches (1ms)
			RebuildScriptCaches (50ms)
			SetupLoadedEditorAssemblies (1049ms)
				LogAssemblyErrors (0ms)
				InitializePlatformSupportModulesInManaged (13ms)
				SetLoadedEditorAssemblies (1ms)
				RefreshPlugins (1ms)
				BeforeProcessingInitializeOnLoad (235ms)
				ProcessInitializeOnLoadAttributes (772ms)
				ProcessInitializeOnLoadMethodAttributes (25ms)
				AfterProcessingInitializeOnLoad (1ms)
				EditorAssembliesLoaded (0ms)
			ExecutionOrderSort2 (0ms)
			AwakeInstancesAfterBackupRestoration (44ms)
Platform modules already initialized, skipping
Refreshing native plugins compatible for Editor in 0.59 ms, found 2 plugins.
Preloading 0 native plugins for Editor in 0.00 ms.
Unloading 2689 Unused Serialized files (Serialized files now loaded: 0)
System memory in use before: 266.8 MB.
System memory in use after: 267.1 MB.

Unloading 15 unused Assets to reduce memory usage. Loaded Objects now: 3290.
Total: 2.782333 ms (FindLiveObjects: 0.208875 ms CreateObjectMapping: 0.060833 ms MarkObjects: 2.491709 ms  DeleteObjects: 0.019958 ms)

AssetImportParameters requested are different than current active one (requested -> active):
  custom:video-decoder-ogg-theora: a1e56fd34408186e4bbccfd4996cb3dc -> 
  custom:container-muxer-webm: aa71ff27fc2769a1b78a27578f13a17b -> 
  custom:container-demuxer-webm: 4f35f7cbe854078d1ac9338744f61a02 -> 
  custom:container-demuxer-ogg: 62fdf1f143b41e24485cea50d1cbac27 -> 
  custom:video-encoder-webm-vp8: eb34c28f22e8b96e1ab97ce403110664 -> 
  custom:framework-osx-AVFoundation: e770b220cccbd017edd2c1fefb359320 -> 
  custom:video-decoder-webm-vp8: 9c59270c3fd7afecdb556c50c9e8de78 -> 
  custom:audio-decoder-ogg-vorbis: bf7c407c2cedff20999df2af8eb42d56 -> 
  custom:audio-encoder-webm-vorbis: bf7c407c2cedff20999df2af8eb42d56 -> 
========================================================================
Received Import Request.
  Time since last request: 156.209992 seconds.
  path: Assets/MovingBall.cs
  artifactKey: Guid(922d3b3a071fe47c7add42e9360d4490) Importer(815301076,1909f56bfc062723c751e8b465ee728b)
Start importing Assets/MovingBall.cs using Guid(922d3b3a071fe47c7add42e9360d4490) Importer(815301076,1909f56bfc062723c751e8b465ee728b)  -> (artifact id: 'fdd4255cfcbe67ddc6672f3382d5f1c8') in 0.121834 seconds 
  Import took 0.125173 seconds .

========================================================================
Received Import Request.
  Time since last request: 284.114939 seconds.
  path: Assets/MovingBall.cs
  artifactKey: Guid(922d3b3a071fe47c7add42e9360d4490) Importer(815301076,1909f56bfc062723c751e8b465ee728b)
Start importing Assets/MovingBall.cs using Guid(922d3b3a071fe47c7add42e9360d4490) Importer(815301076,1909f56bfc062723c751e8b465ee728b)  -> (artifact id: 'b69bcc1eb6c1b74c1916aaa09000d19f') in 0.020318 seconds 
  Import took 0.034177 seconds .

========================================================================
Received Prepare
Registering precompiled user dll's ...
Registered in 0.005437 seconds.
Begin MonoManager ReloadAssembly
Native extension for OSXStandalone target not found
Native extension for WebGL target not found
Refreshing native plugins compatible for Editor in 0.50 ms, found 2 plugins.
Preloading 0 native plugins for Editor in 0.00 ms.
2021-11-03 12:40:31.330 Unity[9776:138814] NSEventModifierFlagFunction specified to -setKeyEquivalentModifierMask: for item <NSMenuItem: 0x600002c02c30 Font Asset, ke='Command-F12'>, but is only supported for system-provided menu items; will not be used
Mono: successfully reloaded assembly
- Completed reload, in  2.330 seconds
Domain Reload Profiling:
	ReloadAssembly (2331ms)
		BeginReloadAssembly (240ms)
			ExecutionOrderSort (0ms)
			DisableScriptedObjects (28ms)
			BackupInstance (0ms)
			ReleaseScriptingObjects (0ms)
			CreateAndSetChildDomain (108ms)
		EndReloadAssembly (1999ms)
			LoadAssemblies (176ms)
			RebuildTransferFunctionScriptingTraits (0ms)
			SetupTypeCache (395ms)
			ReleaseScriptCaches (1ms)
			RebuildScriptCaches (53ms)
			SetupLoadedEditorAssemblies (997ms)
				LogAssemblyErrors (0ms)
				InitializePlatformSupportModulesInManaged (15ms)
				SetLoadedEditorAssemblies (1ms)
				RefreshPlugins (1ms)
				BeforeProcessingInitializeOnLoad (231ms)
				ProcessInitializeOnLoadAttributes (724ms)
				ProcessInitializeOnLoadMethodAttributes (23ms)
				AfterProcessingInitializeOnLoad (1ms)
				EditorAssembliesLoaded (1ms)
			ExecutionOrderSort2 (0ms)
			AwakeInstancesAfterBackupRestoration (37ms)
Platform modules already initialized, skipping
Refreshing native plugins compatible for Editor in 0.49 ms, found 2 plugins.
Preloading 0 native plugins for Editor in 0.00 ms.
Unloading 2689 Unused Serialized files (Serialized files now loaded: 0)
System memory in use before: 271.2 MB.
System memory in use after: 271.4 MB.

Unloading 15 unused Assets to reduce memory usage. Loaded Objects now: 3292.
Total: 2.429292 ms (FindLiveObjects: 0.182833 ms CreateObjectMapping: 0.054084 ms MarkObjects: 2.168542 ms  DeleteObjects: 0.023042 ms)

AssetImportParameters requested are different than current active one (requested -> active):
  custom:video-decoder-ogg-theora: a1e56fd34408186e4bbccfd4996cb3dc -> 
  custom:container-muxer-webm: aa71ff27fc2769a1b78a27578f13a17b -> 
  custom:container-demuxer-webm: 4f35f7cbe854078d1ac9338744f61a02 -> 
  custom:container-demuxer-ogg: 62fdf1f143b41e24485cea50d1cbac27 -> 
  custom:video-encoder-webm-vp8: eb34c28f22e8b96e1ab97ce403110664 -> 
  custom:framework-osx-AVFoundation: e770b220cccbd017edd2c1fefb359320 -> 
  custom:video-decoder-webm-vp8: 9c59270c3fd7afecdb556c50c9e8de78 -> 
  custom:audio-decoder-ogg-vorbis: bf7c407c2cedff20999df2af8eb42d56 -> 
  custom:audio-encoder-webm-vorbis: bf7c407c2cedff20999df2af8eb42d56 -> 
========================================================================
Received Prepare
Registering precompiled user dll's ...
Registered in 0.012783 seconds.
Begin MonoManager ReloadAssembly
Native extension for OSXStandalone target not found
Native extension for WebGL target not found
Refreshing native plugins compatible for Editor in 0.50 ms, found 2 plugins.
Preloading 0 native plugins for Editor in 0.00 ms.
2021-11-03 12:42:55.982 Unity[9776:138814] NSEventModifierFlagFunction specified to -setKeyEquivalentModifierMask: for item <NSMenuItem: 0x600002c43aa0 Font Asset, ke='Command-F12'>, but is only supported for system-provided menu items; will not be used
Mono: successfully reloaded assembly
- Completed reload, in  2.460 seconds
Domain Reload Profiling:
	ReloadAssembly (2461ms)
		BeginReloadAssembly (219ms)
			ExecutionOrderSort (0ms)
			DisableScriptedObjects (33ms)
			BackupInstance (0ms)
			ReleaseScriptingObjects (0ms)
			CreateAndSetChildDomain (81ms)
		EndReloadAssembly (2142ms)
			LoadAssemblies (259ms)
			RebuildTransferFunctionScriptingTraits (0ms)
			SetupTypeCache (380ms)
			ReleaseScriptCaches (1ms)
			RebuildScriptCaches (50ms)
			SetupLoadedEditorAssemblies (1085ms)
				LogAssemblyErrors (0ms)
				InitializePlatformSupportModulesInManaged (17ms)
				SetLoadedEditorAssemblies (2ms)
				RefreshPlugins (1ms)
				BeforeProcessingInitializeOnLoad (245ms)
				ProcessInitializeOnLoadAttributes (795ms)
				ProcessInitializeOnLoadMethodAttributes (24ms)
				AfterProcessingInitializeOnLoad (1ms)
				EditorAssembliesLoaded (0ms)
			ExecutionOrderSort2 (0ms)
			AwakeInstancesAfterBackupRestoration (40ms)
Platform modules already initialized, skipping
Refreshing native plugins compatible for Editor in 0.53 ms, found 2 plugins.
Preloading 0 native plugins for Editor in 0.00 ms.
Unloading 2689 Unused Serialized files (Serialized files now loaded: 0)
System memory in use before: 271.4 MB.
System memory in use after: 271.7 MB.

Unloading 15 unused Assets to reduce memory usage. Loaded Objects now: 3294.
Total: 2.626292 ms (FindLiveObjects: 0.181375 ms CreateObjectMapping: 0.059083 ms MarkObjects: 2.368084 ms  DeleteObjects: 0.016708 ms)

AssetImportParameters requested are different than current active one (requested -> active):
  custom:video-decoder-ogg-theora: a1e56fd34408186e4bbccfd4996cb3dc -> 
  custom:container-muxer-webm: aa71ff27fc2769a1b78a27578f13a17b -> 
  custom:container-demuxer-webm: 4f35f7cbe854078d1ac9338744f61a02 -> 
  custom:container-demuxer-ogg: 62fdf1f143b41e24485cea50d1cbac27 -> 
  custom:video-encoder-webm-vp8: eb34c28f22e8b96e1ab97ce403110664 -> 
  custom:framework-osx-AVFoundation: e770b220cccbd017edd2c1fefb359320 -> 
  custom:video-decoder-webm-vp8: 9c59270c3fd7afecdb556c50c9e8de78 -> 
  custom:audio-decoder-ogg-vorbis: bf7c407c2cedff20999df2af8eb42d56 -> 
  custom:audio-encoder-webm-vorbis: bf7c407c2cedff20999df2af8eb42d56 -> 
========================================================================
Received Import Request.
  Time since last request: 166.202469 seconds.
  path: Assets/ExampleAssets/Textures/Props/Paint/PaintLabel.tif
  artifactKey: Guid(e5c37ab0c7b37af4f981195d3caaf4b4) Importer(815301076,1909f56bfc062723c751e8b465ee728b)
Start importing Assets/ExampleAssets/Textures/Props/Paint/PaintLabel.tif using Guid(e5c37ab0c7b37af4f981195d3caaf4b4) Importer(815301076,1909f56bfc062723c751e8b465ee728b)  -> (artifact id: '47cbb7f355dfa4d9746b65b5a3424f99') in 0.700563 seconds 
  Import took 0.704477 seconds .

========================================================================
Received Import Request.
  Time since last request: 0.002871 seconds.
  path: Assets/ExampleAssets/Textures/Props/Paint/PaintAnimMask.tif
  artifactKey: Guid(5e98de278b2ccc14f89b76b85596a3f3) Importer(815301076,1909f56bfc062723c751e8b465ee728b)
Start importing Assets/ExampleAssets/Textures/Props/Paint/PaintAnimMask.tif using Guid(5e98de278b2ccc14f89b76b85596a3f3) Importer(815301076,1909f56bfc062723c751e8b465ee728b)  -> (artifact id: '352b0b02016621bff87d6ed4e1922830') in 0.010936 seconds 
  Import took 0.014650 seconds .

========================================================================
Received Import Request.
  Time since last request: 0.000271 seconds.
  path: Assets/ExampleAssets/Textures/Props/Paint/Paint1G_Normal.tif
  artifactKey: Guid(ac80c335ebd6dde4fa54a82050064545) Importer(815301076,1909f56bfc062723c751e8b465ee728b)
Start importing Assets/ExampleAssets/Textures/Props/Paint/Paint1G_Normal.tif using Guid(ac80c335ebd6dde4fa54a82050064545) Importer(815301076,1909f56bfc062723c751e8b465ee728b)  -> (artifact id: '4b737faff31f39940a9256cbbf8fecff') in 0.017598 seconds 
  Import took 0.020977 seconds .

========================================================================
Received Import Request.
  Time since last request: 0.000238 seconds.
  path: Assets/ExampleAssets/Textures/Props/Paint/Paint1G_MetallicOcculusionRoughness.tif
  artifactKey: Guid(ca084ebab0cef7c4ba746cdb442f9c1e) Importer(815301076,1909f56bfc062723c751e8b465ee728b)
Start importing Assets/ExampleAssets/Textures/Props/Paint/Paint1G_MetallicOcculusionRoughness.tif using Guid(ca084ebab0cef7c4ba746cdb442f9c1e) Importer(815301076,1909f56bfc062723c751e8b465ee728b)  -> (artifact id: '5a3d4057da4e7e997ea4ccf8fd4cd6d4') in 0.006844 seconds 
  Import took 0.009734 seconds .

========================================================================
Received Import Request.
  Time since last request: 0.000233 seconds.
  path: Assets/ExampleAssets/Textures/Props/Paint/Paint1G_Albedo.tif
  artifactKey: Guid(2de0d72a6700bd94ea57111b29e246fc) Importer(815301076,1909f56bfc062723c751e8b465ee728b)
Start importing Assets/ExampleAssets/Textures/Props/Paint/Paint1G_Albedo.tif using Guid(2de0d72a6700bd94ea57111b29e246fc) Importer(815301076,1909f56bfc062723c751e8b465ee728b)  -> (artifact id: 'ca17c87847de2b45ec72b8a088594d95') in 0.006067 seconds 
  Import took 0.009670 seconds .

========================================================================
Received Prepare
Registering precompiled user dll's ...
Registered in 0.006658 seconds.
Begin MonoManager ReloadAssembly
Native extension for OSXStandalone target not found
Native extension for WebGL target not found
Refreshing native plugins compatible for Editor in 0.47 ms, found 2 plugins.
Preloading 0 native plugins for Editor in 0.00 ms.
2021-11-03 12:44:02.687 Unity[9776:138814] NSEventModifierFlagFunction specified to -setKeyEquivalentModifierMask: for item <NSMenuItem: 0x600002c3a300 Font Asset, ke='Command-F12'>, but is only supported for system-provided menu items; will not be used
Mono: successfully reloaded assembly
- Completed reload, in  2.147 seconds
Domain Reload Profiling:
	ReloadAssembly (2148ms)
		BeginReloadAssembly (189ms)
			ExecutionOrderSort (0ms)
			DisableScriptedObjects (28ms)
			BackupInstance (0ms)
			ReleaseScriptingObjects (0ms)
			CreateAndSetChildDomain (66ms)
		EndReloadAssembly (1873ms)
			LoadAssemblies (202ms)
			RebuildTransferFunctionScriptingTraits (0ms)
			SetupTypeCache (340ms)
			ReleaseScriptCaches (1ms)
			RebuildScriptCaches (45ms)
			SetupLoadedEditorAssemblies (944ms)
				LogAssemblyErrors (0ms)
				InitializePlatformSupportModulesInManaged (13ms)
				SetLoadedEditorAssemblies (1ms)
				RefreshPlugins (0ms)
				BeforeProcessingInitializeOnLoad (218ms)
				ProcessInitializeOnLoadAttributes (688ms)
				ProcessInitializeOnLoadMethodAttributes (23ms)
				AfterProcessingInitializeOnLoad (1ms)
				EditorAssembliesLoaded (0ms)
			ExecutionOrderSort2 (0ms)
			AwakeInstancesAfterBackupRestoration (36ms)
Platform modules already initialized, skipping
Refreshing native plugins compatible for Editor in 0.49 ms, found 2 plugins.
Preloading 0 native plugins for Editor in 0.00 ms.
Unloading 2689 Unused Serialized files (Serialized files now loaded: 0)
System memory in use before: 275.8 MB.
System memory in use after: 276.0 MB.

Unloading 15 unused Assets to reduce memory usage. Loaded Objects now: 3298.
Total: 2.322125 ms (FindLiveObjects: 0.136125 ms CreateObjectMapping: 0.054625 ms MarkObjects: 2.113083 ms  DeleteObjects: 0.017375 ms)

AssetImportParameters requested are different than current active one (requested -> active):
  custom:video-decoder-ogg-theora: a1e56fd34408186e4bbccfd4996cb3dc -> 
  custom:container-muxer-webm: aa71ff27fc2769a1b78a27578f13a17b -> 
  custom:container-demuxer-webm: 4f35f7cbe854078d1ac9338744f61a02 -> 
  custom:container-demuxer-ogg: 62fdf1f143b41e24485cea50d1cbac27 -> 
  custom:video-encoder-webm-vp8: eb34c28f22e8b96e1ab97ce403110664 -> 
  custom:framework-osx-AVFoundation: e770b220cccbd017edd2c1fefb359320 -> 
  custom:video-decoder-webm-vp8: 9c59270c3fd7afecdb556c50c9e8de78 -> 
  custom:audio-decoder-ogg-vorbis: bf7c407c2cedff20999df2af8eb42d56 -> 
  custom:audio-encoder-webm-vorbis: bf7c407c2cedff20999df2af8eb42d56 -> 
========================================================================
Received Import Request.
  Time since last request: 54.396018 seconds.
  path: Assets/YughuesFreeMetalMaterials/Materials/M_YFMM_08.mat
  artifactKey: Guid(ee47644675828514c8b999edaa99ee59) Importer(815301076,1909f56bfc062723c751e8b465ee728b)
Start importing Assets/YughuesFreeMetalMaterials/Materials/M_YFMM_08.mat using Guid(ee47644675828514c8b999edaa99ee59) Importer(815301076,1909f56bfc062723c751e8b465ee728b)  -> (artifact id: '78d1904a3bda4ec16869275d8aaa5c89') in 0.555778 seconds 
  Import took 0.559069 seconds .

========================================================================
Received Import Request.
  Time since last request: 0.001645 seconds.
  path: Assets/YughuesFreeMetalMaterials/Materials/M_YFMM_07.mat
  artifactKey: Guid(579d167621596b0419dc2ebf58efe561) Importer(815301076,1909f56bfc062723c751e8b465ee728b)
Start importing Assets/YughuesFreeMetalMaterials/Materials/M_YFMM_07.mat using Guid(579d167621596b0419dc2ebf58efe561) Importer(815301076,1909f56bfc062723c751e8b465ee728b)  -> (artifact id: '4895dcc67e2188a922ad305ee52716f0') in 0.022480 seconds 
  Import took 0.025445 seconds .

========================================================================
Received Prepare
Registering precompiled user dll's ...
Registered in 0.003814 seconds.
Begin MonoManager ReloadAssembly
Native extension for OSXStandalone target not found
Native extension for WebGL target not found
Refreshing native plugins compatible for Editor in 0.76 ms, found 2 plugins.
Preloading 0 native plugins for Editor in 0.00 ms.
2021-11-03 12:45:31.778 Unity[9776:138814] NSEventModifierFlagFunction specified to -setKeyEquivalentModifierMask: for item <NSMenuItem: 0x600002c38e70 Font Asset, ke='Command-F12'>, but is only supported for system-provided menu items; will not be used
Mono: successfully reloaded assembly
- Completed reload, in  2.559 seconds
Domain Reload Profiling:
	ReloadAssembly (2563ms)
		BeginReloadAssembly (267ms)
			ExecutionOrderSort (0ms)
			DisableScriptedObjects (34ms)
			BackupInstance (0ms)
			ReleaseScriptingObjects (0ms)
			CreateAndSetChildDomain (114ms)
		EndReloadAssembly (2203ms)
			LoadAssemblies (181ms)
			RebuildTransferFunctionScriptingTraits (0ms)
			SetupTypeCache (429ms)
			ReleaseScriptCaches (1ms)
			RebuildScriptCaches (65ms)
			SetupLoadedEditorAssemblies (1040ms)
				LogAssemblyErrors (0ms)
				InitializePlatformSupportModulesInManaged (17ms)
				SetLoadedEditorAssemblies (1ms)
				RefreshPlugins (1ms)
				BeforeProcessingInitializeOnLoad (257ms)
				ProcessInitializeOnLoadAttributes (737ms)
				ProcessInitializeOnLoadMethodAttributes (25ms)
				AfterProcessingInitializeOnLoad (1ms)
				EditorAssembliesLoaded (0ms)
			ExecutionOrderSort2 (0ms)
			AwakeInstancesAfterBackupRestoration (85ms)
Platform modules already initialized, skipping
Refreshing native plugins compatible for Editor in 0.56 ms, found 2 plugins.
Preloading 0 native plugins for Editor in 0.00 ms.
Unloading 2724 Unused Serialized files (Serialized files now loaded: 0)
System memory in use before: 284.8 MB.
System memory in use after: 285.0 MB.

Unloading 16 unused Assets to reduce memory usage. Loaded Objects now: 3411.
Total: 3.182792 ms (FindLiveObjects: 0.230333 ms CreateObjectMapping: 0.061833 ms MarkObjects: 2.859042 ms  DeleteObjects: 0.030417 ms)

AssetImportParameters requested are different than current active one (requested -> active):
  custom:video-decoder-ogg-theora: a1e56fd34408186e4bbccfd4996cb3dc -> 
  custom:container-muxer-webm: aa71ff27fc2769a1b78a27578f13a17b -> 
  custom:container-demuxer-webm: 4f35f7cbe854078d1ac9338744f61a02 -> 
  custom:container-demuxer-ogg: 62fdf1f143b41e24485cea50d1cbac27 -> 
  custom:video-encoder-webm-vp8: eb34c28f22e8b96e1ab97ce403110664 -> 
  custom:framework-osx-AVFoundation: e770b220cccbd017edd2c1fefb359320 -> 
  custom:video-decoder-webm-vp8: 9c59270c3fd7afecdb556c50c9e8de78 -> 
  custom:audio-decoder-ogg-vorbis: bf7c407c2cedff20999df2af8eb42d56 -> 
  custom:audio-encoder-webm-vorbis: bf7c407c2cedff20999df2af8eb42d56 -> 
========================================================================
Received Prepare
Refreshing native plugins compatible for Editor in 24.42 ms, found 2 plugins.
Preloading 0 native plugins for Editor in 0.00 ms.
Unloading 14 Unused Serialized files (Serialized files now loaded: 0)
System memory in use before: 227.5 MB.
System memory in use after: 227.8 MB.

Unloading 14 unused Assets to reduce memory usage. Loaded Objects now: 3411.
Total: 2.819583 ms (FindLiveObjects: 0.296834 ms CreateObjectMapping: 0.063375 ms MarkObjects: 2.441208 ms  DeleteObjects: 0.017333 ms)

AssetImportParameters requested are different than current active one (requested -> active):
  custom:video-decoder-ogg-theora: a1e56fd34408186e4bbccfd4996cb3dc -> 
  custom:container-muxer-webm: aa71ff27fc2769a1b78a27578f13a17b -> 
  custom:container-demuxer-webm: 4f35f7cbe854078d1ac9338744f61a02 -> 
  custom:container-demuxer-ogg: 62fdf1f143b41e24485cea50d1cbac27 -> 
  custom:video-encoder-webm-vp8: eb34c28f22e8b96e1ab97ce403110664 -> 
  custom:framework-osx-AVFoundation: e770b220cccbd017edd2c1fefb359320 -> 
  custom:video-decoder-webm-vp8: 9c59270c3fd7afecdb556c50c9e8de78 -> 
  custom:audio-decoder-ogg-vorbis: bf7c407c2cedff20999df2af8eb42d56 -> 
  custom:audio-encoder-webm-vorbis: bf7c407c2cedff20999df2af8eb42d56 -> 
========================================================================
Received Prepare
Refreshing native plugins compatible for Editor in 1.94 ms, found 2 plugins.
Preloading 0 native plugins for Editor in 0.00 ms.
Unloading 14 Unused Serialized files (Serialized files now loaded: 0)
System memory in use before: 227.5 MB.
System memory in use after: 227.8 MB.

Unloading 14 unused Assets to reduce memory usage. Loaded Objects now: 3411.
Total: 2.601417 ms (FindLiveObjects: 0.206250 ms CreateObjectMapping: 0.059209 ms MarkObjects: 2.321958 ms  DeleteObjects: 0.013292 ms)

AssetImportParameters requested are different than current active one (requested -> active):
  custom:video-decoder-ogg-theora: a1e56fd34408186e4bbccfd4996cb3dc -> 
  custom:container-muxer-webm: aa71ff27fc2769a1b78a27578f13a17b -> 
  custom:container-demuxer-webm: 4f35f7cbe854078d1ac9338744f61a02 -> 
  custom:container-demuxer-ogg: 62fdf1f143b41e24485cea50d1cbac27 -> 
  custom:video-encoder-webm-vp8: eb34c28f22e8b96e1ab97ce403110664 -> 
  custom:framework-osx-AVFoundation: e770b220cccbd017edd2c1fefb359320 -> 
  custom:video-decoder-webm-vp8: 9c59270c3fd7afecdb556c50c9e8de78 -> 
  custom:audio-decoder-ogg-vorbis: bf7c407c2cedff20999df2af8eb42d56 -> 
  custom:audio-encoder-webm-vorbis: bf7c407c2cedff20999df2af8eb42d56 -> 
========================================================================
Received Prepare
Refreshing native plugins compatible for Editor in 2.02 ms, found 2 plugins.
Preloading 0 native plugins for Editor in 0.00 ms.
Unloading 14 Unused Serialized files (Serialized files now loaded: 0)
System memory in use before: 227.5 MB.
System memory in use after: 227.8 MB.

Unloading 14 unused Assets to reduce memory usage. Loaded Objects now: 3411.
Total: 2.639292 ms (FindLiveObjects: 0.220000 ms CreateObjectMapping: 0.062166 ms MarkObjects: 2.337500 ms  DeleteObjects: 0.019250 ms)

AssetImportParameters requested are different than current active one (requested -> active):
  custom:video-decoder-ogg-theora: a1e56fd34408186e4bbccfd4996cb3dc -> 
  custom:container-muxer-webm: aa71ff27fc2769a1b78a27578f13a17b -> 
  custom:container-demuxer-webm: 4f35f7cbe854078d1ac9338744f61a02 -> 
  custom:container-demuxer-ogg: 62fdf1f143b41e24485cea50d1cbac27 -> 
  custom:video-encoder-webm-vp8: eb34c28f22e8b96e1ab97ce403110664 -> 
  custom:framework-osx-AVFoundation: e770b220cccbd017edd2c1fefb359320 -> 
  custom:video-decoder-webm-vp8: 9c59270c3fd7afecdb556c50c9e8de78 -> 
  custom:audio-decoder-ogg-vorbis: bf7c407c2cedff20999df2af8eb42d56 -> 
  custom:audio-encoder-webm-vorbis: bf7c407c2cedff20999df2af8eb42d56 -> 
