Unity Editor version:    2021.2.5f1 (4ec9a5e799f5)
Branch:                  2021.2/staging
Build type:              Release
Batch mode:              YES
macOS version:           Version 12.1 (Build 21C5039b)
Darwin version:          21.2.0
Architecture:            arm64
Running under Rosetta:   NO
Available memory:        16384 MB
Using pre-set license
Pro License: NO

COMMAND LINE ARGUMENTS:
/Applications/Unity/Hub/Editor/2021.2.5f1/Unity.app/Contents/MacOS/Unity
-adb2
-batchMode
-noUpm
-name
AssetImportWorker0
-projectPath
/Volumes/External/Users/gumlooter/Dropbox/My Mac (mini.local)/Documents/Developer/Unity/Learn/Create with Code/Personal Project
-logFile
Logs/AssetImportWorker0.log
-srvPort
53426
Successfully changed project path to: /Volumes/External/Users/gumlooter/Dropbox/My Mac (mini.local)/Documents/Developer/Unity/Learn/Create with Code/Personal Project
/Volumes/External/Users/gumlooter/Dropbox/My Mac (mini.local)/Documents/Developer/Unity/Learn/Create with Code/Personal Project
[UnityMemory] Configuration Parameters - Can be set up in boot.config
    "memorysetup-bucket-allocator-granularity=16"
    "memorysetup-bucket-allocator-bucket-count=8"
    "memorysetup-bucket-allocator-block-size=33554432"
    "memorysetup-bucket-allocator-block-count=8"
    "memorysetup-main-allocator-block-size=16777216"
    "memorysetup-thread-allocator-block-size=16777216"
    "memorysetup-gfx-main-allocator-block-size=16777216"
    "memorysetup-gfx-thread-allocator-block-size=16777216"
    "memorysetup-cache-allocator-block-size=4194304"
    "memorysetup-typetree-allocator-block-size=2097152"
    "memorysetup-profiler-bucket-allocator-granularity=16"
    "memorysetup-profiler-bucket-allocator-bucket-count=8"
    "memorysetup-profiler-bucket-allocator-block-size=33554432"
    "memorysetup-profiler-bucket-allocator-block-count=8"
    "memorysetup-profiler-allocator-block-size=16777216"
    "memorysetup-profiler-editor-allocator-block-size=1048576"
    "memorysetup-temp-allocator-size-main=16777216"
    "memorysetup-job-temp-allocator-block-size=2097152"
    "memorysetup-job-temp-allocator-block-size-background=1048576"
    "memorysetup-job-temp-allocator-reduction-small-platforms=262144"
    "memorysetup-temp-allocator-size-background-worker=32768"
    "memorysetup-temp-allocator-size-job-worker=262144"
    "memorysetup-temp-allocator-size-preload-manager=33554432"
    "memorysetup-temp-allocator-size-nav-mesh-worker=65536"
    "memorysetup-temp-allocator-size-audio-worker=65536"
    "memorysetup-temp-allocator-size-cloud-worker=32768"
    "memorysetup-temp-allocator-size-gi-baking-worker=262144"
    "memorysetup-temp-allocator-size-gfx=262144"
Refreshing native plugins compatible for Editor in 86.40 ms, found 2 plugins.
Preloading 0 native plugins for Editor in 0.00 ms.
Initialize engine version: 2021.2.5f1 (4ec9a5e799f5)
[Subsystems] Discovering subsystems at path /Applications/Unity/Hub/Editor/2021.2.5f1/Unity.app/Contents/Resources/UnitySubsystems
[Subsystems] Discovering subsystems at path /Volumes/External/Users/gumlooter/Dropbox/My Mac (mini.local)/Documents/Developer/Unity/Learn/Create with Code/Personal Project/Assets
GfxDevice: creating device client; threaded=0; jobified=0
 preferred device: Apple M1 (high power)
Metal devices available: 1
0: Apple M1 (high power)
Using device Apple M1 (high power)
Initializing Metal device caps: Apple M1
Initialize mono
Mono path[0] = '/Applications/Unity/Hub/Editor/2021.2.5f1/Unity.app/Contents/Managed'
Mono path[1] = '/Applications/Unity/Hub/Editor/2021.2.5f1/Unity.app/Contents/MonoBleedingEdge/lib/mono/unityjit-macos'
Mono config path = '/Applications/Unity/Hub/Editor/2021.2.5f1/Unity.app/Contents/MonoBleedingEdge/etc'
Using monoOptions --debugger-agent=transport=dt_socket,embedding=1,server=y,suspend=n,address=127.0.0.1:56780
Begin MonoManager ReloadAssembly
Registering precompiled unity dll's ...
Register platform support module: /Applications/Unity/Hub/Editor/2021.2.5f1/PlaybackEngines/WebGLSupport/UnityEditor.WebGL.Extensions.dll
Register platform support module: /Applications/Unity/Hub/Editor/2021.2.5f1/Unity.app/Contents/PlaybackEngines/MacStandaloneSupport/UnityEditor.OSXStandalone.Extensions.dll
Registered in 0.002363 seconds.
Native extension for OSXStandalone target not found
Native extension for WebGL target not found
Refreshing native plugins compatible for Editor in 73.53 ms, found 2 plugins.
Preloading 0 native plugins for Editor in 0.00 ms.
Mono: successfully reloaded assembly
- Completed reload, in  0.769 seconds
Domain Reload Profiling:
	ReloadAssembly (770ms)
		BeginReloadAssembly (62ms)
			ExecutionOrderSort (0ms)
			DisableScriptedObjects (0ms)
			BackupInstance (0ms)
			ReleaseScriptingObjects (0ms)
			CreateAndSetChildDomain (0ms)
		EndReloadAssembly (651ms)
			LoadAssemblies (63ms)
			RebuildTransferFunctionScriptingTraits (0ms)
			SetupTypeCache (74ms)
			ReleaseScriptCaches (0ms)
			RebuildScriptCaches (23ms)
			SetupLoadedEditorAssemblies (245ms)
				LogAssemblyErrors (0ms)
				InitializePlatformSupportModulesInManaged (8ms)
				SetLoadedEditorAssemblies (0ms)
				RefreshPlugins (74ms)
				BeforeProcessingInitializeOnLoad (1ms)
				ProcessInitializeOnLoadAttributes (124ms)
				ProcessInitializeOnLoadMethodAttributes (38ms)
				AfterProcessingInitializeOnLoad (0ms)
				EditorAssembliesLoaded (0ms)
			ExecutionOrderSort2 (0ms)
			AwakeInstancesAfterBackupRestoration (0ms)
Platform modules already initialized, skipping
Registering precompiled user dll's ...
Registered in 0.012277 seconds.
Begin MonoManager ReloadAssembly
Symbol file LoadedFromMemory doesn't match image /Volumes/External/Users/gumlooter/Dropbox/My Mac (mini.local)/Documents/Developer/Unity/Learn/Create with Code/Personal Project/Library/PackageCache/com.unity.visualscripting@1.7.5/Editor/VisualScripting.Core/Dependencies/YamlDotNet/Unity.VisualScripting.YamlDotNet.dll
Symbol file LoadedFromMemory doesn't match image /Volumes/External/Users/gumlooter/Dropbox/My Mac (mini.local)/Documents/Developer/Unity/Learn/Create with Code/Personal Project/Library/PackageCache/com.unity.visualscripting@1.7.5/Editor/VisualScripting.Core/Dependencies/DotNetZip/Unity.VisualScripting.IonicZip.dll
Native extension for OSXStandalone target not found
Native extension for WebGL target not found
Refreshing native plugins compatible for Editor in 0.52 ms, found 2 plugins.
Preloading 0 native plugins for Editor in 0.00 ms.
Mono: successfully reloaded assembly
- Completed reload, in  0.859 seconds
Domain Reload Profiling:
	ReloadAssembly (860ms)
		BeginReloadAssembly (116ms)
			ExecutionOrderSort (0ms)
			DisableScriptedObjects (3ms)
			BackupInstance (0ms)
			ReleaseScriptingObjects (0ms)
			CreateAndSetChildDomain (14ms)
		EndReloadAssembly (672ms)
			LoadAssemblies (106ms)
			RebuildTransferFunctionScriptingTraits (0ms)
			SetupTypeCache (185ms)
			ReleaseScriptCaches (0ms)
			RebuildScriptCaches (40ms)
			SetupLoadedEditorAssemblies (242ms)
				LogAssemblyErrors (0ms)
				InitializePlatformSupportModulesInManaged (5ms)
				SetLoadedEditorAssemblies (0ms)
				RefreshPlugins (1ms)
				BeforeProcessingInitializeOnLoad (61ms)
				ProcessInitializeOnLoadAttributes (157ms)
				ProcessInitializeOnLoadMethodAttributes (16ms)
				AfterProcessingInitializeOnLoad (1ms)
				EditorAssembliesLoaded (0ms)
			ExecutionOrderSort2 (0ms)
			AwakeInstancesAfterBackupRestoration (2ms)
Platform modules already initialized, skipping
========================================================================
Worker process is ready to serve import requests
Launching external process: /Applications/Unity/Hub/Editor/2021.2.5f1/Unity.app/Contents/Tools/UnityShaderCompiler
Launched and connected shader compiler UnityShaderCompiler after 0.05 seconds
Refreshing native plugins compatible for Editor in 0.40 ms, found 2 plugins.
Preloading 0 native plugins for Editor in 0.00 ms.
Unloading 3212 Unused Serialized files (Serialized files now loaded: 0)
Unloading 26 unused Assets / (95.8 KB). Loaded Objects now: 3668.
Memory consumption went from 224.6 MB to 224.5 MB.
Total: 2.305250 ms (FindLiveObjects: 0.131208 ms CreateObjectMapping: 0.041000 ms MarkObjects: 2.057791 ms  DeleteObjects: 0.074417 ms)

AssetImportParameters requested are different than current active one (requested -> active):
  custom:video-decoder-ogg-theora: a1e56fd34408186e4bbccfd4996cb3dc -> 
  custom:container-muxer-webm: aa71ff27fc2769a1b78a27578f13a17b -> 
  custom:container-demuxer-webm: 4f35f7cbe854078d1ac9338744f61a02 -> 
  custom:video-encoder-webm-vp8: eb34c28f22e8b96e1ab97ce403110664 -> 
  custom:framework-osx-AVFoundation: e770b220cccbd017edd2c1fefb359320 -> 
  custom:audio-encoder-webm-vorbis: bf7c407c2cedff20999df2af8eb42d56 -> 
  custom:container-demuxer-ogg: 62fdf1f143b41e24485cea50d1cbac27 -> 
  custom:video-decoder-webm-vp8: 9c59270c3fd7afecdb556c50c9e8de78 -> 
  custom:audio-decoder-ogg-vorbis: bf7c407c2cedff20999df2af8eb42d56 -> 
========================================================================
Received Import Request.
  Time since last request: 102870.350237 seconds.
  path: Assets/Scenes
  artifactKey: Guid(6ea315d0fd7389c41b19996891e99ae3) Importer(815301076,1909f56bfc062723c751e8b465ee728b)
Start importing Assets/Scenes using Guid(6ea315d0fd7389c41b19996891e99ae3) Importer(815301076,1909f56bfc062723c751e8b465ee728b)  -> (artifact id: 'b8193726cff86800c54781cdc6d54904') in 0.005587 seconds 
========================================================================
Received Import Request.
  Time since last request: 0.000080 seconds.
  path: Assets/Scenes/SampleScene.unity
  artifactKey: Guid(9fc0d4010bbf28b4594072e72b8655ab) Importer(815301076,1909f56bfc062723c751e8b465ee728b)
Start importing Assets/Scenes/SampleScene.unity using Guid(9fc0d4010bbf28b4594072e72b8655ab) Importer(815301076,1909f56bfc062723c751e8b465ee728b)  -> (artifact id: '3cc543865ef8e9a79821693d4970ac2c') in 0.014564 seconds 
========================================================================
Received Import Request.
  Time since last request: 10.001097 seconds.
  path: Assets/Scenes/My Game.unity
  artifactKey: Guid(9fc0d4010bbf28b4594072e72b8655ab) Importer(815301076,1909f56bfc062723c751e8b465ee728b)
Start importing Assets/Scenes/My Game.unity using Guid(9fc0d4010bbf28b4594072e72b8655ab) Importer(815301076,1909f56bfc062723c751e8b465ee728b)  -> (artifact id: 'c27f66358bd6b210b2ee113c478141bf') in 0.005711 seconds 
========================================================================
Received Import Request.
  Time since last request: 319.009451 seconds.
  path: Assets/New Folder
  artifactKey: Guid(8ad75a35ef767494d9d2d8afd04197e3) Importer(815301076,1909f56bfc062723c751e8b465ee728b)
Start importing Assets/New Folder using Guid(8ad75a35ef767494d9d2d8afd04197e3) Importer(815301076,1909f56bfc062723c751e8b465ee728b)  -> (artifact id: '42d2c2b1956a8fca3cc0a948ff5a13a7') in 0.002785 seconds 
========================================================================
Received Import Request.
  Time since last request: 5.443140 seconds.
  path: Assets/Materials
  artifactKey: Guid(8ad75a35ef767494d9d2d8afd04197e3) Importer(815301076,1909f56bfc062723c751e8b465ee728b)
Start importing Assets/Materials using Guid(8ad75a35ef767494d9d2d8afd04197e3) Importer(815301076,1909f56bfc062723c751e8b465ee728b)  -> (artifact id: 'b7d3a6c6f1c7b9b918f5f03caeee4c66') in 0.001114 seconds 
========================================================================
Received Import Request.
  Time since last request: 507.430228 seconds.
  path: Assets/Prefabs
  artifactKey: Guid(d389734101cdf477e9ffe13511d8f9a6) Importer(815301076,1909f56bfc062723c751e8b465ee728b)
Start importing Assets/Prefabs using Guid(d389734101cdf477e9ffe13511d8f9a6) Importer(815301076,1909f56bfc062723c751e8b465ee728b)  -> (artifact id: '57ea77781817054a5a05546df49e28f1') in 0.001587 seconds 
========================================================================
Received Import Request.
  Time since last request: 8.503238 seconds.
  path: Assets/Prefabs/Cat.prefab
  artifactKey: Guid(b4b32fa662eda4bf2a36c530ca54661c) Importer(815301076,1909f56bfc062723c751e8b465ee728b)
Start importing Assets/Prefabs/Cat.prefab using Guid(b4b32fa662eda4bf2a36c530ca54661c) Importer(815301076,1909f56bfc062723c751e8b465ee728b)  -> (artifact id: 'e5c7ad385d8ddeb0d63c0252f0aa1a31') in 0.877237 seconds 
========================================================================
Received Import Request.
  Time since last request: 64.749061 seconds.
  path: Assets/Prefabs/Player.prefab
  artifactKey: Guid(1cbc0aeaa80c246b38b482c2dac3147b) Importer(815301076,1909f56bfc062723c751e8b465ee728b)
Start importing Assets/Prefabs/Player.prefab using Guid(1cbc0aeaa80c246b38b482c2dac3147b) Importer(815301076,1909f56bfc062723c751e8b465ee728b)  -> (artifact id: '390fcf95e5411eefe7decf1da6f9c233') in 0.092428 seconds 
========================================================================
Received Import Request.
  Time since last request: 3.938737 seconds.
  path: Assets/Prefabs/Plane.prefab
  artifactKey: Guid(a43139a316c2c48d4a71b2e9e95436d0) Importer(815301076,1909f56bfc062723c751e8b465ee728b)
Start importing Assets/Prefabs/Plane.prefab using Guid(a43139a316c2c48d4a71b2e9e95436d0) Importer(815301076,1909f56bfc062723c751e8b465ee728b)  -> (artifact id: '58b48afcfd90d909976735743cba5e9a') in 0.017432 seconds 
========================================================================
Received Import Request.
  Time since last request: 63.860030 seconds.
  path: Assets/Prefabs/Cat.prefab
  artifactKey: Guid(b4b32fa662eda4bf2a36c530ca54661c) Importer(815301076,1909f56bfc062723c751e8b465ee728b)
Start importing Assets/Prefabs/Cat.prefab using Guid(b4b32fa662eda4bf2a36c530ca54661c) Importer(815301076,1909f56bfc062723c751e8b465ee728b)  -> (artifact id: '3889a545ef1b7a15545a1cf08a1115fb') in 0.010518 seconds 
========================================================================
Received Import Request.
  Time since last request: 149.233790 seconds.
  path: Assets/Prefabs/Food.prefab
  artifactKey: Guid(b4b32fa662eda4bf2a36c530ca54661c) Importer(815301076,1909f56bfc062723c751e8b465ee728b)
Start importing Assets/Prefabs/Food.prefab using Guid(b4b32fa662eda4bf2a36c530ca54661c) Importer(815301076,1909f56bfc062723c751e8b465ee728b)  -> (artifact id: '60bf538e9e11fc690e7f2be80431ac10') in 0.007693 seconds 
========================================================================
Received Import Request.
  Time since last request: 10.243756 seconds.
  path: Assets/Prefabs/Cat.prefab
  artifactKey: Guid(a1e565a1bbc8643b380d24b3d671343b) Importer(815301076,1909f56bfc062723c751e8b465ee728b)
Start importing Assets/Prefabs/Cat.prefab using Guid(a1e565a1bbc8643b380d24b3d671343b) Importer(815301076,1909f56bfc062723c751e8b465ee728b)  -> (artifact id: '71f82227ae62ba8121a67b9aa65f4482') in 0.006752 seconds 
========================================================================
Received Import Request.
  Time since last request: 100.180154 seconds.
  path: Assets/Prefabs/Cat.prefab
  artifactKey: Guid(a1e565a1bbc8643b380d24b3d671343b) Importer(815301076,1909f56bfc062723c751e8b465ee728b)
Start importing Assets/Prefabs/Cat.prefab using Guid(a1e565a1bbc8643b380d24b3d671343b) Importer(815301076,1909f56bfc062723c751e8b465ee728b)  -> (artifact id: '0037c3724c6e66c0402a0365af44f5e8') in 0.010261 seconds 
========================================================================
Received Import Request.
  Time since last request: 9.361296 seconds.
  path: Assets/Prefabs/Cat.prefab
  artifactKey: Guid(a1e565a1bbc8643b380d24b3d671343b) Importer(815301076,1909f56bfc062723c751e8b465ee728b)
Start importing Assets/Prefabs/Cat.prefab using Guid(a1e565a1bbc8643b380d24b3d671343b) Importer(815301076,1909f56bfc062723c751e8b465ee728b)  -> (artifact id: '221a8ee86dc8b918ea6726e7ea07a267') in 0.076867 seconds 
========================================================================
Received Import Request.
  Time since last request: 4.400729 seconds.
  path: Assets/Prefabs/Cat.prefab
  artifactKey: Guid(a1e565a1bbc8643b380d24b3d671343b) Importer(815301076,1909f56bfc062723c751e8b465ee728b)
Start importing Assets/Prefabs/Cat.prefab using Guid(a1e565a1bbc8643b380d24b3d671343b) Importer(815301076,1909f56bfc062723c751e8b465ee728b)  -> (artifact id: 'e7fc9c486f04f12b4b609669212b0c87') in 0.006378 seconds 
========================================================================
Received Import Request.
  Time since last request: 27.414219 seconds.
  path: Assets
  artifactKey: Guid(00000000000000001000000000000000) Importer(815301076,1909f56bfc062723c751e8b465ee728b)
Start importing Assets using Guid(00000000000000001000000000000000) Importer(815301076,1909f56bfc062723c751e8b465ee728b)  -> (artifact id: '79842766b460edbeab6a34051e857a80') in 0.001402 seconds 
========================================================================
Received Import Request.
  Time since last request: 86.568056 seconds.
  path: Assets/Materials/Blue.mat
  artifactKey: Guid(253520d579d55496eb3f96b82393443b) Importer(815301076,1909f56bfc062723c751e8b465ee728b)
Start importing Assets/Materials/Blue.mat using Guid(253520d579d55496eb3f96b82393443b) Importer(815301076,1909f56bfc062723c751e8b465ee728b)  -> (artifact id: 'a4b7b7c63c7acfbc3a23f74adab29990') in 0.290974 seconds 
========================================================================
Received Import Request.
  Time since last request: 0.000620 seconds.
  path: Assets/Prefabs/Cat.prefab
  artifactKey: Guid(a1e565a1bbc8643b380d24b3d671343b) Importer(815301076,1909f56bfc062723c751e8b465ee728b)
Start importing Assets/Prefabs/Cat.prefab using Guid(a1e565a1bbc8643b380d24b3d671343b) Importer(815301076,1909f56bfc062723c751e8b465ee728b)  -> (artifact id: 'ebc18c75d0624fa369737fdf0eeeabac') in 0.005067 seconds 
========================================================================
Received Import Request.
  Time since last request: 0.000036 seconds.
  path: Assets/Materials/Green.mat
  artifactKey: Guid(13a759c6796bd416e83c98989537136e) Importer(815301076,1909f56bfc062723c751e8b465ee728b)
Start importing Assets/Materials/Green.mat using Guid(13a759c6796bd416e83c98989537136e) Importer(815301076,1909f56bfc062723c751e8b465ee728b)  -> (artifact id: '13c92259eed066850c97ebf1e9e90063') in 0.005657 seconds 
========================================================================
Received Import Request.
  Time since last request: 0.000038 seconds.
  path: Assets/Materials/Red.mat
  artifactKey: Guid(28dfde629880540389cab46842a67753) Importer(815301076,1909f56bfc062723c751e8b465ee728b)
Start importing Assets/Materials/Red.mat using Guid(28dfde629880540389cab46842a67753) Importer(815301076,1909f56bfc062723c751e8b465ee728b)  -> (artifact id: '5cec9488c48c50bce458292ce2c24396') in 0.004701 seconds 
========================================================================
Received Import Request.
  Time since last request: 0.004088 seconds.
  path: Assets/Prefabs/Food.prefab
  artifactKey: Guid(b4b32fa662eda4bf2a36c530ca54661c) Importer(815301076,1909f56bfc062723c751e8b465ee728b)
Start importing Assets/Prefabs/Food.prefab using Guid(b4b32fa662eda4bf2a36c530ca54661c) Importer(815301076,1909f56bfc062723c751e8b465ee728b)  -> (artifact id: '221223ef04d9e9739b6a226540f98bd4') in 0.006034 seconds 
========================================================================
Received Import Request.
  Time since last request: 0.000039 seconds.
  path: Assets/Scenes/My Game.unity
  artifactKey: Guid(9fc0d4010bbf28b4594072e72b8655ab) Importer(815301076,1909f56bfc062723c751e8b465ee728b)
Start importing Assets/Scenes/My Game.unity using Guid(9fc0d4010bbf28b4594072e72b8655ab) Importer(815301076,1909f56bfc062723c751e8b465ee728b)  -> (artifact id: '6aa735a2cdb79bee7dd2f4064fd4e1fb') in 0.001271 seconds 
